2024-05-04T16:46:07.063+0500	INFO	app/main.go:30	Listen: 	{"address": "localhost:5555"}
2024-05-04T17:02:41.922+0500	INFO	app/main.go:41	api gateway service stops
2024-05-04T17:02:41.922+0500	ERROR	app/main.go:32	app run	{"error": "http: Server closed"}
main.main.func1
	/home/abudlaziz/project/go/src/api-gateway/cmd/app/main.go:32
2024-05-04T17:19:17.806+0500	INFO	app/main.go:30	Listen: 	{"address": "localhost:5555"}
2024-05-04T17:27:44.347+0500	INFO	app/main.go:41	api gateway service stops
2024-05-04T17:27:44.347+0500	ERROR	app/main.go:32	app run	{"error": "http: Server closed"}
main.main.func1
	/home/abudlaziz/project/go/src/api-gateway/cmd/app/main.go:32
2024-05-04T17:27:46.074+0500	INFO	app/main.go:30	Listen: 	{"address": "localhost:5555"}
2024-05-04T17:31:08.114+0500	INFO	app/main.go:41	api gateway service stops
2024-05-04T17:31:08.114+0500	ERROR	app/main.go:32	app run	{"error": "http: Server closed"}
main.main.func1
	/home/abudlaziz/project/go/src/api-gateway/cmd/app/main.go:32
2024-05-04T17:31:09.591+0500	INFO	app/main.go:30	Listen: 	{"address": "localhost:5555"}
2024-05-04T17:37:37.545+0500	INFO	app/main.go:41	api gateway service stops
2024-05-04T17:37:37.546+0500	ERROR	app/main.go:32	app run	{"error": "http: Server closed"}
main.main.func1
	/home/abudlaziz/project/go/src/api-gateway/cmd/app/main.go:32
2024-05-04T17:37:39.039+0500	INFO	app/main.go:30	Listen: 	{"address": "localhost:5555"}
2024-05-04T17:39:22.808+0500	INFO	app/main.go:41	api gateway service stops
2024-05-04T17:39:22.809+0500	ERROR	app/main.go:32	app run	{"error": "http: Server closed"}
main.main.func1
	/home/abudlaziz/project/go/src/api-gateway/cmd/app/main.go:32
2024-05-04T17:39:24.340+0500	INFO	app/main.go:30	Listen: 	{"address": "localhost:5555"}
2024-05-05T14:51:37.383+0500	INFO	app/main.go:41	api gateway service stops
2024-05-05T14:51:37.383+0500	ERROR	app/main.go:32	app run	{"error": "http: Server closed"}
main.main.func1
	/home/abudlaziz/project/go/src/api-gateway/cmd/app/main.go:32
2024-05-05T17:07:14.080+0500	INFO	app/main.go:30	Listen: 	{"address": "localhost:5555"}
2024-05-05T17:07:14.080+0500	ERROR	app/main.go:32	app run	{"error": "error while parsing context timeout: time: missing unit in duration \"7\""}
main.main.func1
	/home/abudlaziz/project/go/src/api-gateway/cmd/app/main.go:32
2024-05-05T17:09:17.809+0500	INFO	app/main.go:41	api gateway service stops
2024-05-05T17:09:19.633+0500	INFO	app/main.go:30	Listen: 	{"address": "localhost:5555"}
2024-05-05T17:09:19.633+0500	ERROR	app/main.go:32	app run	{"error": "error while parsing context timeout: time: invalid duration \"\""}
main.main.func1
	/home/abudlaziz/project/go/src/api-gateway/cmd/app/main.go:32
2024-05-05T17:10:57.290+0500	INFO	app/main.go:41	api gateway service stops
2024-05-05T17:11:11.472+0500	INFO	app/main.go:30	Listen: 	{"address": "localhost:5555"}
2024-05-05T17:13:55.321+0500	INFO	app/main.go:41	api gateway service stops
2024-05-05T17:13:55.322+0500	ERROR	app/main.go:32	app run	{"error": "http: Server closed"}
main.main.func1
	/home/abudlaziz/project/go/src/api-gateway/cmd/app/main.go:32
2024-05-05T17:13:56.886+0500	INFO	app/main.go:30	Listen: 	{"address": "localhost:5555"}
2024-05-05T17:19:04.894+0500	INFO	app/main.go:41	api gateway service stops
2024-05-05T17:19:04.894+0500	ERROR	app/main.go:32	app run	{"error": "http: Server closed"}
main.main.func1
	/home/abudlaziz/project/go/src/api-gateway/cmd/app/main.go:32
2024-05-05T17:19:06.633+0500	INFO	app/main.go:30	Listen: 	{"address": "localhost:5555"}
2024-05-05T17:25:05.864+0500	INFO	app/main.go:41	api gateway service stops
2024-05-05T17:25:05.865+0500	ERROR	app/main.go:32	app run	{"error": "http: Server closed"}
main.main.func1
	/home/abudlaziz/project/go/src/api-gateway/cmd/app/main.go:32
2024-05-05T17:25:21.208+0500	INFO	app/main.go:30	Listen: 	{"address": "localhost:5555"}
2024-05-05T17:31:43.006+0500	INFO	app/main.go:41	api gateway service stops
2024-05-05T17:31:43.007+0500	ERROR	app/main.go:32	app run	{"error": "http: Server closed"}
main.main.func1
	/home/abudlaziz/project/go/src/api-gateway/cmd/app/main.go:32
2024-05-05T17:31:51.820+0500	INFO	app/main.go:30	Listen: 	{"address": "localhost:5555"}
2024-05-05T17:37:09.977+0500	INFO	app/main.go:41	api gateway service stops
2024-05-05T17:37:09.978+0500	ERROR	app/main.go:32	app run	{"error": "http: Server closed"}
main.main.func1
	/home/abudlaziz/project/go/src/api-gateway/cmd/app/main.go:32
2024-05-05T17:37:11.513+0500	INFO	app/main.go:30	Listen: 	{"address": "localhost:5555"}
2024-05-05T17:40:23.042+0500	INFO	app/main.go:41	api gateway service stops
2024-05-05T17:40:23.043+0500	ERROR	app/main.go:32	app run	{"error": "http: Server closed"}
main.main.func1
	/home/abudlaziz/project/go/src/api-gateway/cmd/app/main.go:32
2024-05-05T17:40:24.659+0500	INFO	app/main.go:30	Listen: 	{"address": "localhost:5555"}
2024-05-05T17:57:37.198+0500	INFO	app/main.go:41	api gateway service stops
2024-05-05T17:57:37.198+0500	ERROR	app/main.go:32	app run	{"error": "http: Server closed"}
main.main.func1
	/home/abudlaziz/project/go/src/api-gateway/cmd/app/main.go:32
2024-05-05T17:57:51.945+0500	INFO	app/main.go:30	Listen: 	{"address": "localhost:5555"}
2024-05-05T18:17:39.870+0500	INFO	app/main.go:41	api gateway service stops
2024-05-05T18:17:39.870+0500	ERROR	app/main.go:32	app run	{"error": "http: Server closed"}
main.main.func1
	/home/abudlaziz/project/go/src/api-gateway/cmd/app/main.go:32
2024-05-05T18:17:41.539+0500	INFO	app/main.go:30	Listen: 	{"address": "localhost:5555"}
2024-05-05T18:29:54.952+0500	INFO	app/main.go:41	api gateway service stops
2024-05-05T18:29:54.953+0500	ERROR	app/main.go:32	app run	{"error": "http: Server closed"}
main.main.func1
	/home/abudlaziz/project/go/src/api-gateway/cmd/app/main.go:32
2024-05-05T18:29:56.572+0500	INFO	app/main.go:30	Listen: 	{"address": "localhost:5555"}
2024-05-05T18:30:23.193+0500	INFO	app/main.go:41	api gateway service stops
2024-05-05T18:30:23.194+0500	ERROR	app/main.go:32	app run	{"error": "http: Server closed"}
main.main.func1
	/home/abudlaziz/project/go/src/api-gateway/cmd/app/main.go:32
2024-05-05T18:30:31.854+0500	INFO	app/main.go:30	Listen: 	{"address": "localhost:5555"}
2024-05-05T18:32:44.039+0500	INFO	app/main.go:41	api gateway service stops
2024-05-05T18:32:44.039+0500	ERROR	app/main.go:32	app run	{"error": "http: Server closed"}
main.main.func1
	/home/abudlaziz/project/go/src/api-gateway/cmd/app/main.go:32
2024-05-05T18:32:45.617+0500	INFO	app/main.go:30	Listen: 	{"address": "localhost:5555"}
2024-05-05T18:35:09.824+0500	INFO	app/main.go:41	api gateway service stops
2024-05-05T18:35:09.824+0500	ERROR	app/main.go:32	app run	{"error": "http: Server closed"}
main.main.func1
	/home/abudlaziz/project/go/src/api-gateway/cmd/app/main.go:32
2024-05-05T18:35:11.457+0500	INFO	app/main.go:30	Listen: 	{"address": "localhost:5555"}
2024-05-05T18:38:28.882+0500	INFO	app/main.go:41	api gateway service stops
2024-05-05T18:38:28.882+0500	ERROR	app/main.go:32	app run	{"error": "http: Server closed"}
main.main.func1
	/home/abudlaziz/project/go/src/api-gateway/cmd/app/main.go:32
2024-05-05T18:38:30.427+0500	INFO	app/main.go:30	Listen: 	{"address": "localhost:5555"}
2024-05-05T18:45:34.879+0500	INFO	app/main.go:41	api gateway service stops
2024-05-05T18:45:34.879+0500	ERROR	app/main.go:32	app run	{"error": "http: Server closed"}
main.main.func1
	/home/abudlaziz/project/go/src/api-gateway/cmd/app/main.go:32
2024-05-05T18:45:36.561+0500	INFO	app/main.go:30	Listen: 	{"address": "localhost:5555"}
2024-05-05T18:46:29.176+0500	INFO	app/main.go:41	api gateway service stops
2024-05-05T18:46:29.176+0500	ERROR	app/main.go:32	app run	{"error": "http: Server closed"}
main.main.func1
	/home/abudlaziz/project/go/src/api-gateway/cmd/app/main.go:32
2024-05-05T18:47:15.699+0500	INFO	app/main.go:30	Listen: 	{"address": "localhost:5555"}
2024-05-05T18:48:31.240+0500	INFO	app/main.go:41	api gateway service stops
2024-05-05T18:48:31.240+0500	ERROR	app/main.go:32	app run	{"error": "http: Server closed"}
main.main.func1
	/home/abudlaziz/project/go/src/api-gateway/cmd/app/main.go:32
2024-05-05T18:48:32.841+0500	INFO	app/main.go:30	Listen: 	{"address": "localhost:5555"}
2024-05-05T18:49:32.881+0500	INFO	app/main.go:41	api gateway service stops
2024-05-05T18:49:32.881+0500	ERROR	app/main.go:32	app run	{"error": "http: Server closed"}
main.main.func1
	/home/abudlaziz/project/go/src/api-gateway/cmd/app/main.go:32
2024-05-05T18:49:34.473+0500	INFO	app/main.go:30	Listen: 	{"address": "localhost:5555"}
2024-05-05T18:50:34.882+0500	INFO	app/main.go:41	api gateway service stops
2024-05-05T18:50:34.882+0500	ERROR	app/main.go:32	app run	{"error": "http: Server closed"}
main.main.func1
	/home/abudlaziz/project/go/src/api-gateway/cmd/app/main.go:32
2024-05-05T18:50:40.802+0500	INFO	app/main.go:30	Listen: 	{"address": "localhost:5555"}
2024-05-05T18:51:34.055+0500	INFO	app/main.go:41	api gateway service stops
2024-05-05T18:51:34.055+0500	ERROR	app/main.go:32	app run	{"error": "http: Server closed"}
main.main.func1
	/home/abudlaziz/project/go/src/api-gateway/cmd/app/main.go:32
2024-05-05T18:51:35.771+0500	INFO	app/main.go:30	Listen: 	{"address": "localhost:5555"}
2024-05-05T18:52:09.288+0500	INFO	app/main.go:41	api gateway service stops
2024-05-05T18:52:09.288+0500	ERROR	app/main.go:32	app run	{"error": "http: Server closed"}
main.main.func1
	/home/abudlaziz/project/go/src/api-gateway/cmd/app/main.go:32
2024-05-05T18:52:10.940+0500	INFO	app/main.go:30	Listen: 	{"address": "localhost:5555"}
2024-05-05T18:52:57.332+0500	INFO	app/main.go:41	api gateway service stops
2024-05-05T18:52:57.332+0500	ERROR	app/main.go:32	app run	{"error": "http: Server closed"}
main.main.func1
	/home/abudlaziz/project/go/src/api-gateway/cmd/app/main.go:32
2024-05-05T18:53:04.544+0500	INFO	app/main.go:30	Listen: 	{"address": "localhost:5555"}
2024-05-05T18:53:43.909+0500	INFO	app/main.go:41	api gateway service stops
2024-05-05T18:53:43.910+0500	ERROR	app/main.go:32	app run	{"error": "http: Server closed"}
main.main.func1
	/home/abudlaziz/project/go/src/api-gateway/cmd/app/main.go:32
2024-05-05T18:53:45.521+0500	INFO	app/main.go:30	Listen: 	{"address": "localhost:5555"}
2024-05-05T18:57:26.716+0500	INFO	app/main.go:41	api gateway service stops
2024-05-05T18:57:26.717+0500	ERROR	app/main.go:32	app run	{"error": "http: Server closed"}
main.main.func1
	/home/abudlaziz/project/go/src/api-gateway/cmd/app/main.go:32
2024-05-05T18:57:28.383+0500	INFO	app/main.go:30	Listen: 	{"address": "localhost:5555"}
2024-05-05T18:58:16.341+0500	INFO	app/main.go:41	api gateway service stops
2024-05-05T18:58:16.341+0500	ERROR	app/main.go:32	app run	{"error": "http: Server closed"}
main.main.func1
	/home/abudlaziz/project/go/src/api-gateway/cmd/app/main.go:32
2024-05-05T18:58:18.128+0500	INFO	app/main.go:30	Listen: 	{"address": "localhost:5555"}
2024-05-05T19:00:01.742+0500	INFO	app/main.go:41	api gateway service stops
2024-05-05T19:00:01.742+0500	ERROR	app/main.go:32	app run	{"error": "http: Server closed"}
main.main.func1
	/home/abudlaziz/project/go/src/api-gateway/cmd/app/main.go:32
2024-05-05T19:00:03.414+0500	INFO	app/main.go:30	Listen: 	{"address": "localhost:5555"}
2024-05-05T19:09:02.572+0500	INFO	app/main.go:41	api gateway service stops
2024-05-05T19:09:02.573+0500	ERROR	app/main.go:32	app run	{"error": "http: Server closed"}
main.main.func1
	/home/abudlaziz/project/go/src/api-gateway/cmd/app/main.go:32
2024-05-05T19:09:04.444+0500	INFO	app/main.go:30	Listen: 	{"address": "localhost:5555"}
2024-05-05T19:09:28.905+0500	INFO	app/main.go:41	api gateway service stops
2024-05-05T19:09:28.905+0500	ERROR	app/main.go:32	app run	{"error": "http: Server closed"}
main.main.func1
	/home/abudlaziz/project/go/src/api-gateway/cmd/app/main.go:32
2024-05-05T19:09:30.477+0500	INFO	app/main.go:30	Listen: 	{"address": "localhost:5555"}
2024-05-05T19:10:14.203+0500	INFO	app/main.go:41	api gateway service stops
2024-05-05T19:10:14.203+0500	ERROR	app/main.go:32	app run	{"error": "http: Server closed"}
main.main.func1
	/home/abudlaziz/project/go/src/api-gateway/cmd/app/main.go:32
2024-05-05T19:10:15.952+0500	INFO	app/main.go:30	Listen: 	{"address": "localhost:5555"}
2024-05-05T19:13:25.588+0500	INFO	app/main.go:41	api gateway service stops
2024-05-05T19:13:25.589+0500	ERROR	app/main.go:32	app run	{"error": "http: Server closed"}
main.main.func1
	/home/abudlaziz/project/go/src/api-gateway/cmd/app/main.go:32
2024-05-05T19:13:27.451+0500	INFO	app/main.go:30	Listen: 	{"address": "localhost:5555"}
2024-05-05T19:14:30.204+0500	INFO	app/main.go:41	api gateway service stops
2024-05-05T19:14:30.204+0500	ERROR	app/main.go:32	app run	{"error": "http: Server closed"}
main.main.func1
	/home/abudlaziz/project/go/src/api-gateway/cmd/app/main.go:32
2024-05-05T19:14:31.770+0500	INFO	app/main.go:30	Listen: 	{"address": "localhost:5555"}
2024-05-05T19:24:08.440+0500	INFO	app/main.go:41	api gateway service stops
2024-05-05T19:24:08.442+0500	ERROR	app/main.go:32	app run	{"error": "http: Server closed"}
main.main.func1
	/home/abudlaziz/project/go/src/api-gateway/cmd/app/main.go:32
2024-05-05T19:24:26.713+0500	INFO	app/main.go:30	Listen: 	{"address": "localhost:5555"}
2024-05-05T19:27:07.462+0500	INFO	app/main.go:41	api gateway service stops
2024-05-05T19:27:07.462+0500	ERROR	app/main.go:32	app run	{"error": "http: Server closed"}
main.main.func1
	/home/abudlaziz/project/go/src/api-gateway/cmd/app/main.go:32
2024-05-05T19:27:09.169+0500	INFO	app/main.go:30	Listen: 	{"address": "localhost:5555"}
2024-05-05T19:33:48.968+0500	INFO	app/main.go:41	api gateway service stops
2024-05-05T19:33:48.968+0500	ERROR	app/main.go:32	app run	{"error": "http: Server closed"}
main.main.func1
	/home/abudlaziz/project/go/src/api-gateway/cmd/app/main.go:32
2024-05-05T19:33:50.720+0500	INFO	app/main.go:30	Listen: 	{"address": "localhost:5555"}
2024-05-05T20:10:25.171+0500	INFO	app/main.go:41	api gateway service stops
2024-05-05T20:10:25.172+0500	ERROR	app/main.go:32	app run	{"error": "http: Server closed"}
main.main.func1
	/home/abudlaziz/project/go/src/api-gateway/cmd/app/main.go:32
2024-05-05T20:47:38.669+0500	INFO	app/main.go:30	Listen: 	{"address": "localhost:5555"}
2024-05-05T20:55:37.958+0500	INFO	app/main.go:41	api gateway service stops
2024-05-05T20:55:37.958+0500	ERROR	app/main.go:32	app run	{"error": "http: Server closed"}
main.main.func1
	/home/abudlaziz/project/go/src/api-gateway/cmd/app/main.go:32
2024-05-05T20:55:39.568+0500	INFO	app/main.go:30	Listen: 	{"address": "localhost:5555"}
2024-05-05T21:02:23.720+0500	INFO	app/main.go:41	api gateway service stops
2024-05-05T21:02:23.720+0500	ERROR	app/main.go:32	app run	{"error": "http: Server closed"}
main.main.func1
	/home/abudlaziz/project/go/src/api-gateway/cmd/app/main.go:32
2024-05-05T21:02:25.382+0500	INFO	app/main.go:30	Listen: 	{"address": "localhost:5555"}
2024-05-05T21:05:46.197+0500	INFO	app/main.go:41	api gateway service stops
2024-05-05T21:05:46.198+0500	ERROR	app/main.go:32	app run	{"error": "http: Server closed"}
main.main.func1
	/home/abudlaziz/project/go/src/api-gateway/cmd/app/main.go:32
2024-05-06T11:17:06.937+0500	INFO	app/main.go:30	Listen: 	{"address": "localhost:5555"}
2024-05-06T11:21:02.339+0500	INFO	app/main.go:41	api gateway service stops
2024-05-06T11:21:02.339+0500	ERROR	app/main.go:32	app run	{"error": "http: Server closed"}
main.main.func1
	/home/abudlaziz/project/go/src/api-gateway/cmd/app/main.go:32
2024-05-06T11:21:04.120+0500	INFO	app/main.go:30	Listen: 	{"address": "localhost:5555"}
2024-05-06T11:23:40.018+0500	INFO	app/main.go:41	api gateway service stops
2024-05-06T11:23:40.018+0500	ERROR	app/main.go:32	app run	{"error": "http: Server closed"}
main.main.func1
	/home/abudlaziz/project/go/src/api-gateway/cmd/app/main.go:32
2024-05-06T11:23:41.758+0500	INFO	app/main.go:30	Listen: 	{"address": "localhost:5555"}
2024-05-06T11:25:24.340+0500	INFO	app/main.go:41	api gateway service stops
2024-05-06T11:25:24.341+0500	ERROR	app/main.go:32	app run	{"error": "http: Server closed"}
main.main.func1
	/home/abudlaziz/project/go/src/api-gateway/cmd/app/main.go:32
2024-05-06T11:25:25.919+0500	INFO	app/main.go:30	Listen: 	{"address": "localhost:5555"}
2024-05-06T11:27:38.543+0500	INFO	app/main.go:41	api gateway service stops
2024-05-06T11:27:38.544+0500	ERROR	app/main.go:32	app run	{"error": "http: Server closed"}
main.main.func1
	/home/abudlaziz/project/go/src/api-gateway/cmd/app/main.go:32
2024-05-06T11:27:59.454+0500	INFO	app/main.go:30	Listen: 	{"address": "localhost:5555"}
2024-05-06T11:28:41.465+0500	INFO	app/main.go:41	api gateway service stops
2024-05-06T11:28:41.465+0500	ERROR	app/main.go:32	app run	{"error": "http: Server closed"}
main.main.func1
	/home/abudlaziz/project/go/src/api-gateway/cmd/app/main.go:32
2024-05-06T11:28:43.042+0500	INFO	app/main.go:30	Listen: 	{"address": "localhost:5555"}
2024-05-06T11:30:49.663+0500	INFO	app/main.go:41	api gateway service stops
2024-05-06T11:30:49.664+0500	ERROR	app/main.go:32	app run	{"error": "http: Server closed"}
main.main.func1
	/home/abudlaziz/project/go/src/api-gateway/cmd/app/main.go:32
2024-05-06T11:30:51.087+0500	INFO	app/main.go:30	Listen: 	{"address": "localhost:5555"}
2024-05-06T11:31:25.637+0500	INFO	app/main.go:41	api gateway service stops
2024-05-06T11:31:25.638+0500	ERROR	app/main.go:32	app run	{"error": "http: Server closed"}
main.main.func1
	/home/abudlaziz/project/go/src/api-gateway/cmd/app/main.go:32
2024-05-06T11:31:27.088+0500	INFO	app/main.go:30	Listen: 	{"address": "localhost:5555"}
2024-05-06T11:32:06.101+0500	INFO	app/main.go:41	api gateway service stops
2024-05-06T11:32:06.102+0500	ERROR	app/main.go:32	app run	{"error": "http: Server closed"}
main.main.func1
	/home/abudlaziz/project/go/src/api-gateway/cmd/app/main.go:32
2024-05-06T11:32:07.548+0500	INFO	app/main.go:30	Listen: 	{"address": "localhost:5555"}
2024-05-06T11:32:27.893+0500	INFO	app/main.go:41	api gateway service stops
2024-05-06T11:32:27.893+0500	ERROR	app/main.go:32	app run	{"error": "http: Server closed"}
main.main.func1
	/home/abudlaziz/project/go/src/api-gateway/cmd/app/main.go:32
2024-05-06T11:32:29.338+0500	INFO	app/main.go:30	Listen: 	{"address": "localhost:5555"}
2024-05-06T11:36:12.321+0500	INFO	app/main.go:41	api gateway service stops
2024-05-06T11:36:12.322+0500	ERROR	app/main.go:32	app run	{"error": "http: Server closed"}
main.main.func1
	/home/abudlaziz/project/go/src/api-gateway/cmd/app/main.go:32
2024-05-06T11:36:13.875+0500	INFO	app/main.go:30	Listen: 	{"address": "localhost:5555"}
2024-05-06T11:48:57.516+0500	INFO	app/main.go:41	api gateway service stops
2024-05-06T11:48:57.517+0500	ERROR	app/main.go:32	app run	{"error": "http: Server closed"}
main.main.func1
	/home/abudlaziz/project/go/src/api-gateway/cmd/app/main.go:32
2024-05-06T11:48:59.126+0500	INFO	app/main.go:30	Listen: 	{"address": "localhost:5555"}
2024-05-06T11:56:01.127+0500	INFO	app/main.go:41	api gateway service stops
2024-05-06T11:56:01.127+0500	ERROR	app/main.go:32	app run	{"error": "http: Server closed"}
main.main.func1
	/home/abudlaziz/project/go/src/api-gateway/cmd/app/main.go:32
2024-05-06T11:56:02.720+0500	INFO	app/main.go:30	Listen: 	{"address": "localhost:5555"}
2024-05-06T12:00:03.097+0500	INFO	app/main.go:41	api gateway service stops
2024-05-06T12:00:03.097+0500	ERROR	app/main.go:32	app run	{"error": "http: Server closed"}
main.main.func1
	/home/abudlaziz/project/go/src/api-gateway/cmd/app/main.go:32
2024-05-06T12:01:52.259+0500	INFO	app/main.go:30	Listen: 	{"address": "localhost:5555"}
2024-05-06T12:11:53.282+0500	INFO	app/main.go:41	api gateway service stops
2024-05-06T12:11:53.282+0500	ERROR	app/main.go:32	app run	{"error": "http: Server closed"}
main.main.func1
	/home/abudlaziz/project/go/src/api-gateway/cmd/app/main.go:32
2024-05-06T12:11:54.799+0500	INFO	app/main.go:30	Listen: 	{"address": "localhost:5555"}
2024-05-06T12:26:16.859+0500	INFO	app/main.go:41	api gateway service stops
2024-05-06T12:26:16.859+0500	ERROR	app/main.go:32	app run	{"error": "http: Server closed"}
main.main.func1
	/home/abudlaziz/project/go/src/api-gateway/cmd/app/main.go:32
2024-05-06T12:26:18.417+0500	INFO	app/main.go:30	Listen: 	{"address": "localhost:5555"}
2024-05-06T12:44:04.106+0500	INFO	app/main.go:41	api gateway service stops
2024-05-06T12:44:04.107+0500	ERROR	app/main.go:32	app run	{"error": "http: Server closed"}
main.main.func1
	/home/abudlaziz/project/go/src/api-gateway/cmd/app/main.go:32
2024-05-06T12:44:13.965+0500	INFO	app/main.go:30	Listen: 	{"address": "localhost:5555"}
2024-05-06T13:14:03.274+0500	INFO	app/main.go:41	api gateway service stops
2024-05-06T13:14:03.275+0500	ERROR	app/main.go:32	app run	{"error": "http: Server closed"}
main.main.func1
	/home/abudlaziz/project/go/src/api-gateway/cmd/app/main.go:32
2024-05-06T13:14:04.947+0500	INFO	app/main.go:30	Listen: 	{"address": "localhost:5555"}
2024-05-06T13:22:56.012+0500	INFO	app/main.go:41	api gateway service stops
2024-05-06T13:22:56.015+0500	ERROR	app/main.go:32	app run	{"error": "http: Server closed"}
main.main.func1
	/home/abudlaziz/project/go/src/api-gateway/cmd/app/main.go:32
2024-05-06T13:22:57.818+0500	INFO	app/main.go:30	Listen: 	{"address": "localhost:5555"}
2024-05-06T13:50:09.395+0500	INFO	app/main.go:41	api gateway service stops
2024-05-06T13:50:09.395+0500	ERROR	app/main.go:32	app run	{"error": "http: Server closed"}
main.main.func1
	/home/abudlaziz/project/go/src/api-gateway/cmd/app/main.go:32
2024-05-06T13:50:25.301+0500	INFO	app/main.go:30	Listen: 	{"address": "localhost:5555"}
2024-05-06T14:00:53.580+0500	INFO	app/main.go:41	api gateway service stops
2024-05-06T14:00:53.581+0500	ERROR	app/main.go:32	app run	{"error": "http: Server closed"}
main.main.func1
	/home/abudlaziz/project/go/src/api-gateway/cmd/app/main.go:32
2024-05-06T14:00:57.632+0500	INFO	app/main.go:30	Listen: 	{"address": "localhost:5555"}
2024-05-06T14:01:34.332+0500	INFO	app/main.go:41	api gateway service stops
2024-05-06T14:01:34.333+0500	ERROR	app/main.go:32	app run	{"error": "http: Server closed"}
main.main.func1
	/home/abudlaziz/project/go/src/api-gateway/cmd/app/main.go:32
2024-05-06T14:01:36.040+0500	INFO	app/main.go:30	Listen: 	{"address": "localhost:5555"}
2024-05-06T14:41:24.702+0500	INFO	app/main.go:41	api gateway service stops
2024-05-06T14:41:24.705+0500	ERROR	app/main.go:32	app run	{"error": "http: Server closed"}
main.main.func1
	/home/abudlaziz/project/go/src/api-gateway/cmd/app/main.go:32
2024-05-06T14:41:26.296+0500	INFO	app/main.go:30	Listen: 	{"address": "localhost:5555"}
2024-05-06T14:41:27.928+0500	INFO	app/main.go:41	api gateway service stops
2024-05-06T14:41:27.929+0500	ERROR	app/main.go:32	app run	{"error": "http: Server closed"}
main.main.func1
	/home/abudlaziz/project/go/src/api-gateway/cmd/app/main.go:32
2024-05-06T14:50:22.758+0500	INFO	app/main.go:30	Listen: 	{"address": "localhost:5555"}
2024-05-06T14:50:30.841+0500	INFO	app/main.go:41	api gateway service stops
2024-05-06T14:50:30.842+0500	ERROR	app/main.go:32	app run	{"error": "http: Server closed"}
main.main.func1
	/home/abudlaziz/project/go/src/api-gateway/cmd/app/main.go:32
2024-05-06T14:56:02.515+0500	INFO	app/main.go:30	Listen: 	{"address": "localhost:5555"}
2024-05-06T15:00:22.984+0500	INFO	app/main.go:41	api gateway service stops
2024-05-06T15:00:22.985+0500	ERROR	app/main.go:32	app run	{"error": "http: Server closed"}
main.main.func1
	/home/abudlaziz/project/go/src/api-gateway/cmd/app/main.go:32
2024-05-06T15:00:24.614+0500	INFO	app/main.go:30	Listen: 	{"address": "localhost:5555"}
2024-05-06T15:01:00.451+0500	INFO	app/main.go:41	api gateway service stops
2024-05-06T15:01:00.451+0500	ERROR	app/main.go:32	app run	{"error": "http: Server closed"}
main.main.func1
	/home/abudlaziz/project/go/src/api-gateway/cmd/app/main.go:32
2024-05-06T15:01:02.159+0500	INFO	app/main.go:30	Listen: 	{"address": "localhost:5555"}
2024-05-06T15:06:33.246+0500	INFO	app/main.go:41	api gateway service stops
2024-05-06T15:06:33.247+0500	ERROR	app/main.go:32	app run	{"error": "http: Server closed"}
main.main.func1
	/home/abudlaziz/project/go/src/api-gateway/cmd/app/main.go:32
2024-05-06T15:06:38.177+0500	INFO	app/main.go:30	Listen: 	{"address": "localhost:5555"}
2024-05-06T15:16:59.816+0500	INFO	app/main.go:41	api gateway service stops
2024-05-06T15:16:59.816+0500	ERROR	app/main.go:32	app run	{"error": "http: Server closed"}
main.main.func1
	/home/abudlaziz/project/go/src/api-gateway/cmd/app/main.go:32
2024-05-06T15:17:01.381+0500	INFO	app/main.go:30	Listen: 	{"address": "localhost:5555"}
2024-05-06T15:19:14.966+0500	INFO	app/main.go:41	api gateway service stops
2024-05-06T15:19:14.966+0500	ERROR	app/main.go:32	app run	{"error": "http: Server closed"}
main.main.func1
	/home/abudlaziz/project/go/src/api-gateway/cmd/app/main.go:32
2024-05-06T15:19:21.461+0500	INFO	app/main.go:30	Listen: 	{"address": "localhost:5555"}
2024-05-06T15:19:57.769+0500	INFO	app/main.go:41	api gateway service stops
2024-05-06T15:19:57.770+0500	ERROR	app/main.go:32	app run	{"error": "http: Server closed"}
main.main.func1
	/home/abudlaziz/project/go/src/api-gateway/cmd/app/main.go:32
2024-05-06T15:19:59.617+0500	INFO	app/main.go:30	Listen: 	{"address": "localhost:5555"}
2024-05-06T15:30:58.372+0500	INFO	app/main.go:41	api gateway service stops
2024-05-06T15:30:58.372+0500	ERROR	app/main.go:32	app run	{"error": "http: Server closed"}
main.main.func1
	/home/abudlaziz/project/go/src/api-gateway/cmd/app/main.go:32
2024-05-06T15:31:03.081+0500	INFO	app/main.go:30	Listen: 	{"address": "localhost:5555"}
2024-05-06T15:35:38.097+0500	INFO	app/main.go:41	api gateway service stops
2024-05-06T15:35:38.098+0500	ERROR	app/main.go:32	app run	{"error": "http: Server closed"}
main.main.func1
	/home/abudlaziz/project/go/src/api-gateway/cmd/app/main.go:32
2024-05-06T15:35:39.790+0500	INFO	app/main.go:30	Listen: 	{"address": "localhost:5555"}
2024-05-06T15:37:56.253+0500	INFO	app/main.go:41	api gateway service stops
2024-05-06T15:37:56.254+0500	ERROR	app/main.go:32	app run	{"error": "http: Server closed"}
main.main.func1
	/home/abudlaziz/project/go/src/api-gateway/cmd/app/main.go:32
2024-05-06T15:37:57.904+0500	INFO	app/main.go:30	Listen: 	{"address": "localhost:5555"}
2024-05-06T15:38:29.060+0500	INFO	app/main.go:41	api gateway service stops
2024-05-06T15:38:29.060+0500	ERROR	app/main.go:32	app run	{"error": "http: Server closed"}
main.main.func1
	/home/abudlaziz/project/go/src/api-gateway/cmd/app/main.go:32
2024-05-06T15:38:30.621+0500	INFO	app/main.go:30	Listen: 	{"address": "localhost:5555"}
2024-05-06T16:53:19.742+0500	INFO	app/main.go:41	api gateway service stops
2024-05-06T16:53:19.742+0500	ERROR	app/main.go:32	app run	{"error": "http: Server closed"}
main.main.func1
	/home/abudlaziz/project/go/src/api-gateway/cmd/app/main.go:32
2024-05-06T16:56:09.436+0500	INFO	app/main.go:30	Listen: 	{"address": "localhost:5555"}
2024-05-06T16:56:24.915+0500	INFO	app/main.go:41	api gateway service stops
2024-05-06T16:56:24.915+0500	ERROR	app/main.go:32	app run	{"error": "http: Server closed"}
main.main.func1
	/home/abudlaziz/project/go/src/api-gateway/cmd/app/main.go:32
2024-05-06T16:56:26.614+0500	INFO	app/main.go:30	Listen: 	{"address": "localhost:5555"}
2024-05-06T16:59:50.147+0500	INFO	app/main.go:41	api gateway service stops
2024-05-06T16:59:50.148+0500	ERROR	app/main.go:32	app run	{"error": "http: Server closed"}
main.main.func1
	/home/abudlaziz/project/go/src/api-gateway/cmd/app/main.go:32
2024-05-06T16:59:52.596+0500	INFO	app/main.go:30	Listen: 	{"address": "localhost:5555"}
2024-05-06T16:59:53.462+0500	INFO	app/main.go:41	api gateway service stops
2024-05-06T16:59:53.463+0500	ERROR	app/main.go:32	app run	{"error": "http: Server closed"}
main.main.func1
	/home/abudlaziz/project/go/src/api-gateway/cmd/app/main.go:32
2024-05-06T18:50:32.334+0500	INFO	app/main.go:30	Listen: 	{"address": "localhost:5555"}
2024-05-06T20:07:03.131+0500	INFO	app/main.go:41	api gateway service stops
2024-05-06T20:07:03.132+0500	ERROR	app/main.go:32	app run	{"error": "http: Server closed"}
main.main.func1
	/home/abudlaziz/project/go/src/clothes/api-gateway/cmd/app/main.go:32
2024-05-06T20:07:09.375+0500	INFO	app/main.go:30	Listen: 	{"address": "localhost:5555"}
2024-05-06T21:09:30.930+0500	INFO	app/main.go:41	api gateway service stops
2024-05-06T21:09:30.930+0500	ERROR	app/main.go:32	app run	{"error": "http: Server closed"}
main.main.func1
	/home/abudlaziz/project/go/src/clothes/api-gateway/cmd/app/main.go:32
2024-05-06T21:09:38.642+0500	INFO	app/main.go:30	Listen: 	{"address": "localhost:5555"}
2024-05-06T21:10:12.660+0500	INFO	app/main.go:41	api gateway service stops
2024-05-06T21:10:12.661+0500	ERROR	app/main.go:32	app run	{"error": "http: Server closed"}
main.main.func1
	/home/abudlaziz/project/go/src/clothes/api-gateway/cmd/app/main.go:32
