2024-05-15T12:15:10.207+0500	INFO	app/app.go:85	gRPC Server Listening	{"url": ":3333"}
2024-05-15T12:45:36.402+0500	INFO	app/main.go:34	Product service stops !
2024-05-15T19:31:15.761+0500	INFO	app/app.go:85	gRPC Server Listening	{"url": ":3333"}
2024-05-15T19:32:21.013+0500	ERROR	services/basket.go:30	productUseCase.CreateBasket	{"error": "ERROR: insert or update on table \"baskets\" violates foreign key constraint \"baskets_product_id_fkey\" (SQLSTATE 23503)"}
product-service/internal/delivery/grpc/services.(*productRPC).SaveToBasket
	/home/abudlaziz/project/go/src/clothes/product-service/internal/delivery/grpc/services/basket.go:30
product-service/genproto/product_service._ProductService_SaveToBasket_Handler
	/home/abudlaziz/project/go/src/clothes/product-service/genproto/product_service/product_service.pb.go:1163
google.golang.org/grpc.(*Server).processUnaryRPC
	/home/abudlaziz/project/go/pkg/mod/google.golang.org/grpc@v1.63.2/server.go:1369
google.golang.org/grpc.(*Server).handleStream
	/home/abudlaziz/project/go/pkg/mod/google.golang.org/grpc@v1.63.2/server.go:1780
google.golang.org/grpc.(*Server).serveStreams.func2.1
	/home/abudlaziz/project/go/pkg/mod/google.golang.org/grpc@v1.63.2/server.go:1019
2024-05-15T20:02:31.483+0500	ERROR	services/basket.go:39	productUseCase.GetProductByID	{"error": "ERROR: column \"star\" does not exist (SQLSTATE 42703)"}
product-service/internal/delivery/grpc/services.(*productRPC).GetBasketProduct
	/home/abudlaziz/project/go/src/clothes/product-service/internal/delivery/grpc/services/basket.go:39
product-service/genproto/product_service._ProductService_GetBasketProduct_Handler
	/home/abudlaziz/project/go/src/clothes/product-service/genproto/product_service/product_service.pb.go:1217
google.golang.org/grpc.(*Server).processUnaryRPC
	/home/abudlaziz/project/go/pkg/mod/google.golang.org/grpc@v1.63.2/server.go:1369
google.golang.org/grpc.(*Server).handleStream
	/home/abudlaziz/project/go/pkg/mod/google.golang.org/grpc@v1.63.2/server.go:1780
google.golang.org/grpc.(*Server).serveStreams.func2.1
	/home/abudlaziz/project/go/pkg/mod/google.golang.org/grpc@v1.63.2/server.go:1019
2024-05-15T20:05:50.806+0500	ERROR	services/basket.go:39	productUseCase.GetProductByID	{"error": "ERROR: column \"star\" does not exist (SQLSTATE 42703)"}
product-service/internal/delivery/grpc/services.(*productRPC).GetBasketProduct
	/home/abudlaziz/project/go/src/clothes/product-service/internal/delivery/grpc/services/basket.go:39
product-service/genproto/product_service._ProductService_GetBasketProduct_Handler
	/home/abudlaziz/project/go/src/clothes/product-service/genproto/product_service/product_service.pb.go:1217
google.golang.org/grpc.(*Server).processUnaryRPC
	/home/abudlaziz/project/go/pkg/mod/google.golang.org/grpc@v1.63.2/server.go:1369
google.golang.org/grpc.(*Server).handleStream
	/home/abudlaziz/project/go/pkg/mod/google.golang.org/grpc@v1.63.2/server.go:1780
google.golang.org/grpc.(*Server).serveStreams.func2.1
	/home/abudlaziz/project/go/pkg/mod/google.golang.org/grpc@v1.63.2/server.go:1019
2024-05-15T20:06:46.594+0500	ERROR	services/basket.go:39	productUseCase.GetProductByID	{"error": "ERROR: column \"star\" does not exist (SQLSTATE 42703)"}
product-service/internal/delivery/grpc/services.(*productRPC).GetBasketProduct
	/home/abudlaziz/project/go/src/clothes/product-service/internal/delivery/grpc/services/basket.go:39
product-service/genproto/product_service._ProductService_GetBasketProduct_Handler
	/home/abudlaziz/project/go/src/clothes/product-service/genproto/product_service/product_service.pb.go:1217
google.golang.org/grpc.(*Server).processUnaryRPC
	/home/abudlaziz/project/go/pkg/mod/google.golang.org/grpc@v1.63.2/server.go:1369
google.golang.org/grpc.(*Server).handleStream
	/home/abudlaziz/project/go/pkg/mod/google.golang.org/grpc@v1.63.2/server.go:1780
google.golang.org/grpc.(*Server).serveStreams.func2.1
	/home/abudlaziz/project/go/pkg/mod/google.golang.org/grpc@v1.63.2/server.go:1019
2024-05-15T20:07:56.247+0500	ERROR	services/basket.go:39	productUseCase.GetProductByID	{"error": "ERROR: column \"star\" does not exist (SQLSTATE 42703)"}
product-service/internal/delivery/grpc/services.(*productRPC).GetBasketProduct
	/home/abudlaziz/project/go/src/clothes/product-service/internal/delivery/grpc/services/basket.go:39
product-service/genproto/product_service._ProductService_GetBasketProduct_Handler
	/home/abudlaziz/project/go/src/clothes/product-service/genproto/product_service/product_service.pb.go:1217
google.golang.org/grpc.(*Server).processUnaryRPC
	/home/abudlaziz/project/go/pkg/mod/google.golang.org/grpc@v1.63.2/server.go:1369
google.golang.org/grpc.(*Server).handleStream
	/home/abudlaziz/project/go/pkg/mod/google.golang.org/grpc@v1.63.2/server.go:1780
google.golang.org/grpc.(*Server).serveStreams.func2.1
	/home/abudlaziz/project/go/pkg/mod/google.golang.org/grpc@v1.63.2/server.go:1019
2024-05-15T20:21:51.894+0500	ERROR	services/basket.go:39	productUseCase.GetProductByID	{"error": "ERROR: column \"star\" does not exist (SQLSTATE 42703)"}
product-service/internal/delivery/grpc/services.(*productRPC).GetBasketProduct
	/home/abudlaziz/project/go/src/clothes/product-service/internal/delivery/grpc/services/basket.go:39
product-service/genproto/product_service._ProductService_GetBasketProduct_Handler
	/home/abudlaziz/project/go/src/clothes/product-service/genproto/product_service/product_service.pb.go:1217
google.golang.org/grpc.(*Server).processUnaryRPC
	/home/abudlaziz/project/go/pkg/mod/google.golang.org/grpc@v1.63.2/server.go:1369
google.golang.org/grpc.(*Server).handleStream
	/home/abudlaziz/project/go/pkg/mod/google.golang.org/grpc@v1.63.2/server.go:1780
google.golang.org/grpc.(*Server).serveStreams.func2.1
	/home/abudlaziz/project/go/pkg/mod/google.golang.org/grpc@v1.63.2/server.go:1019
2024-05-15T20:21:52.060+0500	ERROR	services/basket.go:39	productUseCase.GetProductByID	{"error": "ERROR: column \"star\" does not exist (SQLSTATE 42703)"}
product-service/internal/delivery/grpc/services.(*productRPC).GetBasketProduct
	/home/abudlaziz/project/go/src/clothes/product-service/internal/delivery/grpc/services/basket.go:39
product-service/genproto/product_service._ProductService_GetBasketProduct_Handler
	/home/abudlaziz/project/go/src/clothes/product-service/genproto/product_service/product_service.pb.go:1217
google.golang.org/grpc.(*Server).processUnaryRPC
	/home/abudlaziz/project/go/pkg/mod/google.golang.org/grpc@v1.63.2/server.go:1369
google.golang.org/grpc.(*Server).handleStream
	/home/abudlaziz/project/go/pkg/mod/google.golang.org/grpc@v1.63.2/server.go:1780
google.golang.org/grpc.(*Server).serveStreams.func2.1
	/home/abudlaziz/project/go/pkg/mod/google.golang.org/grpc@v1.63.2/server.go:1019
2024-05-15T20:21:52.278+0500	ERROR	services/basket.go:39	productUseCase.GetProductByID	{"error": "ERROR: column \"star\" does not exist (SQLSTATE 42703)"}
product-service/internal/delivery/grpc/services.(*productRPC).GetBasketProduct
	/home/abudlaziz/project/go/src/clothes/product-service/internal/delivery/grpc/services/basket.go:39
product-service/genproto/product_service._ProductService_GetBasketProduct_Handler
	/home/abudlaziz/project/go/src/clothes/product-service/genproto/product_service/product_service.pb.go:1217
google.golang.org/grpc.(*Server).processUnaryRPC
	/home/abudlaziz/project/go/pkg/mod/google.golang.org/grpc@v1.63.2/server.go:1369
google.golang.org/grpc.(*Server).handleStream
	/home/abudlaziz/project/go/pkg/mod/google.golang.org/grpc@v1.63.2/server.go:1780
google.golang.org/grpc.(*Server).serveStreams.func2.1
	/home/abudlaziz/project/go/pkg/mod/google.golang.org/grpc@v1.63.2/server.go:1019
2024-05-15T20:21:52.453+0500	ERROR	services/basket.go:39	productUseCase.GetProductByID	{"error": "ERROR: column \"star\" does not exist (SQLSTATE 42703)"}
product-service/internal/delivery/grpc/services.(*productRPC).GetBasketProduct
	/home/abudlaziz/project/go/src/clothes/product-service/internal/delivery/grpc/services/basket.go:39
product-service/genproto/product_service._ProductService_GetBasketProduct_Handler
	/home/abudlaziz/project/go/src/clothes/product-service/genproto/product_service/product_service.pb.go:1217
google.golang.org/grpc.(*Server).processUnaryRPC
	/home/abudlaziz/project/go/pkg/mod/google.golang.org/grpc@v1.63.2/server.go:1369
google.golang.org/grpc.(*Server).handleStream
	/home/abudlaziz/project/go/pkg/mod/google.golang.org/grpc@v1.63.2/server.go:1780
google.golang.org/grpc.(*Server).serveStreams.func2.1
	/home/abudlaziz/project/go/pkg/mod/google.golang.org/grpc@v1.63.2/server.go:1019
2024-05-15T20:21:52.630+0500	ERROR	services/basket.go:39	productUseCase.GetProductByID	{"error": "ERROR: column \"star\" does not exist (SQLSTATE 42703)"}
product-service/internal/delivery/grpc/services.(*productRPC).GetBasketProduct
	/home/abudlaziz/project/go/src/clothes/product-service/internal/delivery/grpc/services/basket.go:39
product-service/genproto/product_service._ProductService_GetBasketProduct_Handler
	/home/abudlaziz/project/go/src/clothes/product-service/genproto/product_service/product_service.pb.go:1217
google.golang.org/grpc.(*Server).processUnaryRPC
	/home/abudlaziz/project/go/pkg/mod/google.golang.org/grpc@v1.63.2/server.go:1369
google.golang.org/grpc.(*Server).handleStream
	/home/abudlaziz/project/go/pkg/mod/google.golang.org/grpc@v1.63.2/server.go:1780
google.golang.org/grpc.(*Server).serveStreams.func2.1
	/home/abudlaziz/project/go/pkg/mod/google.golang.org/grpc@v1.63.2/server.go:1019
2024-05-15T20:21:52.814+0500	ERROR	services/basket.go:39	productUseCase.GetProductByID	{"error": "ERROR: column \"star\" does not exist (SQLSTATE 42703)"}
product-service/internal/delivery/grpc/services.(*productRPC).GetBasketProduct
	/home/abudlaziz/project/go/src/clothes/product-service/internal/delivery/grpc/services/basket.go:39
product-service/genproto/product_service._ProductService_GetBasketProduct_Handler
	/home/abudlaziz/project/go/src/clothes/product-service/genproto/product_service/product_service.pb.go:1217
google.golang.org/grpc.(*Server).processUnaryRPC
	/home/abudlaziz/project/go/pkg/mod/google.golang.org/grpc@v1.63.2/server.go:1369
google.golang.org/grpc.(*Server).handleStream
	/home/abudlaziz/project/go/pkg/mod/google.golang.org/grpc@v1.63.2/server.go:1780
google.golang.org/grpc.(*Server).serveStreams.func2.1
	/home/abudlaziz/project/go/pkg/mod/google.golang.org/grpc@v1.63.2/server.go:1019
2024-05-15T20:22:47.152+0500	ERROR	services/basket.go:39	productUseCase.GetProductByID	{"error": "ERROR: column \"star\" does not exist (SQLSTATE 42703)"}
product-service/internal/delivery/grpc/services.(*productRPC).GetBasketProduct
	/home/abudlaziz/project/go/src/clothes/product-service/internal/delivery/grpc/services/basket.go:39
product-service/genproto/product_service._ProductService_GetBasketProduct_Handler
	/home/abudlaziz/project/go/src/clothes/product-service/genproto/product_service/product_service.pb.go:1217
google.golang.org/grpc.(*Server).processUnaryRPC
	/home/abudlaziz/project/go/pkg/mod/google.golang.org/grpc@v1.63.2/server.go:1369
google.golang.org/grpc.(*Server).handleStream
	/home/abudlaziz/project/go/pkg/mod/google.golang.org/grpc@v1.63.2/server.go:1780
google.golang.org/grpc.(*Server).serveStreams.func2.1
	/home/abudlaziz/project/go/pkg/mod/google.golang.org/grpc@v1.63.2/server.go:1019
2024-05-15T20:25:24.896+0500	ERROR	services/basket.go:39	productUseCase.GetProductByID	{"error": "ERROR: column \"star\" does not exist (SQLSTATE 42703)"}
product-service/internal/delivery/grpc/services.(*productRPC).GetBasketProduct
	/home/abudlaziz/project/go/src/clothes/product-service/internal/delivery/grpc/services/basket.go:39
product-service/genproto/product_service._ProductService_GetBasketProduct_Handler
	/home/abudlaziz/project/go/src/clothes/product-service/genproto/product_service/product_service.pb.go:1217
google.golang.org/grpc.(*Server).processUnaryRPC
	/home/abudlaziz/project/go/pkg/mod/google.golang.org/grpc@v1.63.2/server.go:1369
google.golang.org/grpc.(*Server).handleStream
	/home/abudlaziz/project/go/pkg/mod/google.golang.org/grpc@v1.63.2/server.go:1780
google.golang.org/grpc.(*Server).serveStreams.func2.1
	/home/abudlaziz/project/go/pkg/mod/google.golang.org/grpc@v1.63.2/server.go:1019
2024-05-15T20:25:25.119+0500	ERROR	services/basket.go:39	productUseCase.GetProductByID	{"error": "ERROR: column \"star\" does not exist (SQLSTATE 42703)"}
product-service/internal/delivery/grpc/services.(*productRPC).GetBasketProduct
	/home/abudlaziz/project/go/src/clothes/product-service/internal/delivery/grpc/services/basket.go:39
product-service/genproto/product_service._ProductService_GetBasketProduct_Handler
	/home/abudlaziz/project/go/src/clothes/product-service/genproto/product_service/product_service.pb.go:1217
google.golang.org/grpc.(*Server).processUnaryRPC
	/home/abudlaziz/project/go/pkg/mod/google.golang.org/grpc@v1.63.2/server.go:1369
google.golang.org/grpc.(*Server).handleStream
	/home/abudlaziz/project/go/pkg/mod/google.golang.org/grpc@v1.63.2/server.go:1780
google.golang.org/grpc.(*Server).serveStreams.func2.1
	/home/abudlaziz/project/go/pkg/mod/google.golang.org/grpc@v1.63.2/server.go:1019
2024-05-15T20:26:00.399+0500	ERROR	services/basket.go:54	productUseCase.DeleteProduct	{"error": "no sql rows"}
product-service/internal/delivery/grpc/services.(*productRPC).DeleteFromBasket
	/home/abudlaziz/project/go/src/clothes/product-service/internal/delivery/grpc/services/basket.go:54
product-service/genproto/product_service._ProductService_DeleteFromBasket_Handler
	/home/abudlaziz/project/go/src/clothes/product-service/genproto/product_service/product_service.pb.go:1181
google.golang.org/grpc.(*Server).processUnaryRPC
	/home/abudlaziz/project/go/pkg/mod/google.golang.org/grpc@v1.63.2/server.go:1369
google.golang.org/grpc.(*Server).handleStream
	/home/abudlaziz/project/go/pkg/mod/google.golang.org/grpc@v1.63.2/server.go:1780
google.golang.org/grpc.(*Server).serveStreams.func2.1
	/home/abudlaziz/project/go/pkg/mod/google.golang.org/grpc@v1.63.2/server.go:1019
2024-05-15T20:28:46.096+0500	INFO	app/main.go:34	Product service stops !
2024-05-15T20:28:47.742+0500	INFO	app/app.go:85	gRPC Server Listening	{"url": ":3333"}
2024-05-15T20:30:30.604+0500	ERROR	services/basket.go:39	productUseCase.GetProductByID	{"error": "ERROR: column \"star\" does not exist (SQLSTATE 42703)"}
product-service/internal/delivery/grpc/services.(*productRPC).GetBasketProduct
	/home/abudlaziz/project/go/src/clothes/product-service/internal/delivery/grpc/services/basket.go:39
product-service/genproto/product_service._ProductService_GetBasketProduct_Handler
	/home/abudlaziz/project/go/src/clothes/product-service/genproto/product_service/product_service.pb.go:1217
google.golang.org/grpc.(*Server).processUnaryRPC
	/home/abudlaziz/project/go/pkg/mod/google.golang.org/grpc@v1.63.2/server.go:1369
google.golang.org/grpc.(*Server).handleStream
	/home/abudlaziz/project/go/pkg/mod/google.golang.org/grpc@v1.63.2/server.go:1780
google.golang.org/grpc.(*Server).serveStreams.func2.1
	/home/abudlaziz/project/go/pkg/mod/google.golang.org/grpc@v1.63.2/server.go:1019
2024-05-15T20:30:51.474+0500	ERROR	services/basket.go:69	productUseCase.List	{"error": "ERROR: column \"star\" does not exist (SQLSTATE 42703)"}
product-service/internal/delivery/grpc/services.(*productRPC).GetBasketProducts
	/home/abudlaziz/project/go/src/clothes/product-service/internal/delivery/grpc/services/basket.go:69
product-service/genproto/product_service._ProductService_GetBasketProducts_Handler
	/home/abudlaziz/project/go/src/clothes/product-service/genproto/product_service/product_service.pb.go:1199
google.golang.org/grpc.(*Server).processUnaryRPC
	/home/abudlaziz/project/go/pkg/mod/google.golang.org/grpc@v1.63.2/server.go:1369
google.golang.org/grpc.(*Server).handleStream
	/home/abudlaziz/project/go/pkg/mod/google.golang.org/grpc@v1.63.2/server.go:1780
google.golang.org/grpc.(*Server).serveStreams.func2.1
	/home/abudlaziz/project/go/pkg/mod/google.golang.org/grpc@v1.63.2/server.go:1019
2024-05-15T20:33:30.490+0500	INFO	app/main.go:34	Product service stops !
2024-05-15T20:33:38.275+0500	INFO	app/app.go:85	gRPC Server Listening	{"url": ":3333"}
2024-05-15T20:33:43.117+0500	ERROR	services/basket.go:69	productUseCase.List	{"error": "ERROR: column \"star\" does not exist (SQLSTATE 42703)"}
product-service/internal/delivery/grpc/services.(*productRPC).GetBasketProducts
	/home/abudlaziz/project/go/src/clothes/product-service/internal/delivery/grpc/services/basket.go:69
product-service/genproto/product_service._ProductService_GetBasketProducts_Handler
	/home/abudlaziz/project/go/src/clothes/product-service/genproto/product_service/product_service.pb.go:1199
google.golang.org/grpc.(*Server).processUnaryRPC
	/home/abudlaziz/project/go/pkg/mod/google.golang.org/grpc@v1.63.2/server.go:1369
google.golang.org/grpc.(*Server).handleStream
	/home/abudlaziz/project/go/pkg/mod/google.golang.org/grpc@v1.63.2/server.go:1780
google.golang.org/grpc.(*Server).serveStreams.func2.1
	/home/abudlaziz/project/go/pkg/mod/google.golang.org/grpc@v1.63.2/server.go:1019
2024-05-15T20:34:11.585+0500	INFO	app/main.go:34	Product service stops !
2024-05-15T20:34:12.963+0500	INFO	app/app.go:85	gRPC Server Listening	{"url": ":3333"}
2024-05-15T20:34:15.653+0500	ERROR	services/basket.go:69	productUseCase.List	{"error": "ERROR: argument of AND must be type boolean, not type timestamp with time zone (SQLSTATE 42804)"}
product-service/internal/delivery/grpc/services.(*productRPC).GetBasketProducts
	/home/abudlaziz/project/go/src/clothes/product-service/internal/delivery/grpc/services/basket.go:69
product-service/genproto/product_service._ProductService_GetBasketProducts_Handler
	/home/abudlaziz/project/go/src/clothes/product-service/genproto/product_service/product_service.pb.go:1199
google.golang.org/grpc.(*Server).processUnaryRPC
	/home/abudlaziz/project/go/pkg/mod/google.golang.org/grpc@v1.63.2/server.go:1369
google.golang.org/grpc.(*Server).handleStream
	/home/abudlaziz/project/go/pkg/mod/google.golang.org/grpc@v1.63.2/server.go:1780
google.golang.org/grpc.(*Server).serveStreams.func2.1
	/home/abudlaziz/project/go/pkg/mod/google.golang.org/grpc@v1.63.2/server.go:1019
2024-05-15T20:35:31.176+0500	INFO	app/main.go:34	Product service stops !
2024-05-15T20:35:32.472+0500	INFO	app/app.go:85	gRPC Server Listening	{"url": ":3333"}
2024-05-15T20:35:34.882+0500	ERROR	services/basket.go:69	productUseCase.List	{"error": "number of field descriptions must equal number of destinations, got 5 and 3"}
product-service/internal/delivery/grpc/services.(*productRPC).GetBasketProducts
	/home/abudlaziz/project/go/src/clothes/product-service/internal/delivery/grpc/services/basket.go:69
product-service/genproto/product_service._ProductService_GetBasketProducts_Handler
	/home/abudlaziz/project/go/src/clothes/product-service/genproto/product_service/product_service.pb.go:1199
google.golang.org/grpc.(*Server).processUnaryRPC
	/home/abudlaziz/project/go/pkg/mod/google.golang.org/grpc@v1.63.2/server.go:1369
google.golang.org/grpc.(*Server).handleStream
	/home/abudlaziz/project/go/pkg/mod/google.golang.org/grpc@v1.63.2/server.go:1780
google.golang.org/grpc.(*Server).serveStreams.func2.1
	/home/abudlaziz/project/go/pkg/mod/google.golang.org/grpc@v1.63.2/server.go:1019
2024-05-15T20:36:36.667+0500	INFO	app/main.go:34	Product service stops !
2024-05-15T20:36:38.020+0500	INFO	app/app.go:85	gRPC Server Listening	{"url": ":3333"}
2024-05-15T20:37:44.720+0500	INFO	app/main.go:34	Product service stops !
2024-05-15T20:37:49.734+0500	INFO	app/app.go:85	gRPC Server Listening	{"url": ":3333"}
2024-05-15T20:39:31.488+0500	INFO	app/main.go:34	Product service stops !
2024-05-15T20:39:32.873+0500	INFO	app/app.go:85	gRPC Server Listening	{"url": ":3333"}
2024-05-15T20:39:51.910+0500	INFO	app/main.go:34	Product service stops !
2024-05-15T20:39:55.969+0500	INFO	app/app.go:85	gRPC Server Listening	{"url": ":3333"}
2024-05-15T20:40:10.486+0500	ERROR	services/basket.go:39	productUseCase.GetProductByID	{"error": "object not found"}
product-service/internal/delivery/grpc/services.(*productRPC).GetBasketProduct
	/home/abudlaziz/project/go/src/clothes/product-service/internal/delivery/grpc/services/basket.go:39
product-service/genproto/product_service._ProductService_GetBasketProduct_Handler
	/home/abudlaziz/project/go/src/clothes/product-service/genproto/product_service/product_service.pb.go:1217
google.golang.org/grpc.(*Server).processUnaryRPC
	/home/abudlaziz/project/go/pkg/mod/google.golang.org/grpc@v1.63.2/server.go:1369
google.golang.org/grpc.(*Server).handleStream
	/home/abudlaziz/project/go/pkg/mod/google.golang.org/grpc@v1.63.2/server.go:1780
google.golang.org/grpc.(*Server).serveStreams.func2.1
	/home/abudlaziz/project/go/pkg/mod/google.golang.org/grpc@v1.63.2/server.go:1019
2024-05-15T20:40:56.710+0500	INFO	app/main.go:34	Product service stops !
2024-05-15T20:40:58.025+0500	INFO	app/app.go:85	gRPC Server Listening	{"url": ":3333"}
2024-05-15T20:41:39.060+0500	INFO	app/main.go:34	Product service stops !
2024-05-15T20:41:40.600+0500	INFO	app/app.go:85	gRPC Server Listening	{"url": ":3333"}
2024-05-15T20:48:19.633+0500	ERROR	services/product.go:125	productUseCase.DeleteProduct	{"error": "no sql rows"}
product-service/internal/delivery/grpc/services.(*productRPC).DeleteProduct
	/home/abudlaziz/project/go/src/clothes/product-service/internal/delivery/grpc/services/product.go:125
product-service/genproto/product_service._ProductService_DeleteProduct_Handler
	/home/abudlaziz/project/go/src/clothes/product-service/genproto/product_service/product_service.pb.go:641
google.golang.org/grpc.(*Server).processUnaryRPC
	/home/abudlaziz/project/go/pkg/mod/google.golang.org/grpc@v1.63.2/server.go:1369
google.golang.org/grpc.(*Server).handleStream
	/home/abudlaziz/project/go/pkg/mod/google.golang.org/grpc@v1.63.2/server.go:1780
google.golang.org/grpc.(*Server).serveStreams.func2.1
	/home/abudlaziz/project/go/pkg/mod/google.golang.org/grpc@v1.63.2/server.go:1019
2024-05-15T20:49:43.548+0500	ERROR	services/product.go:99	productUseCase.GetProductByID	{"error": "object not found"}
product-service/internal/delivery/grpc/services.(*productRPC).GetProductDelete
	/home/abudlaziz/project/go/src/clothes/product-service/internal/delivery/grpc/services/product.go:99
product-service/genproto/product_service._ProductService_GetProductDelete_Handler
	/home/abudlaziz/project/go/src/clothes/product-service/genproto/product_service/product_service.pb.go:677
google.golang.org/grpc.(*Server).processUnaryRPC
	/home/abudlaziz/project/go/pkg/mod/google.golang.org/grpc@v1.63.2/server.go:1369
google.golang.org/grpc.(*Server).handleStream
	/home/abudlaziz/project/go/pkg/mod/google.golang.org/grpc@v1.63.2/server.go:1780
google.golang.org/grpc.(*Server).serveStreams.func2.1
	/home/abudlaziz/project/go/pkg/mod/google.golang.org/grpc@v1.63.2/server.go:1019
2024-05-15T20:50:55.426+0500	ERROR	services/product.go:99	productUseCase.GetProductByID	{"error": "object not found"}
product-service/internal/delivery/grpc/services.(*productRPC).GetProductDelete
	/home/abudlaziz/project/go/src/clothes/product-service/internal/delivery/grpc/services/product.go:99
product-service/genproto/product_service._ProductService_GetProductDelete_Handler
	/home/abudlaziz/project/go/src/clothes/product-service/genproto/product_service/product_service.pb.go:677
google.golang.org/grpc.(*Server).processUnaryRPC
	/home/abudlaziz/project/go/pkg/mod/google.golang.org/grpc@v1.63.2/server.go:1369
google.golang.org/grpc.(*Server).handleStream
	/home/abudlaziz/project/go/pkg/mod/google.golang.org/grpc@v1.63.2/server.go:1780
google.golang.org/grpc.(*Server).serveStreams.func2.1
	/home/abudlaziz/project/go/pkg/mod/google.golang.org/grpc@v1.63.2/server.go:1019
2024-05-15T20:52:46.323+0500	ERROR	services/product.go:99	productUseCase.GetProductByID	{"error": "object not found"}
product-service/internal/delivery/grpc/services.(*productRPC).GetProductDelete
	/home/abudlaziz/project/go/src/clothes/product-service/internal/delivery/grpc/services/product.go:99
product-service/genproto/product_service._ProductService_GetProductDelete_Handler
	/home/abudlaziz/project/go/src/clothes/product-service/genproto/product_service/product_service.pb.go:677
google.golang.org/grpc.(*Server).processUnaryRPC
	/home/abudlaziz/project/go/pkg/mod/google.golang.org/grpc@v1.63.2/server.go:1369
google.golang.org/grpc.(*Server).handleStream
	/home/abudlaziz/project/go/pkg/mod/google.golang.org/grpc@v1.63.2/server.go:1780
google.golang.org/grpc.(*Server).serveStreams.func2.1
	/home/abudlaziz/project/go/pkg/mod/google.golang.org/grpc@v1.63.2/server.go:1019
2024-05-15T20:53:21.950+0500	ERROR	services/product.go:99	productUseCase.GetProductByID	{"error": "object not found"}
product-service/internal/delivery/grpc/services.(*productRPC).GetProductDelete
	/home/abudlaziz/project/go/src/clothes/product-service/internal/delivery/grpc/services/product.go:99
product-service/genproto/product_service._ProductService_GetProductDelete_Handler
	/home/abudlaziz/project/go/src/clothes/product-service/genproto/product_service/product_service.pb.go:677
google.golang.org/grpc.(*Server).processUnaryRPC
	/home/abudlaziz/project/go/pkg/mod/google.golang.org/grpc@v1.63.2/server.go:1369
google.golang.org/grpc.(*Server).handleStream
	/home/abudlaziz/project/go/pkg/mod/google.golang.org/grpc@v1.63.2/server.go:1780
google.golang.org/grpc.(*Server).serveStreams.func2.1
	/home/abudlaziz/project/go/pkg/mod/google.golang.org/grpc@v1.63.2/server.go:1019
2024-05-15T20:55:13.187+0500	INFO	app/main.go:34	Product service stops !
2024-05-15T20:55:24.567+0500	INFO	app/app.go:85	gRPC Server Listening	{"url": ":3333"}
2024-05-15T20:55:26.369+0500	ERROR	services/product.go:100	productUseCase.GetProductByID	{"error": "object not found"}
product-service/internal/delivery/grpc/services.(*productRPC).GetProductDelete
	/home/abudlaziz/project/go/src/clothes/product-service/internal/delivery/grpc/services/product.go:100
product-service/genproto/product_service._ProductService_GetProductDelete_Handler
	/home/abudlaziz/project/go/src/clothes/product-service/genproto/product_service/product_service.pb.go:677
google.golang.org/grpc.(*Server).processUnaryRPC
	/home/abudlaziz/project/go/pkg/mod/google.golang.org/grpc@v1.63.2/server.go:1369
google.golang.org/grpc.(*Server).handleStream
	/home/abudlaziz/project/go/pkg/mod/google.golang.org/grpc@v1.63.2/server.go:1780
google.golang.org/grpc.(*Server).serveStreams.func2.1
	/home/abudlaziz/project/go/pkg/mod/google.golang.org/grpc@v1.63.2/server.go:1019
2024-05-15T20:55:41.176+0500	INFO	app/main.go:34	Product service stops !
2024-05-15T20:56:38.965+0500	INFO	app/app.go:85	gRPC Server Listening	{"url": ":3333"}
2024-05-15T20:57:55.665+0500	ERROR	services/product.go:100	productUseCase.GetProductByID	{"error": "object not found"}
product-service/internal/delivery/grpc/services.(*productRPC).GetProductDelete
	/home/abudlaziz/project/go/src/clothes/product-service/internal/delivery/grpc/services/product.go:100
product-service/genproto/product_service._ProductService_GetProductDelete_Handler
	/home/abudlaziz/project/go/src/clothes/product-service/genproto/product_service/product_service.pb.go:677
google.golang.org/grpc.(*Server).processUnaryRPC
	/home/abudlaziz/project/go/pkg/mod/google.golang.org/grpc@v1.63.2/server.go:1369
google.golang.org/grpc.(*Server).handleStream
	/home/abudlaziz/project/go/pkg/mod/google.golang.org/grpc@v1.63.2/server.go:1780
google.golang.org/grpc.(*Server).serveStreams.func2.1
	/home/abudlaziz/project/go/pkg/mod/google.golang.org/grpc@v1.63.2/server.go:1019
2024-05-15T20:58:54.193+0500	INFO	app/main.go:34	Product service stops !
2024-05-15T20:58:55.576+0500	INFO	app/app.go:85	gRPC Server Listening	{"url": ":3333"}
2024-05-15T20:59:16.121+0500	ERROR	services/product.go:75	productUseCase.GetProductByID	{"error": "object not found"}
product-service/internal/delivery/grpc/services.(*productRPC).GetProductByID
	/home/abudlaziz/project/go/src/clothes/product-service/internal/delivery/grpc/services/product.go:75
product-service/genproto/product_service._ProductService_GetProductByID_Handler
	/home/abudlaziz/project/go/src/clothes/product-service/genproto/product_service/product_service.pb.go:659
google.golang.org/grpc.(*Server).processUnaryRPC
	/home/abudlaziz/project/go/pkg/mod/google.golang.org/grpc@v1.63.2/server.go:1369
google.golang.org/grpc.(*Server).handleStream
	/home/abudlaziz/project/go/pkg/mod/google.golang.org/grpc@v1.63.2/server.go:1780
google.golang.org/grpc.(*Server).serveStreams.func2.1
	/home/abudlaziz/project/go/pkg/mod/google.golang.org/grpc@v1.63.2/server.go:1019
2024-05-15T22:35:43.990+0500	INFO	app/main.go:34	Product service stops !
