2024-05-07T15:19:34.186+0500	INFO	app/app.go:100	gRPC Server Listening	{"url": ":3333"}
2024-05-07T15:19:34.995+0500	INFO	app/main.go:40	Product service stops !
2024-05-07T15:22:26.900+0500	INFO	app/app.go:100	gRPC Server Listening	{"url": ":3333"}
2024-05-07T15:22:27.820+0500	INFO	app/main.go:40	Product service stops !
2024-05-07T15:39:26.898+0500	INFO	app/app.go:100	gRPC Server Listening	{"url": ":3333"}
2024-05-07T15:39:28.076+0500	INFO	app/main.go:40	Product service stops !
2024-05-07T19:37:23.894+0500	INFO	app/app.go:85	gRPC Server Listening	{"url": ":3333"}
2024-05-07T19:37:24.665+0500	INFO	app/main.go:34	Product service stops !
2024-05-07T19:52:33.476+0500	INFO	app/app.go:85	gRPC Server Listening	{"url": ":3333"}
2024-05-07T19:52:34.318+0500	INFO	app/main.go:34	Product service stops !
2024-05-07T21:04:30.822+0500	INFO	app/app.go:85	gRPC Server Listening	{"url": ":3333"}
2024-05-07T21:11:08.722+0500	INFO	app/main.go:34	Product service stops !
2024-05-07T21:11:09.748+0500	INFO	app/app.go:85	gRPC Server Listening	{"url": ":3333"}
2024-05-07T21:13:45.580+0500	ERROR	services/product.go:131	productUseCase.List	{"error": "can't scan into dest[2]: cannot scan null into *string"}
product-service/internal/delivery/grpc/services.(*productRPC).GetAllProducts
	/home/gopher/projects/go/src/clothes/product-service/internal/delivery/grpc/services/product.go:131
product-service/genproto/product_service._ProductService_GetAllProducts_Handler
	/home/gopher/projects/go/src/clothes/product-service/genproto/product_service/product_service.pb.go:529
google.golang.org/grpc.(*Server).processUnaryRPC
	/home/gopher/mod-cache/google.golang.org/grpc@v1.63.2/server.go:1369
google.golang.org/grpc.(*Server).handleStream
	/home/gopher/mod-cache/google.golang.org/grpc@v1.63.2/server.go:1780
google.golang.org/grpc.(*Server).serveStreams.func2.1
	/home/gopher/mod-cache/google.golang.org/grpc@v1.63.2/server.go:1019
2024-05-07T21:15:14.193+0500	INFO	app/main.go:34	Product service stops !
2024-05-07T21:15:15.207+0500	INFO	app/app.go:85	gRPC Server Listening	{"url": ":3333"}
2024-05-07T21:15:16.499+0500	ERROR	services/product.go:131	productUseCase.List	{"error": "can't scan into dest[2]: cannot scan null into *string"}
product-service/internal/delivery/grpc/services.(*productRPC).GetAllProducts
	/home/gopher/projects/go/src/clothes/product-service/internal/delivery/grpc/services/product.go:131
product-service/genproto/product_service._ProductService_GetAllProducts_Handler
	/home/gopher/projects/go/src/clothes/product-service/genproto/product_service/product_service.pb.go:529
google.golang.org/grpc.(*Server).processUnaryRPC
	/home/gopher/mod-cache/google.golang.org/grpc@v1.63.2/server.go:1369
google.golang.org/grpc.(*Server).handleStream
	/home/gopher/mod-cache/google.golang.org/grpc@v1.63.2/server.go:1780
google.golang.org/grpc.(*Server).serveStreams.func2.1
	/home/gopher/mod-cache/google.golang.org/grpc@v1.63.2/server.go:1019
2024-05-07T21:22:48.231+0500	INFO	app/main.go:34	Product service stops !
2024-05-07T21:22:50.478+0500	INFO	app/app.go:85	gRPC Server Listening	{"url": ":3333"}
2024-05-07T21:24:40.889+0500	ERROR	services/product.go:131	productUseCase.List	{"error": "can't scan into dest[2]: cannot scan null into *string"}
product-service/internal/delivery/grpc/services.(*productRPC).GetAllProducts
	/home/gopher/projects/go/src/clothes/product-service/internal/delivery/grpc/services/product.go:131
product-service/genproto/product_service._ProductService_GetAllProducts_Handler
	/home/gopher/projects/go/src/clothes/product-service/genproto/product_service/product_service.pb.go:529
google.golang.org/grpc.(*Server).processUnaryRPC
	/home/gopher/mod-cache/google.golang.org/grpc@v1.63.2/server.go:1369
google.golang.org/grpc.(*Server).handleStream
	/home/gopher/mod-cache/google.golang.org/grpc@v1.63.2/server.go:1780
google.golang.org/grpc.(*Server).serveStreams.func2.1
	/home/gopher/mod-cache/google.golang.org/grpc@v1.63.2/server.go:1019
2024-05-07T21:26:09.808+0500	ERROR	services/product.go:131	productUseCase.List	{"error": "can't scan into dest[2]: cannot scan null into *string"}
product-service/internal/delivery/grpc/services.(*productRPC).GetAllProducts
	/home/gopher/projects/go/src/clothes/product-service/internal/delivery/grpc/services/product.go:131
product-service/genproto/product_service._ProductService_GetAllProducts_Handler
	/home/gopher/projects/go/src/clothes/product-service/genproto/product_service/product_service.pb.go:529
google.golang.org/grpc.(*Server).processUnaryRPC
	/home/gopher/mod-cache/google.golang.org/grpc@v1.63.2/server.go:1369
google.golang.org/grpc.(*Server).handleStream
	/home/gopher/mod-cache/google.golang.org/grpc@v1.63.2/server.go:1780
google.golang.org/grpc.(*Server).serveStreams.func2.1
	/home/gopher/mod-cache/google.golang.org/grpc@v1.63.2/server.go:1019
2024-05-07T21:29:18.658+0500	INFO	app/main.go:34	Product service stops !
2024-05-07T21:29:19.698+0500	INFO	app/app.go:85	gRPC Server Listening	{"url": ":3333"}
2024-05-07T21:29:20.844+0500	ERROR	services/product.go:131	productUseCase.List	{"error": "can't scan into dest[2]: cannot scan null into *string"}
product-service/internal/delivery/grpc/services.(*productRPC).GetAllProducts
	/home/gopher/projects/go/src/clothes/product-service/internal/delivery/grpc/services/product.go:131
product-service/genproto/product_service._ProductService_GetAllProducts_Handler
	/home/gopher/projects/go/src/clothes/product-service/genproto/product_service/product_service.pb.go:529
google.golang.org/grpc.(*Server).processUnaryRPC
	/home/gopher/mod-cache/google.golang.org/grpc@v1.63.2/server.go:1369
google.golang.org/grpc.(*Server).handleStream
	/home/gopher/mod-cache/google.golang.org/grpc@v1.63.2/server.go:1780
google.golang.org/grpc.(*Server).serveStreams.func2.1
	/home/gopher/mod-cache/google.golang.org/grpc@v1.63.2/server.go:1019
2024-05-07T21:34:52.879+0500	INFO	app/main.go:34	Product service stops !
2024-05-07T21:34:57.523+0500	INFO	app/app.go:85	gRPC Server Listening	{"url": ":3333"}
2024-05-07T21:35:00.419+0500	ERROR	services/product.go:131	productUseCase.List	{"error": "can't scan into dest[2]: cannot scan null into *string"}
product-service/internal/delivery/grpc/services.(*productRPC).GetAllProducts
	/home/gopher/projects/go/src/clothes/product-service/internal/delivery/grpc/services/product.go:131
product-service/genproto/product_service._ProductService_GetAllProducts_Handler
	/home/gopher/projects/go/src/clothes/product-service/genproto/product_service/product_service.pb.go:529
google.golang.org/grpc.(*Server).processUnaryRPC
	/home/gopher/mod-cache/google.golang.org/grpc@v1.63.2/server.go:1369
google.golang.org/grpc.(*Server).handleStream
	/home/gopher/mod-cache/google.golang.org/grpc@v1.63.2/server.go:1780
google.golang.org/grpc.(*Server).serveStreams.func2.1
	/home/gopher/mod-cache/google.golang.org/grpc@v1.63.2/server.go:1019
2024-05-07T21:35:01.504+0500	ERROR	services/product.go:131	productUseCase.List	{"error": "can't scan into dest[2]: cannot scan null into *string"}
product-service/internal/delivery/grpc/services.(*productRPC).GetAllProducts
	/home/gopher/projects/go/src/clothes/product-service/internal/delivery/grpc/services/product.go:131
product-service/genproto/product_service._ProductService_GetAllProducts_Handler
	/home/gopher/projects/go/src/clothes/product-service/genproto/product_service/product_service.pb.go:529
google.golang.org/grpc.(*Server).processUnaryRPC
	/home/gopher/mod-cache/google.golang.org/grpc@v1.63.2/server.go:1369
google.golang.org/grpc.(*Server).handleStream
	/home/gopher/mod-cache/google.golang.org/grpc@v1.63.2/server.go:1780
google.golang.org/grpc.(*Server).serveStreams.func2.1
	/home/gopher/mod-cache/google.golang.org/grpc@v1.63.2/server.go:1019
2024-05-07T21:35:01.824+0500	ERROR	services/product.go:131	productUseCase.List	{"error": "can't scan into dest[2]: cannot scan null into *string"}
product-service/internal/delivery/grpc/services.(*productRPC).GetAllProducts
	/home/gopher/projects/go/src/clothes/product-service/internal/delivery/grpc/services/product.go:131
product-service/genproto/product_service._ProductService_GetAllProducts_Handler
	/home/gopher/projects/go/src/clothes/product-service/genproto/product_service/product_service.pb.go:529
google.golang.org/grpc.(*Server).processUnaryRPC
	/home/gopher/mod-cache/google.golang.org/grpc@v1.63.2/server.go:1369
google.golang.org/grpc.(*Server).handleStream
	/home/gopher/mod-cache/google.golang.org/grpc@v1.63.2/server.go:1780
google.golang.org/grpc.(*Server).serveStreams.func2.1
	/home/gopher/mod-cache/google.golang.org/grpc@v1.63.2/server.go:1019
2024-05-07T21:35:03.391+0500	INFO	app/main.go:34	Product service stops !
2024-05-07T21:35:46.042+0500	INFO	app/app.go:85	gRPC Server Listening	{"url": ":3333"}
2024-05-07T21:35:47.493+0500	ERROR	services/product.go:131	productUseCase.List	{"error": "can't scan into dest[2]: cannot scan null into *string"}
product-service/internal/delivery/grpc/services.(*productRPC).GetAllProducts
	/home/gopher/projects/go/src/clothes/product-service/internal/delivery/grpc/services/product.go:131
product-service/genproto/product_service._ProductService_GetAllProducts_Handler
	/home/gopher/projects/go/src/clothes/product-service/genproto/product_service/product_service.pb.go:529
google.golang.org/grpc.(*Server).processUnaryRPC
	/home/gopher/mod-cache/google.golang.org/grpc@v1.63.2/server.go:1369
google.golang.org/grpc.(*Server).handleStream
	/home/gopher/mod-cache/google.golang.org/grpc@v1.63.2/server.go:1780
google.golang.org/grpc.(*Server).serveStreams.func2.1
	/home/gopher/mod-cache/google.golang.org/grpc@v1.63.2/server.go:1019
2024-05-07T21:35:49.492+0500	INFO	app/main.go:34	Product service stops !
2024-05-07T21:37:53.411+0500	INFO	app/app.go:85	gRPC Server Listening	{"url": ":3333"}
2024-05-07T21:37:54.514+0500	ERROR	services/product.go:131	productUseCase.List	{"error": "can't scan into dest[2]: cannot scan null into *string"}
product-service/internal/delivery/grpc/services.(*productRPC).GetAllProducts
	/home/gopher/projects/go/src/clothes/product-service/internal/delivery/grpc/services/product.go:131
product-service/genproto/product_service._ProductService_GetAllProducts_Handler
	/home/gopher/projects/go/src/clothes/product-service/genproto/product_service/product_service.pb.go:529
google.golang.org/grpc.(*Server).processUnaryRPC
	/home/gopher/mod-cache/google.golang.org/grpc@v1.63.2/server.go:1369
google.golang.org/grpc.(*Server).handleStream
	/home/gopher/mod-cache/google.golang.org/grpc@v1.63.2/server.go:1780
google.golang.org/grpc.(*Server).serveStreams.func2.1
	/home/gopher/mod-cache/google.golang.org/grpc@v1.63.2/server.go:1019
2024-05-07T21:47:42.184+0500	INFO	app/main.go:34	Product service stops !
2024-05-07T21:47:46.130+0500	INFO	app/app.go:85	gRPC Server Listening	{"url": ":3333"}
2024-05-07T21:47:48.565+0500	ERROR	services/product.go:131	productUseCase.List	{"error": "can't scan into dest[2]: cannot scan null into *string"}
product-service/internal/delivery/grpc/services.(*productRPC).GetAllProducts
	/home/gopher/projects/go/src/clothes/product-service/internal/delivery/grpc/services/product.go:131
product-service/genproto/product_service._ProductService_GetAllProducts_Handler
	/home/gopher/projects/go/src/clothes/product-service/genproto/product_service/product_service.pb.go:529
google.golang.org/grpc.(*Server).processUnaryRPC
	/home/gopher/mod-cache/google.golang.org/grpc@v1.63.2/server.go:1369
google.golang.org/grpc.(*Server).handleStream
	/home/gopher/mod-cache/google.golang.org/grpc@v1.63.2/server.go:1780
google.golang.org/grpc.(*Server).serveStreams.func2.1
	/home/gopher/mod-cache/google.golang.org/grpc@v1.63.2/server.go:1019
2024-05-07T21:50:18.939+0500	INFO	app/main.go:34	Product service stops !
2024-05-07T21:50:22.954+0500	INFO	app/app.go:85	gRPC Server Listening	{"url": ":3333"}
2024-05-07T21:51:08.579+0500	ERROR	services/product.go:116	productUseCase.DeleteProduct	{"error": "no sql rows"}
product-service/internal/delivery/grpc/services.(*productRPC).DeleteProduct
	/home/gopher/projects/go/src/clothes/product-service/internal/delivery/grpc/services/product.go:116
product-service/genproto/product_service._ProductService_DeleteProduct_Handler
	/home/gopher/projects/go/src/clothes/product-service/genproto/product_service/product_service.pb.go:493
google.golang.org/grpc.(*Server).processUnaryRPC
	/home/gopher/mod-cache/google.golang.org/grpc@v1.63.2/server.go:1369
google.golang.org/grpc.(*Server).handleStream
	/home/gopher/mod-cache/google.golang.org/grpc@v1.63.2/server.go:1780
google.golang.org/grpc.(*Server).serveStreams.func2.1
	/home/gopher/mod-cache/google.golang.org/grpc@v1.63.2/server.go:1019
2024-05-07T21:52:23.392+0500	INFO	app/main.go:34	Product service stops !
2024-05-07T21:53:20.285+0500	INFO	app/app.go:85	gRPC Server Listening	{"url": ":3333"}
2024-05-07T21:53:21.847+0500	ERROR	services/product.go:116	productUseCase.DeleteProduct	{"error": "no sql rows"}
product-service/internal/delivery/grpc/services.(*productRPC).DeleteProduct
	/home/gopher/projects/go/src/clothes/product-service/internal/delivery/grpc/services/product.go:116
product-service/genproto/product_service._ProductService_DeleteProduct_Handler
	/home/gopher/projects/go/src/clothes/product-service/genproto/product_service/product_service.pb.go:493
google.golang.org/grpc.(*Server).processUnaryRPC
	/home/gopher/mod-cache/google.golang.org/grpc@v1.63.2/server.go:1369
google.golang.org/grpc.(*Server).handleStream
	/home/gopher/mod-cache/google.golang.org/grpc@v1.63.2/server.go:1780
google.golang.org/grpc.(*Server).serveStreams.func2.1
	/home/gopher/mod-cache/google.golang.org/grpc@v1.63.2/server.go:1019
2024-05-07T21:53:25.098+0500	INFO	app/main.go:34	Product service stops !
2024-05-07T23:34:52.220+0500	INFO	app/app.go:85	gRPC Server Listening	{"url": ":3333"}
2024-05-07T23:36:26.014+0500	INFO	app/main.go:34	Product service stops !
2024-05-07T23:36:28.785+0500	INFO	app/app.go:85	gRPC Server Listening	{"url": ":3333"}
2024-05-07T23:36:30.418+0500	ERROR	services/product.go:116	productUseCase.DeleteProduct	{"error": "no sql rows"}
product-service/internal/delivery/grpc/services.(*productRPC).DeleteProduct
	/home/gopher/projects/go/src/clothes/product-service/internal/delivery/grpc/services/product.go:116
product-service/genproto/product_service._ProductService_DeleteProduct_Handler
	/home/gopher/projects/go/src/clothes/product-service/genproto/product_service/product_service.pb.go:493
google.golang.org/grpc.(*Server).processUnaryRPC
	/home/gopher/mod-cache/google.golang.org/grpc@v1.63.2/server.go:1369
google.golang.org/grpc.(*Server).handleStream
	/home/gopher/mod-cache/google.golang.org/grpc@v1.63.2/server.go:1780
google.golang.org/grpc.(*Server).serveStreams.func2.1
	/home/gopher/mod-cache/google.golang.org/grpc@v1.63.2/server.go:1019
2024-05-07T23:42:14.549+0500	ERROR	services/product.go:191	productUsecase.GetOrderByID	{"error": "object not found"}
product-service/internal/delivery/grpc/services.(*productRPC).GetOrderByID
	/home/gopher/projects/go/src/clothes/product-service/internal/delivery/grpc/services/product.go:191
product-service/genproto/product_service._ProductService_GetOrderByID_Handler
	/home/gopher/projects/go/src/clothes/product-service/genproto/product_service/product_service.pb.go:583
google.golang.org/grpc.(*Server).processUnaryRPC
	/home/gopher/mod-cache/google.golang.org/grpc@v1.63.2/server.go:1369
google.golang.org/grpc.(*Server).handleStream
	/home/gopher/mod-cache/google.golang.org/grpc@v1.63.2/server.go:1780
google.golang.org/grpc.(*Server).serveStreams.func2.1
	/home/gopher/mod-cache/google.golang.org/grpc@v1.63.2/server.go:1019
2024-05-07T23:42:36.979+0500	ERROR	services/product.go:191	productUsecase.GetOrderByID	{"error": "object not found"}
product-service/internal/delivery/grpc/services.(*productRPC).GetOrderByID
	/home/gopher/projects/go/src/clothes/product-service/internal/delivery/grpc/services/product.go:191
product-service/genproto/product_service._ProductService_GetOrderByID_Handler
	/home/gopher/projects/go/src/clothes/product-service/genproto/product_service/product_service.pb.go:583
google.golang.org/grpc.(*Server).processUnaryRPC
	/home/gopher/mod-cache/google.golang.org/grpc@v1.63.2/server.go:1369
google.golang.org/grpc.(*Server).handleStream
	/home/gopher/mod-cache/google.golang.org/grpc@v1.63.2/server.go:1780
google.golang.org/grpc.(*Server).serveStreams.func2.1
	/home/gopher/mod-cache/google.golang.org/grpc@v1.63.2/server.go:1019
2024-05-07T23:45:58.270+0500	INFO	app/main.go:34	Product service stops !
2024-05-07T23:45:59.263+0500	INFO	app/app.go:85	gRPC Server Listening	{"url": ":3333"}
2024-05-07T23:46:00.647+0500	ERROR	services/product.go:191	productUsecase.GetOrderByID	{"error": "object not found"}
product-service/internal/delivery/grpc/services.(*productRPC).GetOrderByID
	/home/gopher/projects/go/src/clothes/product-service/internal/delivery/grpc/services/product.go:191
product-service/genproto/product_service._ProductService_GetOrderByID_Handler
	/home/gopher/projects/go/src/clothes/product-service/genproto/product_service/product_service.pb.go:583
google.golang.org/grpc.(*Server).processUnaryRPC
	/home/gopher/mod-cache/google.golang.org/grpc@v1.63.2/server.go:1369
google.golang.org/grpc.(*Server).handleStream
	/home/gopher/mod-cache/google.golang.org/grpc@v1.63.2/server.go:1780
google.golang.org/grpc.(*Server).serveStreams.func2.1
	/home/gopher/mod-cache/google.golang.org/grpc@v1.63.2/server.go:1019
2024-05-07T23:47:07.036+0500	INFO	app/main.go:34	Product service stops !
2024-05-07T23:47:13.548+0500	INFO	app/app.go:85	gRPC Server Listening	{"url": ":3333"}
2024-05-07T23:47:14.959+0500	ERROR	services/product.go:192	productUsecase.GetOrderByID	{"error": "object not found"}
product-service/internal/delivery/grpc/services.(*productRPC).GetOrderByID
	/home/gopher/projects/go/src/clothes/product-service/internal/delivery/grpc/services/product.go:192
product-service/genproto/product_service._ProductService_GetOrderByID_Handler
	/home/gopher/projects/go/src/clothes/product-service/genproto/product_service/product_service.pb.go:583
google.golang.org/grpc.(*Server).processUnaryRPC
	/home/gopher/mod-cache/google.golang.org/grpc@v1.63.2/server.go:1369
google.golang.org/grpc.(*Server).handleStream
	/home/gopher/mod-cache/google.golang.org/grpc@v1.63.2/server.go:1780
google.golang.org/grpc.(*Server).serveStreams.func2.1
	/home/gopher/mod-cache/google.golang.org/grpc@v1.63.2/server.go:1019
2024-05-07T23:47:36.391+0500	INFO	app/main.go:34	Product service stops !
2024-05-07T23:47:54.669+0500	INFO	app/app.go:85	gRPC Server Listening	{"url": ":3333"}
2024-05-07T23:47:56.126+0500	ERROR	services/product.go:192	productUsecase.GetOrderByID	{"error": "object not found"}
product-service/internal/delivery/grpc/services.(*productRPC).GetOrderByID
	/home/gopher/projects/go/src/clothes/product-service/internal/delivery/grpc/services/product.go:192
product-service/genproto/product_service._ProductService_GetOrderByID_Handler
	/home/gopher/projects/go/src/clothes/product-service/genproto/product_service/product_service.pb.go:583
google.golang.org/grpc.(*Server).processUnaryRPC
	/home/gopher/mod-cache/google.golang.org/grpc@v1.63.2/server.go:1369
google.golang.org/grpc.(*Server).handleStream
	/home/gopher/mod-cache/google.golang.org/grpc@v1.63.2/server.go:1780
google.golang.org/grpc.(*Server).serveStreams.func2.1
	/home/gopher/mod-cache/google.golang.org/grpc@v1.63.2/server.go:1019
2024-05-07T23:48:49.037+0500	INFO	app/main.go:34	Product service stops !
2024-05-07T23:48:52.574+0500	INFO	app/app.go:85	gRPC Server Listening	{"url": ":3333"}
2024-05-07T23:48:53.781+0500	ERROR	services/product.go:191	productUsecase.GetOrderByID	{"error": "object not found"}
product-service/internal/delivery/grpc/services.(*productRPC).GetOrderByID
	/home/gopher/projects/go/src/clothes/product-service/internal/delivery/grpc/services/product.go:191
product-service/genproto/product_service._ProductService_GetOrderByID_Handler
	/home/gopher/projects/go/src/clothes/product-service/genproto/product_service/product_service.pb.go:583
google.golang.org/grpc.(*Server).processUnaryRPC
	/home/gopher/mod-cache/google.golang.org/grpc@v1.63.2/server.go:1369
google.golang.org/grpc.(*Server).handleStream
	/home/gopher/mod-cache/google.golang.org/grpc@v1.63.2/server.go:1780
google.golang.org/grpc.(*Server).serveStreams.func2.1
	/home/gopher/mod-cache/google.golang.org/grpc@v1.63.2/server.go:1019
2024-05-07T23:49:25.690+0500	INFO	app/main.go:34	Product service stops !
2024-05-07T23:49:27.823+0500	INFO	app/app.go:85	gRPC Server Listening	{"url": ":3333"}
2024-05-07T23:49:29.018+0500	ERROR	services/product.go:193	productUsecase.GetOrderByID	{"error": "object not found"}
product-service/internal/delivery/grpc/services.(*productRPC).GetOrderByID
	/home/gopher/projects/go/src/clothes/product-service/internal/delivery/grpc/services/product.go:193
product-service/genproto/product_service._ProductService_GetOrderByID_Handler
	/home/gopher/projects/go/src/clothes/product-service/genproto/product_service/product_service.pb.go:583
google.golang.org/grpc.(*Server).processUnaryRPC
	/home/gopher/mod-cache/google.golang.org/grpc@v1.63.2/server.go:1369
google.golang.org/grpc.(*Server).handleStream
	/home/gopher/mod-cache/google.golang.org/grpc@v1.63.2/server.go:1780
google.golang.org/grpc.(*Server).serveStreams.func2.1
	/home/gopher/mod-cache/google.golang.org/grpc@v1.63.2/server.go:1019
2024-05-07T23:49:59.905+0500	INFO	app/main.go:34	Product service stops !
2024-05-07T23:50:02.000+0500	INFO	app/app.go:85	gRPC Server Listening	{"url": ":3333"}
2024-05-07T23:50:03.222+0500	ERROR	services/product.go:193	productUsecase.GetOrderByID	{"error": "object not found"}
product-service/internal/delivery/grpc/services.(*productRPC).GetOrderByID
	/home/gopher/projects/go/src/clothes/product-service/internal/delivery/grpc/services/product.go:193
product-service/genproto/product_service._ProductService_GetOrderByID_Handler
	/home/gopher/projects/go/src/clothes/product-service/genproto/product_service/product_service.pb.go:583
google.golang.org/grpc.(*Server).processUnaryRPC
	/home/gopher/mod-cache/google.golang.org/grpc@v1.63.2/server.go:1369
google.golang.org/grpc.(*Server).handleStream
	/home/gopher/mod-cache/google.golang.org/grpc@v1.63.2/server.go:1780
google.golang.org/grpc.(*Server).serveStreams.func2.1
	/home/gopher/mod-cache/google.golang.org/grpc@v1.63.2/server.go:1019
2024-05-07T23:51:59.003+0500	INFO	app/main.go:34	Product service stops !
2024-05-07T23:52:04.127+0500	INFO	app/app.go:85	gRPC Server Listening	{"url": ":3333"}
2024-05-07T23:52:06.484+0500	ERROR	services/product.go:193	productUsecase.GetOrderByID	{"error": "object not found"}
product-service/internal/delivery/grpc/services.(*productRPC).GetOrderByID
	/home/gopher/projects/go/src/clothes/product-service/internal/delivery/grpc/services/product.go:193
product-service/genproto/product_service._ProductService_GetOrderByID_Handler
	/home/gopher/projects/go/src/clothes/product-service/genproto/product_service/product_service.pb.go:583
google.golang.org/grpc.(*Server).processUnaryRPC
	/home/gopher/mod-cache/google.golang.org/grpc@v1.63.2/server.go:1369
google.golang.org/grpc.(*Server).handleStream
	/home/gopher/mod-cache/google.golang.org/grpc@v1.63.2/server.go:1780
google.golang.org/grpc.(*Server).serveStreams.func2.1
	/home/gopher/mod-cache/google.golang.org/grpc@v1.63.2/server.go:1019
2024-05-07T23:56:28.942+0500	INFO	app/main.go:34	Product service stops !
2024-05-07T23:56:30.086+0500	INFO	app/app.go:85	gRPC Server Listening	{"url": ":3333"}
2024-05-08T00:05:01.510+0500	INFO	app/main.go:34	Product service stops !
2024-05-08T00:07:14.223+0500	INFO	app/app.go:85	gRPC Server Listening	{"url": ":3333"}
2024-05-08T00:07:17.792+0500	ERROR	services/product.go:182	productUsecase.CancelOrder	{"error": "no sql rows"}
product-service/internal/delivery/grpc/services.(*productRPC).CancelOrder
	/home/gopher/projects/go/src/clothes/product-service/internal/delivery/grpc/services/product.go:182
product-service/genproto/product_service._ProductService_CancelOrder_Handler
	/home/gopher/projects/go/src/clothes/product-service/genproto/product_service/product_service.pb.go:565
google.golang.org/grpc.(*Server).processUnaryRPC
	/home/gopher/mod-cache/google.golang.org/grpc@v1.63.2/server.go:1369
google.golang.org/grpc.(*Server).handleStream
	/home/gopher/mod-cache/google.golang.org/grpc@v1.63.2/server.go:1780
google.golang.org/grpc.(*Server).serveStreams.func2.1
	/home/gopher/mod-cache/google.golang.org/grpc@v1.63.2/server.go:1019
2024-05-08T00:07:21.514+0500	INFO	app/main.go:34	Product service stops !
2024-05-08T00:08:41.082+0500	INFO	app/app.go:85	gRPC Server Listening	{"url": ":3333"}
2024-05-08T00:16:22.735+0500	INFO	app/main.go:34	Product service stops !
2024-05-08T00:16:23.811+0500	INFO	app/app.go:85	gRPC Server Listening	{"url": ":3333"}
2024-05-08T00:16:47.903+0500	INFO	app/main.go:34	Product service stops !
2024-05-08T00:16:48.892+0500	INFO	app/app.go:85	gRPC Server Listening	{"url": ":3333"}
2024-05-08T00:19:32.362+0500	INFO	app/main.go:34	Product service stops !
2024-05-08T00:19:33.396+0500	INFO	app/app.go:85	gRPC Server Listening	{"url": ":3333"}
2024-05-08T00:23:04.725+0500	INFO	app/main.go:34	Product service stops !
2024-05-08T00:23:05.765+0500	INFO	app/app.go:85	gRPC Server Listening	{"url": ":3333"}
2024-05-08T00:23:19.447+0500	INFO	app/main.go:34	Product service stops !
2024-05-08T00:23:20.537+0500	INFO	app/app.go:85	gRPC Server Listening	{"url": ":3333"}
2024-05-08T00:25:16.456+0500	INFO	app/main.go:34	Product service stops !
2024-05-08T00:25:17.526+0500	INFO	app/app.go:85	gRPC Server Listening	{"url": ":3333"}
2024-05-08T00:25:25.199+0500	INFO	app/main.go:34	Product service stops !
2024-05-08T00:25:26.317+0500	INFO	app/app.go:85	gRPC Server Listening	{"url": ":3333"}
2024-05-08T00:27:41.396+0500	INFO	app/main.go:34	Product service stops !
2024-05-08T00:27:42.355+0500	INFO	app/app.go:85	gRPC Server Listening	{"url": ":3333"}
2024-05-08T00:33:02.712+0500	INFO	app/main.go:34	Product service stops !
2024-05-08T00:46:27.606+0500	INFO	app/app.go:85	gRPC Server Listening	{"url": ":3333"}
2024-05-08T00:49:00.573+0500	ERROR	services/set.go:38	productUseCase.SaveProduct	{"error": "ERROR: relation \"saved\" does not exist (SQLSTATE 42P01)"}
product-service/internal/delivery/grpc/services.(*productRPC).SaveProduct
	/home/gopher/projects/go/src/clothes/product-service/internal/delivery/grpc/services/set.go:38
product-service/genproto/product_service._ProductService_SaveProduct_Handler
	/home/gopher/projects/go/src/clothes/product-service/genproto/product_service/product_service.pb.go:727
google.golang.org/grpc.(*Server).processUnaryRPC
	/home/gopher/mod-cache/google.golang.org/grpc@v1.63.2/server.go:1369
google.golang.org/grpc.(*Server).handleStream
	/home/gopher/mod-cache/google.golang.org/grpc@v1.63.2/server.go:1780
google.golang.org/grpc.(*Server).serveStreams.func2.1
	/home/gopher/mod-cache/google.golang.org/grpc@v1.63.2/server.go:1019
2024-05-08T00:51:22.109+0500	ERROR	services/set.go:58	productUsecase.StarProduct	{"error": "ERROR: invalid input syntax for type uuid: \"df7ccc8a-360d-4540-a6de-80b6efa403d3  \" (SQLSTATE 22P02)"}
product-service/internal/delivery/grpc/services.(*productRPC).StarProduct
	/home/gopher/projects/go/src/clothes/product-service/internal/delivery/grpc/services/set.go:58
product-service/genproto/product_service._ProductService_StarProduct_Handler
	/home/gopher/projects/go/src/clothes/product-service/genproto/product_service/product_service.pb.go:745
google.golang.org/grpc.(*Server).processUnaryRPC
	/home/gopher/mod-cache/google.golang.org/grpc@v1.63.2/server.go:1369
google.golang.org/grpc.(*Server).handleStream
	/home/gopher/mod-cache/google.golang.org/grpc@v1.63.2/server.go:1780
google.golang.org/grpc.(*Server).serveStreams.func2.1
	/home/gopher/mod-cache/google.golang.org/grpc@v1.63.2/server.go:1019
2024-05-08T00:51:31.192+0500	INFO	app/main.go:34	Product service stops !
2024-05-08T00:51:32.207+0500	INFO	app/app.go:85	gRPC Server Listening	{"url": ":3333"}
2024-05-08T00:51:33.589+0500	ERROR	services/set.go:58	productUsecase.StarProduct	{"error": "ERROR: invalid input syntax for type uuid: \"df7ccc8a-360d-4540-a6de-80b6efa403d3  \" (SQLSTATE 22P02)"}
product-service/internal/delivery/grpc/services.(*productRPC).StarProduct
	/home/gopher/projects/go/src/clothes/product-service/internal/delivery/grpc/services/set.go:58
product-service/genproto/product_service._ProductService_StarProduct_Handler
	/home/gopher/projects/go/src/clothes/product-service/genproto/product_service/product_service.pb.go:745
google.golang.org/grpc.(*Server).processUnaryRPC
	/home/gopher/mod-cache/google.golang.org/grpc@v1.63.2/server.go:1369
google.golang.org/grpc.(*Server).handleStream
	/home/gopher/mod-cache/google.golang.org/grpc@v1.63.2/server.go:1780
google.golang.org/grpc.(*Server).serveStreams.func2.1
	/home/gopher/mod-cache/google.golang.org/grpc@v1.63.2/server.go:1019
2024-05-08T01:00:14.839+0500	INFO	app/main.go:34	Product service stops !
2024-05-08T01:00:16.584+0500	INFO	app/app.go:85	gRPC Server Listening	{"url": ":3333"}
2024-05-08T01:00:50.091+0500	ERROR	services/set.go:38	productUseCase.SaveProduct	{"error": "ERROR: relation \"saved\" does not exist (SQLSTATE 42P01)"}
product-service/internal/delivery/grpc/services.(*productRPC).SaveProduct
	/home/gopher/projects/go/src/clothes/product-service/internal/delivery/grpc/services/set.go:38
product-service/genproto/product_service._ProductService_SaveProduct_Handler
	/home/gopher/projects/go/src/clothes/product-service/genproto/product_service/product_service.pb.go:727
google.golang.org/grpc.(*Server).processUnaryRPC
	/home/gopher/mod-cache/google.golang.org/grpc@v1.63.2/server.go:1369
google.golang.org/grpc.(*Server).handleStream
	/home/gopher/mod-cache/google.golang.org/grpc@v1.63.2/server.go:1780
google.golang.org/grpc.(*Server).serveStreams.func2.1
	/home/gopher/mod-cache/google.golang.org/grpc@v1.63.2/server.go:1019
2024-05-08T01:01:35.991+0500	INFO	app/main.go:34	Product service stops !
2024-05-08T01:01:37.708+0500	INFO	app/app.go:85	gRPC Server Listening	{"url": ":3333"}
2024-05-08T01:02:18.069+0500	ERROR	services/order.go:37	productUsecase.CancelOrder	{"error": "no sql rows"}
product-service/internal/delivery/grpc/services.(*productRPC).CancelOrder
	/home/gopher/projects/go/src/clothes/product-service/internal/delivery/grpc/services/order.go:37
product-service/genproto/product_service._ProductService_CancelOrder_Handler
	/home/gopher/projects/go/src/clothes/product-service/genproto/product_service/product_service.pb.go:565
google.golang.org/grpc.(*Server).processUnaryRPC
	/home/gopher/mod-cache/google.golang.org/grpc@v1.63.2/server.go:1369
google.golang.org/grpc.(*Server).handleStream
	/home/gopher/mod-cache/google.golang.org/grpc@v1.63.2/server.go:1780
google.golang.org/grpc.(*Server).serveStreams.func2.1
	/home/gopher/mod-cache/google.golang.org/grpc@v1.63.2/server.go:1019
2024-05-08T01:04:43.342+0500	INFO	app/main.go:34	Product service stops !
2024-05-08T01:04:44.431+0500	INFO	app/app.go:85	gRPC Server Listening	{"url": ":3333"}
2024-05-08T01:05:20.579+0500	INFO	app/main.go:34	Product service stops !
2024-05-08T01:05:21.646+0500	INFO	app/app.go:85	gRPC Server Listening	{"url": ":3333"}
2024-05-08T01:08:55.147+0500	ERROR	services/order.go:48	productUsecase.GetOrderByID	{"error": "object not found"}
product-service/internal/delivery/grpc/services.(*productRPC).GetOrderByID
	/home/gopher/projects/go/src/clothes/product-service/internal/delivery/grpc/services/order.go:48
product-service/genproto/product_service._ProductService_GetOrderByID_Handler
	/home/gopher/projects/go/src/clothes/product-service/genproto/product_service/product_service.pb.go:583
google.golang.org/grpc.(*Server).processUnaryRPC
	/home/gopher/mod-cache/google.golang.org/grpc@v1.63.2/server.go:1369
google.golang.org/grpc.(*Server).handleStream
	/home/gopher/mod-cache/google.golang.org/grpc@v1.63.2/server.go:1780
google.golang.org/grpc.(*Server).serveStreams.func2.1
	/home/gopher/mod-cache/google.golang.org/grpc@v1.63.2/server.go:1019
2024-05-08T01:12:55.391+0500	INFO	app/main.go:34	Product service stops !
2024-05-08T01:12:57.733+0500	INFO	app/app.go:85	gRPC Server Listening	{"url": ":3333"}
2024-05-08T01:20:24.584+0500	INFO	app/main.go:34	Product service stops !
2024-05-08T01:20:25.584+0500	INFO	app/app.go:85	gRPC Server Listening	{"url": ":3333"}
2024-05-08T01:23:40.960+0500	INFO	app/main.go:34	Product service stops !
2024-05-08T09:35:57.513+0500	INFO	app/app.go:85	gRPC Server Listening	{"url": ":3333"}
2024-05-08T09:49:00.194+0500	ERROR	services/product.go:99	productUseCase.DeleteProduct	{"error": "no sql rows"}
product-service/internal/delivery/grpc/services.(*productRPC).DeleteProduct
	/home/gopher/projects/go/src/clothes/product-service/internal/delivery/grpc/services/product.go:99
product-service/genproto/product_service._ProductService_DeleteProduct_Handler
	/home/gopher/projects/go/src/clothes/product-service/genproto/product_service/product_service.pb.go:493
google.golang.org/grpc.(*Server).processUnaryRPC
	/home/gopher/mod-cache/google.golang.org/grpc@v1.63.2/server.go:1369
google.golang.org/grpc.(*Server).handleStream
	/home/gopher/mod-cache/google.golang.org/grpc@v1.63.2/server.go:1780
google.golang.org/grpc.(*Server).serveStreams.func2.1
	/home/gopher/mod-cache/google.golang.org/grpc@v1.63.2/server.go:1019
2024-05-08T10:23:42.203+0500	ERROR	services/order.go:69	productUsecase.GetAllOrders	{"error": "ERROR: column \"delted_at\" does not exist (SQLSTATE 42703)"}
product-service/internal/delivery/grpc/services.(*productRPC).GetAllOrders
	/home/gopher/projects/go/src/clothes/product-service/internal/delivery/grpc/services/order.go:69
product-service/genproto/product_service._ProductService_GetAllOrders_Handler
	/home/gopher/projects/go/src/clothes/product-service/genproto/product_service/product_service.pb.go:601
google.golang.org/grpc.(*Server).processUnaryRPC
	/home/gopher/mod-cache/google.golang.org/grpc@v1.63.2/server.go:1369
google.golang.org/grpc.(*Server).handleStream
	/home/gopher/mod-cache/google.golang.org/grpc@v1.63.2/server.go:1780
google.golang.org/grpc.(*Server).serveStreams.func2.1
	/home/gopher/mod-cache/google.golang.org/grpc@v1.63.2/server.go:1019
2024-05-08T10:29:09.255+0500	INFO	app/main.go:34	Product service stops !
2024-05-08T10:29:10.293+0500	INFO	app/app.go:85	gRPC Server Listening	{"url": ":3333"}
2024-05-08T10:29:20.270+0500	ERROR	services/order.go:69	productUsecase.GetAllOrders	{"error": "ERROR: column \"delted_at\" does not exist (SQLSTATE 42703)"}
product-service/internal/delivery/grpc/services.(*productRPC).GetAllOrders
	/home/gopher/projects/go/src/clothes/product-service/internal/delivery/grpc/services/order.go:69
product-service/genproto/product_service._ProductService_GetAllOrders_Handler
	/home/gopher/projects/go/src/clothes/product-service/genproto/product_service/product_service.pb.go:601
google.golang.org/grpc.(*Server).processUnaryRPC
	/home/gopher/mod-cache/google.golang.org/grpc@v1.63.2/server.go:1369
google.golang.org/grpc.(*Server).handleStream
	/home/gopher/mod-cache/google.golang.org/grpc@v1.63.2/server.go:1780
google.golang.org/grpc.(*Server).serveStreams.func2.1
	/home/gopher/mod-cache/google.golang.org/grpc@v1.63.2/server.go:1019
2024-05-08T10:32:01.351+0500	ERROR	services/order.go:69	productUsecase.GetAllOrders	{"error": "ERROR: column \"delted_at\" does not exist (SQLSTATE 42703)"}
product-service/internal/delivery/grpc/services.(*productRPC).GetAllOrders
	/home/gopher/projects/go/src/clothes/product-service/internal/delivery/grpc/services/order.go:69
product-service/genproto/product_service._ProductService_GetAllOrders_Handler
	/home/gopher/projects/go/src/clothes/product-service/genproto/product_service/product_service.pb.go:601
google.golang.org/grpc.(*Server).processUnaryRPC
	/home/gopher/mod-cache/google.golang.org/grpc@v1.63.2/server.go:1369
google.golang.org/grpc.(*Server).handleStream
	/home/gopher/mod-cache/google.golang.org/grpc@v1.63.2/server.go:1780
google.golang.org/grpc.(*Server).serveStreams.func2.1
	/home/gopher/mod-cache/google.golang.org/grpc@v1.63.2/server.go:1019
2024-05-08T10:32:37.130+0500	ERROR	services/order.go:37	productUsecase.CancelOrder	{"error": "no sql rows"}
product-service/internal/delivery/grpc/services.(*productRPC).CancelOrder
	/home/gopher/projects/go/src/clothes/product-service/internal/delivery/grpc/services/order.go:37
product-service/genproto/product_service._ProductService_CancelOrder_Handler
	/home/gopher/projects/go/src/clothes/product-service/genproto/product_service/product_service.pb.go:565
google.golang.org/grpc.(*Server).processUnaryRPC
	/home/gopher/mod-cache/google.golang.org/grpc@v1.63.2/server.go:1369
google.golang.org/grpc.(*Server).handleStream
	/home/gopher/mod-cache/google.golang.org/grpc@v1.63.2/server.go:1780
google.golang.org/grpc.(*Server).serveStreams.func2.1
	/home/gopher/mod-cache/google.golang.org/grpc@v1.63.2/server.go:1019
2024-05-08T10:32:43.020+0500	ERROR	services/order.go:69	productUsecase.GetAllOrders	{"error": "ERROR: column \"delted_at\" does not exist (SQLSTATE 42703)"}
product-service/internal/delivery/grpc/services.(*productRPC).GetAllOrders
	/home/gopher/projects/go/src/clothes/product-service/internal/delivery/grpc/services/order.go:69
product-service/genproto/product_service._ProductService_GetAllOrders_Handler
	/home/gopher/projects/go/src/clothes/product-service/genproto/product_service/product_service.pb.go:601
google.golang.org/grpc.(*Server).processUnaryRPC
	/home/gopher/mod-cache/google.golang.org/grpc@v1.63.2/server.go:1369
google.golang.org/grpc.(*Server).handleStream
	/home/gopher/mod-cache/google.golang.org/grpc@v1.63.2/server.go:1780
google.golang.org/grpc.(*Server).serveStreams.func2.1
	/home/gopher/mod-cache/google.golang.org/grpc@v1.63.2/server.go:1019
2024-05-08T10:34:37.108+0500	INFO	app/main.go:34	Product service stops !
2024-05-08T10:34:50.790+0500	INFO	app/app.go:85	gRPC Server Listening	{"url": ":3333"}
2024-05-08T10:34:58.008+0500	ERROR	services/order.go:69	productUsecase.GetAllOrders	{"error": "ERROR: column \"delted_at\" does not exist (SQLSTATE 42703)"}
product-service/internal/delivery/grpc/services.(*productRPC).GetAllOrders
	/home/gopher/projects/go/src/clothes/product-service/internal/delivery/grpc/services/order.go:69
product-service/genproto/product_service._ProductService_GetAllOrders_Handler
	/home/gopher/projects/go/src/clothes/product-service/genproto/product_service/product_service.pb.go:601
google.golang.org/grpc.(*Server).processUnaryRPC
	/home/gopher/mod-cache/google.golang.org/grpc@v1.63.2/server.go:1369
google.golang.org/grpc.(*Server).handleStream
	/home/gopher/mod-cache/google.golang.org/grpc@v1.63.2/server.go:1780
google.golang.org/grpc.(*Server).serveStreams.func2.1
	/home/gopher/mod-cache/google.golang.org/grpc@v1.63.2/server.go:1019
2024-05-08T10:36:28.363+0500	INFO	app/main.go:34	Product service stops !
2024-05-08T10:36:29.475+0500	INFO	app/app.go:85	gRPC Server Listening	{"url": ":3333"}
2024-05-08T10:36:32.035+0500	ERROR	services/order.go:69	productUsecase.GetAllOrders	{"error": "ERROR: column \"delted_at\" does not exist (SQLSTATE 42703)"}
product-service/internal/delivery/grpc/services.(*productRPC).GetAllOrders
	/home/gopher/projects/go/src/clothes/product-service/internal/delivery/grpc/services/order.go:69
product-service/genproto/product_service._ProductService_GetAllOrders_Handler
	/home/gopher/projects/go/src/clothes/product-service/genproto/product_service/product_service.pb.go:601
google.golang.org/grpc.(*Server).processUnaryRPC
	/home/gopher/mod-cache/google.golang.org/grpc@v1.63.2/server.go:1369
google.golang.org/grpc.(*Server).handleStream
	/home/gopher/mod-cache/google.golang.org/grpc@v1.63.2/server.go:1780
google.golang.org/grpc.(*Server).serveStreams.func2.1
	/home/gopher/mod-cache/google.golang.org/grpc@v1.63.2/server.go:1019
2024-05-08T10:36:41.858+0500	INFO	app/main.go:34	Product service stops !
2024-05-08T10:36:42.831+0500	INFO	app/app.go:85	gRPC Server Listening	{"url": ":3333"}
2024-05-08T10:37:06.624+0500	INFO	app/main.go:34	Product service stops !
2024-05-08T10:48:28.861+0500	INFO	app/app.go:85	gRPC Server Listening	{"url": ":3333"}
2024-05-08T10:48:46.551+0500	ERROR	services/product.go:73	productUseCase.GetProductByID	{"error": "object not found"}
product-service/internal/delivery/grpc/services.(*productRPC).GetProductByID
	/home/gopher/projects/go/src/clothes/product-service/internal/delivery/grpc/services/product.go:73
product-service/genproto/product_service._ProductService_GetProductByID_Handler
	/home/gopher/projects/go/src/clothes/product-service/genproto/product_service/product_service.pb.go:511
google.golang.org/grpc.(*Server).processUnaryRPC
	/home/gopher/mod-cache/google.golang.org/grpc@v1.63.2/server.go:1369
google.golang.org/grpc.(*Server).handleStream
	/home/gopher/mod-cache/google.golang.org/grpc@v1.63.2/server.go:1780
google.golang.org/grpc.(*Server).serveStreams.func2.1
	/home/gopher/mod-cache/google.golang.org/grpc@v1.63.2/server.go:1019
2024-05-08T10:48:46.552+0500	ERROR	services/product.go:73	productUseCase.GetProductByID	{"error": "object not found"}
product-service/internal/delivery/grpc/services.(*productRPC).GetProductByID
	/home/gopher/projects/go/src/clothes/product-service/internal/delivery/grpc/services/product.go:73
product-service/genproto/product_service._ProductService_GetProductByID_Handler
	/home/gopher/projects/go/src/clothes/product-service/genproto/product_service/product_service.pb.go:511
google.golang.org/grpc.(*Server).processUnaryRPC
	/home/gopher/mod-cache/google.golang.org/grpc@v1.63.2/server.go:1369
google.golang.org/grpc.(*Server).handleStream
	/home/gopher/mod-cache/google.golang.org/grpc@v1.63.2/server.go:1780
google.golang.org/grpc.(*Server).serveStreams.func2.1
	/home/gopher/mod-cache/google.golang.org/grpc@v1.63.2/server.go:1019
2024-05-08T10:49:05.780+0500	ERROR	services/order.go:48	productUsecase.GetOrderByID	{"error": "object not found"}
product-service/internal/delivery/grpc/services.(*productRPC).GetOrderByID
	/home/gopher/projects/go/src/clothes/product-service/internal/delivery/grpc/services/order.go:48
product-service/genproto/product_service._ProductService_GetOrderByID_Handler
	/home/gopher/projects/go/src/clothes/product-service/genproto/product_service/product_service.pb.go:583
google.golang.org/grpc.(*Server).processUnaryRPC
	/home/gopher/mod-cache/google.golang.org/grpc@v1.63.2/server.go:1369
google.golang.org/grpc.(*Server).handleStream
	/home/gopher/mod-cache/google.golang.org/grpc@v1.63.2/server.go:1780
google.golang.org/grpc.(*Server).serveStreams.func2.1
	/home/gopher/mod-cache/google.golang.org/grpc@v1.63.2/server.go:1019
2024-05-08T11:07:00.250+0500	INFO	app/main.go:34	Product service stops !
2024-05-08T11:07:02.464+0500	INFO	app/app.go:85	gRPC Server Listening	{"url": ":3333"}
2024-05-08T11:09:39.083+0500	ERROR	services/order.go:26	productUsecase.CreateOrder	{"error": "ERROR: insert or update on table \"orders\" violates foreign key constraint \"orders_product_id_fkey\" (SQLSTATE 23503)"}
product-service/internal/delivery/grpc/services.(*productRPC).CreateOrder
	/home/gopher/projects/go/src/clothes/product-service/internal/delivery/grpc/services/order.go:26
product-service/genproto/product_service._ProductService_CreateOrder_Handler
	/home/gopher/projects/go/src/clothes/product-service/genproto/product_service/product_service.pb.go:547
google.golang.org/grpc.(*Server).processUnaryRPC
	/home/gopher/mod-cache/google.golang.org/grpc@v1.63.2/server.go:1369
google.golang.org/grpc.(*Server).handleStream
	/home/gopher/mod-cache/google.golang.org/grpc@v1.63.2/server.go:1780
google.golang.org/grpc.(*Server).serveStreams.func2.1
	/home/gopher/mod-cache/google.golang.org/grpc@v1.63.2/server.go:1019
2024-05-08T11:10:16.505+0500	INFO	app/main.go:34	Product service stops !
2024-05-08T11:10:17.458+0500	INFO	app/app.go:85	gRPC Server Listening	{"url": ":3333"}
2024-05-08T11:10:20.406+0500	ERROR	services/order.go:26	productUsecase.CreateOrder	{"error": "ERROR: insert or update on table \"orders\" violates foreign key constraint \"orders_product_id_fkey\" (SQLSTATE 23503)"}
product-service/internal/delivery/grpc/services.(*productRPC).CreateOrder
	/home/gopher/projects/go/src/clothes/product-service/internal/delivery/grpc/services/order.go:26
product-service/genproto/product_service._ProductService_CreateOrder_Handler
	/home/gopher/projects/go/src/clothes/product-service/genproto/product_service/product_service.pb.go:547
google.golang.org/grpc.(*Server).processUnaryRPC
	/home/gopher/mod-cache/google.golang.org/grpc@v1.63.2/server.go:1369
google.golang.org/grpc.(*Server).handleStream
	/home/gopher/mod-cache/google.golang.org/grpc@v1.63.2/server.go:1780
google.golang.org/grpc.(*Server).serveStreams.func2.1
	/home/gopher/mod-cache/google.golang.org/grpc@v1.63.2/server.go:1019
2024-05-08T11:11:03.989+0500	INFO	app/main.go:34	Product service stops !
2024-05-08T11:11:04.941+0500	INFO	app/app.go:85	gRPC Server Listening	{"url": ":3333"}
2024-05-08T11:11:06.908+0500	ERROR	services/order.go:26	productUsecase.CreateOrder	{"error": "ERROR: insert or update on table \"orders\" violates foreign key constraint \"orders_product_id_fkey\" (SQLSTATE 23503)"}
product-service/internal/delivery/grpc/services.(*productRPC).CreateOrder
	/home/gopher/projects/go/src/clothes/product-service/internal/delivery/grpc/services/order.go:26
product-service/genproto/product_service._ProductService_CreateOrder_Handler
	/home/gopher/projects/go/src/clothes/product-service/genproto/product_service/product_service.pb.go:547
google.golang.org/grpc.(*Server).processUnaryRPC
	/home/gopher/mod-cache/google.golang.org/grpc@v1.63.2/server.go:1369
google.golang.org/grpc.(*Server).handleStream
	/home/gopher/mod-cache/google.golang.org/grpc@v1.63.2/server.go:1780
google.golang.org/grpc.(*Server).serveStreams.func2.1
	/home/gopher/mod-cache/google.golang.org/grpc@v1.63.2/server.go:1019
2024-05-08T11:11:54.055+0500	INFO	app/main.go:34	Product service stops !
2024-05-08T11:11:55.306+0500	INFO	app/app.go:85	gRPC Server Listening	{"url": ":3333"}
2024-05-08T11:11:57.968+0500	ERROR	services/order.go:26	productUsecase.CreateOrder	{"error": "ERROR: insert or update on table \"orders\" violates foreign key constraint \"orders_product_id_fkey\" (SQLSTATE 23503)"}
product-service/internal/delivery/grpc/services.(*productRPC).CreateOrder
	/home/gopher/projects/go/src/clothes/product-service/internal/delivery/grpc/services/order.go:26
product-service/genproto/product_service._ProductService_CreateOrder_Handler
	/home/gopher/projects/go/src/clothes/product-service/genproto/product_service/product_service.pb.go:547
google.golang.org/grpc.(*Server).processUnaryRPC
	/home/gopher/mod-cache/google.golang.org/grpc@v1.63.2/server.go:1369
google.golang.org/grpc.(*Server).handleStream
	/home/gopher/mod-cache/google.golang.org/grpc@v1.63.2/server.go:1780
google.golang.org/grpc.(*Server).serveStreams.func2.1
	/home/gopher/mod-cache/google.golang.org/grpc@v1.63.2/server.go:1019
2024-05-08T11:12:31.281+0500	INFO	app/main.go:34	Product service stops !
2024-05-08T11:12:32.209+0500	INFO	app/app.go:85	gRPC Server Listening	{"url": ":3333"}
2024-05-08T11:12:34.203+0500	ERROR	services/order.go:26	productUsecase.CreateOrder	{"error": "ERROR: insert or update on table \"orders\" violates foreign key constraint \"orders_product_id_fkey\" (SQLSTATE 23503)"}
product-service/internal/delivery/grpc/services.(*productRPC).CreateOrder
	/home/gopher/projects/go/src/clothes/product-service/internal/delivery/grpc/services/order.go:26
product-service/genproto/product_service._ProductService_CreateOrder_Handler
	/home/gopher/projects/go/src/clothes/product-service/genproto/product_service/product_service.pb.go:547
google.golang.org/grpc.(*Server).processUnaryRPC
	/home/gopher/mod-cache/google.golang.org/grpc@v1.63.2/server.go:1369
google.golang.org/grpc.(*Server).handleStream
	/home/gopher/mod-cache/google.golang.org/grpc@v1.63.2/server.go:1780
google.golang.org/grpc.(*Server).serveStreams.func2.1
	/home/gopher/mod-cache/google.golang.org/grpc@v1.63.2/server.go:1019
2024-05-08T11:12:54.426+0500	INFO	app/main.go:34	Product service stops !
2024-05-08T11:13:00.857+0500	INFO	app/app.go:85	gRPC Server Listening	{"url": ":3333"}
2024-05-08T11:13:04.424+0500	ERROR	services/order.go:26	productUsecase.CreateOrder	{"error": "ERROR: insert or update on table \"orders\" violates foreign key constraint \"orders_product_id_fkey\" (SQLSTATE 23503)"}
product-service/internal/delivery/grpc/services.(*productRPC).CreateOrder
	/home/gopher/projects/go/src/clothes/product-service/internal/delivery/grpc/services/order.go:26
product-service/genproto/product_service._ProductService_CreateOrder_Handler
	/home/gopher/projects/go/src/clothes/product-service/genproto/product_service/product_service.pb.go:547
google.golang.org/grpc.(*Server).processUnaryRPC
	/home/gopher/mod-cache/google.golang.org/grpc@v1.63.2/server.go:1369
google.golang.org/grpc.(*Server).handleStream
	/home/gopher/mod-cache/google.golang.org/grpc@v1.63.2/server.go:1780
google.golang.org/grpc.(*Server).serveStreams.func2.1
	/home/gopher/mod-cache/google.golang.org/grpc@v1.63.2/server.go:1019
2024-05-08T12:30:06.291+0500	INFO	app/app.go:85	gRPC Server Listening	{"url": ":3333"}
2024-05-08T13:06:57.630+0500	INFO	app/app.go:85	gRPC Server Listening	{"url": ":3333"}
2024-05-08T13:31:02.151+0500	ERROR	services/set.go:38	productUseCase.SaveProduct	{"error": "ERROR: insert or update on table \"saves\" violates foreign key constraint \"saves_product_id_fkey\" (SQLSTATE 23503)"}
product-service/internal/delivery/grpc/services.(*productRPC).SaveProduct
	/home/gopher/projects/go/src/clothes/product-service/internal/delivery/grpc/services/set.go:38
product-service/genproto/product_service._ProductService_SaveProduct_Handler
	/home/gopher/projects/go/src/clothes/product-service/genproto/product_service/product_service.pb.go:727
google.golang.org/grpc.(*Server).processUnaryRPC
	/home/gopher/mod-cache/google.golang.org/grpc@v1.63.2/server.go:1369
google.golang.org/grpc.(*Server).handleStream
	/home/gopher/mod-cache/google.golang.org/grpc@v1.63.2/server.go:1780
google.golang.org/grpc.(*Server).serveStreams.func2.1
	/home/gopher/mod-cache/google.golang.org/grpc@v1.63.2/server.go:1019
2024-05-08T14:03:10.686+0500	ERROR	services/product.go:73	productUseCase.GetProductByID	{"error": "object not found"}
product-service/internal/delivery/grpc/services.(*productRPC).GetProductByID
	/home/gopher/projects/go/src/clothes/product-service/internal/delivery/grpc/services/product.go:73
product-service/genproto/product_service._ProductService_GetProductByID_Handler
	/home/gopher/projects/go/src/clothes/product-service/genproto/product_service/product_service.pb.go:511
google.golang.org/grpc.(*Server).processUnaryRPC
	/home/gopher/mod-cache/google.golang.org/grpc@v1.63.2/server.go:1369
google.golang.org/grpc.(*Server).handleStream
	/home/gopher/mod-cache/google.golang.org/grpc@v1.63.2/server.go:1780
google.golang.org/grpc.(*Server).serveStreams.func2.1
	/home/gopher/mod-cache/google.golang.org/grpc@v1.63.2/server.go:1019
2024-05-08T14:04:32.085+0500	ERROR	services/product.go:73	productUseCase.GetProductByID	{"error": "object not found"}
product-service/internal/delivery/grpc/services.(*productRPC).GetProductByID
	/home/gopher/projects/go/src/clothes/product-service/internal/delivery/grpc/services/product.go:73
product-service/genproto/product_service._ProductService_GetProductByID_Handler
	/home/gopher/projects/go/src/clothes/product-service/genproto/product_service/product_service.pb.go:511
google.golang.org/grpc.(*Server).processUnaryRPC
	/home/gopher/mod-cache/google.golang.org/grpc@v1.63.2/server.go:1369
google.golang.org/grpc.(*Server).handleStream
	/home/gopher/mod-cache/google.golang.org/grpc@v1.63.2/server.go:1780
google.golang.org/grpc.(*Server).serveStreams.func2.1
	/home/gopher/mod-cache/google.golang.org/grpc@v1.63.2/server.go:1019
2024-05-08T14:06:47.251+0500	ERROR	services/product.go:73	productUseCase.GetProductByID	{"error": "object not found"}
product-service/internal/delivery/grpc/services.(*productRPC).GetProductByID
	/home/gopher/projects/go/src/clothes/product-service/internal/delivery/grpc/services/product.go:73
product-service/genproto/product_service._ProductService_GetProductByID_Handler
	/home/gopher/projects/go/src/clothes/product-service/genproto/product_service/product_service.pb.go:511
google.golang.org/grpc.(*Server).processUnaryRPC
	/home/gopher/mod-cache/google.golang.org/grpc@v1.63.2/server.go:1369
google.golang.org/grpc.(*Server).handleStream
	/home/gopher/mod-cache/google.golang.org/grpc@v1.63.2/server.go:1780
google.golang.org/grpc.(*Server).serveStreams.func2.1
	/home/gopher/mod-cache/google.golang.org/grpc@v1.63.2/server.go:1019
2024-05-08T14:06:48.507+0500	ERROR	services/product.go:73	productUseCase.GetProductByID	{"error": "object not found"}
product-service/internal/delivery/grpc/services.(*productRPC).GetProductByID
	/home/gopher/projects/go/src/clothes/product-service/internal/delivery/grpc/services/product.go:73
product-service/genproto/product_service._ProductService_GetProductByID_Handler
	/home/gopher/projects/go/src/clothes/product-service/genproto/product_service/product_service.pb.go:511
google.golang.org/grpc.(*Server).processUnaryRPC
	/home/gopher/mod-cache/google.golang.org/grpc@v1.63.2/server.go:1369
google.golang.org/grpc.(*Server).handleStream
	/home/gopher/mod-cache/google.golang.org/grpc@v1.63.2/server.go:1780
google.golang.org/grpc.(*Server).serveStreams.func2.1
	/home/gopher/mod-cache/google.golang.org/grpc@v1.63.2/server.go:1019
2024-05-08T14:07:39.332+0500	ERROR	services/product.go:73	productUseCase.GetProductByID	{"error": "object not found"}
product-service/internal/delivery/grpc/services.(*productRPC).GetProductByID
	/home/gopher/projects/go/src/clothes/product-service/internal/delivery/grpc/services/product.go:73
product-service/genproto/product_service._ProductService_GetProductByID_Handler
	/home/gopher/projects/go/src/clothes/product-service/genproto/product_service/product_service.pb.go:511
google.golang.org/grpc.(*Server).processUnaryRPC
	/home/gopher/mod-cache/google.golang.org/grpc@v1.63.2/server.go:1369
google.golang.org/grpc.(*Server).handleStream
	/home/gopher/mod-cache/google.golang.org/grpc@v1.63.2/server.go:1780
google.golang.org/grpc.(*Server).serveStreams.func2.1
	/home/gopher/mod-cache/google.golang.org/grpc@v1.63.2/server.go:1019
2024-05-08T14:14:28.214+0500	ERROR	services/product.go:73	productUseCase.GetProductByID	{"error": "object not found"}
product-service/internal/delivery/grpc/services.(*productRPC).GetProductByID
	/home/gopher/projects/go/src/clothes/product-service/internal/delivery/grpc/services/product.go:73
product-service/genproto/product_service._ProductService_GetProductByID_Handler
	/home/gopher/projects/go/src/clothes/product-service/genproto/product_service/product_service.pb.go:511
google.golang.org/grpc.(*Server).processUnaryRPC
	/home/gopher/mod-cache/google.golang.org/grpc@v1.63.2/server.go:1369
google.golang.org/grpc.(*Server).handleStream
	/home/gopher/mod-cache/google.golang.org/grpc@v1.63.2/server.go:1780
google.golang.org/grpc.(*Server).serveStreams.func2.1
	/home/gopher/mod-cache/google.golang.org/grpc@v1.63.2/server.go:1019
2024-05-08T14:20:43.559+0500	ERROR	services/product.go:73	productUseCase.GetProductByID	{"error": "object not found"}
product-service/internal/delivery/grpc/services.(*productRPC).GetProductByID
	/home/gopher/projects/go/src/clothes/product-service/internal/delivery/grpc/services/product.go:73
product-service/genproto/product_service._ProductService_GetProductByID_Handler
	/home/gopher/projects/go/src/clothes/product-service/genproto/product_service/product_service.pb.go:511
google.golang.org/grpc.(*Server).processUnaryRPC
	/home/gopher/mod-cache/google.golang.org/grpc@v1.63.2/server.go:1369
google.golang.org/grpc.(*Server).handleStream
	/home/gopher/mod-cache/google.golang.org/grpc@v1.63.2/server.go:1780
google.golang.org/grpc.(*Server).serveStreams.func2.1
	/home/gopher/mod-cache/google.golang.org/grpc@v1.63.2/server.go:1019
2024-05-08T14:20:43.560+0500	ERROR	services/product.go:73	productUseCase.GetProductByID	{"error": "object not found"}
product-service/internal/delivery/grpc/services.(*productRPC).GetProductByID
	/home/gopher/projects/go/src/clothes/product-service/internal/delivery/grpc/services/product.go:73
product-service/genproto/product_service._ProductService_GetProductByID_Handler
	/home/gopher/projects/go/src/clothes/product-service/genproto/product_service/product_service.pb.go:511
google.golang.org/grpc.(*Server).processUnaryRPC
	/home/gopher/mod-cache/google.golang.org/grpc@v1.63.2/server.go:1369
google.golang.org/grpc.(*Server).handleStream
	/home/gopher/mod-cache/google.golang.org/grpc@v1.63.2/server.go:1780
google.golang.org/grpc.(*Server).serveStreams.func2.1
	/home/gopher/mod-cache/google.golang.org/grpc@v1.63.2/server.go:1019
2024-05-08T14:21:01.768+0500	INFO	app/main.go:34	Product service stops !
2024-05-08T14:21:03.141+0500	INFO	app/app.go:85	gRPC Server Listening	{"url": ":3333"}
2024-05-08T14:21:09.889+0500	ERROR	services/product.go:73	productUseCase.GetProductByID	{"error": "object not found"}
product-service/internal/delivery/grpc/services.(*productRPC).GetProductByID
	/home/gopher/projects/go/src/clothes/product-service/internal/delivery/grpc/services/product.go:73
product-service/genproto/product_service._ProductService_GetProductByID_Handler
	/home/gopher/projects/go/src/clothes/product-service/genproto/product_service/product_service.pb.go:511
google.golang.org/grpc.(*Server).processUnaryRPC
	/home/gopher/mod-cache/google.golang.org/grpc@v1.63.2/server.go:1369
google.golang.org/grpc.(*Server).handleStream
	/home/gopher/mod-cache/google.golang.org/grpc@v1.63.2/server.go:1780
google.golang.org/grpc.(*Server).serveStreams.func2.1
	/home/gopher/mod-cache/google.golang.org/grpc@v1.63.2/server.go:1019
2024-05-08T14:21:09.891+0500	ERROR	services/product.go:73	productUseCase.GetProductByID	{"error": "object not found"}
product-service/internal/delivery/grpc/services.(*productRPC).GetProductByID
	/home/gopher/projects/go/src/clothes/product-service/internal/delivery/grpc/services/product.go:73
product-service/genproto/product_service._ProductService_GetProductByID_Handler
	/home/gopher/projects/go/src/clothes/product-service/genproto/product_service/product_service.pb.go:511
google.golang.org/grpc.(*Server).processUnaryRPC
	/home/gopher/mod-cache/google.golang.org/grpc@v1.63.2/server.go:1369
google.golang.org/grpc.(*Server).handleStream
	/home/gopher/mod-cache/google.golang.org/grpc@v1.63.2/server.go:1780
google.golang.org/grpc.(*Server).serveStreams.func2.1
	/home/gopher/mod-cache/google.golang.org/grpc@v1.63.2/server.go:1019
2024-05-08T14:22:21.978+0500	INFO	app/main.go:34	Product service stops !
2024-05-08T14:22:28.986+0500	INFO	app/app.go:85	gRPC Server Listening	{"url": ":3333"}
2024-05-08T14:22:34.410+0500	ERROR	services/product.go:73	productUseCase.GetProductByID	{"error": "object not found"}
product-service/internal/delivery/grpc/services.(*productRPC).GetProductByID
	/home/gopher/projects/go/src/clothes/product-service/internal/delivery/grpc/services/product.go:73
product-service/genproto/product_service._ProductService_GetProductByID_Handler
	/home/gopher/projects/go/src/clothes/product-service/genproto/product_service/product_service.pb.go:511
google.golang.org/grpc.(*Server).processUnaryRPC
	/home/gopher/mod-cache/google.golang.org/grpc@v1.63.2/server.go:1369
google.golang.org/grpc.(*Server).handleStream
	/home/gopher/mod-cache/google.golang.org/grpc@v1.63.2/server.go:1780
google.golang.org/grpc.(*Server).serveStreams.func2.1
	/home/gopher/mod-cache/google.golang.org/grpc@v1.63.2/server.go:1019
2024-05-08T14:22:34.411+0500	ERROR	services/product.go:73	productUseCase.GetProductByID	{"error": "object not found"}
product-service/internal/delivery/grpc/services.(*productRPC).GetProductByID
	/home/gopher/projects/go/src/clothes/product-service/internal/delivery/grpc/services/product.go:73
product-service/genproto/product_service._ProductService_GetProductByID_Handler
	/home/gopher/projects/go/src/clothes/product-service/genproto/product_service/product_service.pb.go:511
google.golang.org/grpc.(*Server).processUnaryRPC
	/home/gopher/mod-cache/google.golang.org/grpc@v1.63.2/server.go:1369
google.golang.org/grpc.(*Server).handleStream
	/home/gopher/mod-cache/google.golang.org/grpc@v1.63.2/server.go:1780
google.golang.org/grpc.(*Server).serveStreams.func2.1
	/home/gopher/mod-cache/google.golang.org/grpc@v1.63.2/server.go:1019
2024-05-08T14:22:35.210+0500	ERROR	services/product.go:73	productUseCase.GetProductByID	{"error": "object not found"}
product-service/internal/delivery/grpc/services.(*productRPC).GetProductByID
	/home/gopher/projects/go/src/clothes/product-service/internal/delivery/grpc/services/product.go:73
product-service/genproto/product_service._ProductService_GetProductByID_Handler
	/home/gopher/projects/go/src/clothes/product-service/genproto/product_service/product_service.pb.go:511
google.golang.org/grpc.(*Server).processUnaryRPC
	/home/gopher/mod-cache/google.golang.org/grpc@v1.63.2/server.go:1369
google.golang.org/grpc.(*Server).handleStream
	/home/gopher/mod-cache/google.golang.org/grpc@v1.63.2/server.go:1780
google.golang.org/grpc.(*Server).serveStreams.func2.1
	/home/gopher/mod-cache/google.golang.org/grpc@v1.63.2/server.go:1019
2024-05-08T14:22:35.211+0500	ERROR	services/product.go:73	productUseCase.GetProductByID	{"error": "object not found"}
product-service/internal/delivery/grpc/services.(*productRPC).GetProductByID
	/home/gopher/projects/go/src/clothes/product-service/internal/delivery/grpc/services/product.go:73
product-service/genproto/product_service._ProductService_GetProductByID_Handler
	/home/gopher/projects/go/src/clothes/product-service/genproto/product_service/product_service.pb.go:511
google.golang.org/grpc.(*Server).processUnaryRPC
	/home/gopher/mod-cache/google.golang.org/grpc@v1.63.2/server.go:1369
google.golang.org/grpc.(*Server).handleStream
	/home/gopher/mod-cache/google.golang.org/grpc@v1.63.2/server.go:1780
google.golang.org/grpc.(*Server).serveStreams.func2.1
	/home/gopher/mod-cache/google.golang.org/grpc@v1.63.2/server.go:1019
2024-05-08T14:23:03.393+0500	INFO	app/main.go:34	Product service stops !
2024-05-08T14:23:04.447+0500	INFO	app/app.go:85	gRPC Server Listening	{"url": ":3333"}
2024-05-08T14:23:07.179+0500	ERROR	services/product.go:73	productUseCase.GetProductByID	{"error": "object not found"}
product-service/internal/delivery/grpc/services.(*productRPC).GetProductByID
	/home/gopher/projects/go/src/clothes/product-service/internal/delivery/grpc/services/product.go:73
product-service/genproto/product_service._ProductService_GetProductByID_Handler
	/home/gopher/projects/go/src/clothes/product-service/genproto/product_service/product_service.pb.go:511
google.golang.org/grpc.(*Server).processUnaryRPC
	/home/gopher/mod-cache/google.golang.org/grpc@v1.63.2/server.go:1369
google.golang.org/grpc.(*Server).handleStream
	/home/gopher/mod-cache/google.golang.org/grpc@v1.63.2/server.go:1780
google.golang.org/grpc.(*Server).serveStreams.func2.1
	/home/gopher/mod-cache/google.golang.org/grpc@v1.63.2/server.go:1019
2024-05-08T14:23:07.181+0500	ERROR	services/product.go:73	productUseCase.GetProductByID	{"error": "object not found"}
product-service/internal/delivery/grpc/services.(*productRPC).GetProductByID
	/home/gopher/projects/go/src/clothes/product-service/internal/delivery/grpc/services/product.go:73
product-service/genproto/product_service._ProductService_GetProductByID_Handler
	/home/gopher/projects/go/src/clothes/product-service/genproto/product_service/product_service.pb.go:511
google.golang.org/grpc.(*Server).processUnaryRPC
	/home/gopher/mod-cache/google.golang.org/grpc@v1.63.2/server.go:1369
google.golang.org/grpc.(*Server).handleStream
	/home/gopher/mod-cache/google.golang.org/grpc@v1.63.2/server.go:1780
google.golang.org/grpc.(*Server).serveStreams.func2.1
	/home/gopher/mod-cache/google.golang.org/grpc@v1.63.2/server.go:1019
2024-05-08T14:23:17.094+0500	INFO	app/main.go:34	Product service stops !
2024-05-08T14:23:19.223+0500	INFO	app/app.go:85	gRPC Server Listening	{"url": ":3333"}
2024-05-08T14:23:25.997+0500	ERROR	services/product.go:73	productUseCase.GetProductByID	{"error": "object not found"}
product-service/internal/delivery/grpc/services.(*productRPC).GetProductByID
	/home/gopher/projects/go/src/clothes/product-service/internal/delivery/grpc/services/product.go:73
product-service/genproto/product_service._ProductService_GetProductByID_Handler
	/home/gopher/projects/go/src/clothes/product-service/genproto/product_service/product_service.pb.go:511
google.golang.org/grpc.(*Server).processUnaryRPC
	/home/gopher/mod-cache/google.golang.org/grpc@v1.63.2/server.go:1369
google.golang.org/grpc.(*Server).handleStream
	/home/gopher/mod-cache/google.golang.org/grpc@v1.63.2/server.go:1780
google.golang.org/grpc.(*Server).serveStreams.func2.1
	/home/gopher/mod-cache/google.golang.org/grpc@v1.63.2/server.go:1019
2024-05-08T14:23:25.998+0500	ERROR	services/product.go:73	productUseCase.GetProductByID	{"error": "object not found"}
product-service/internal/delivery/grpc/services.(*productRPC).GetProductByID
	/home/gopher/projects/go/src/clothes/product-service/internal/delivery/grpc/services/product.go:73
product-service/genproto/product_service._ProductService_GetProductByID_Handler
	/home/gopher/projects/go/src/clothes/product-service/genproto/product_service/product_service.pb.go:511
google.golang.org/grpc.(*Server).processUnaryRPC
	/home/gopher/mod-cache/google.golang.org/grpc@v1.63.2/server.go:1369
google.golang.org/grpc.(*Server).handleStream
	/home/gopher/mod-cache/google.golang.org/grpc@v1.63.2/server.go:1780
google.golang.org/grpc.(*Server).serveStreams.func2.1
	/home/gopher/mod-cache/google.golang.org/grpc@v1.63.2/server.go:1019
2024-05-08T14:23:26.822+0500	ERROR	services/product.go:73	productUseCase.GetProductByID	{"error": "object not found"}
product-service/internal/delivery/grpc/services.(*productRPC).GetProductByID
	/home/gopher/projects/go/src/clothes/product-service/internal/delivery/grpc/services/product.go:73
product-service/genproto/product_service._ProductService_GetProductByID_Handler
	/home/gopher/projects/go/src/clothes/product-service/genproto/product_service/product_service.pb.go:511
google.golang.org/grpc.(*Server).processUnaryRPC
	/home/gopher/mod-cache/google.golang.org/grpc@v1.63.2/server.go:1369
google.golang.org/grpc.(*Server).handleStream
	/home/gopher/mod-cache/google.golang.org/grpc@v1.63.2/server.go:1780
google.golang.org/grpc.(*Server).serveStreams.func2.1
	/home/gopher/mod-cache/google.golang.org/grpc@v1.63.2/server.go:1019
2024-05-08T14:23:26.823+0500	ERROR	services/product.go:73	productUseCase.GetProductByID	{"error": "object not found"}
product-service/internal/delivery/grpc/services.(*productRPC).GetProductByID
	/home/gopher/projects/go/src/clothes/product-service/internal/delivery/grpc/services/product.go:73
product-service/genproto/product_service._ProductService_GetProductByID_Handler
	/home/gopher/projects/go/src/clothes/product-service/genproto/product_service/product_service.pb.go:511
google.golang.org/grpc.(*Server).processUnaryRPC
	/home/gopher/mod-cache/google.golang.org/grpc@v1.63.2/server.go:1369
google.golang.org/grpc.(*Server).handleStream
	/home/gopher/mod-cache/google.golang.org/grpc@v1.63.2/server.go:1780
google.golang.org/grpc.(*Server).serveStreams.func2.1
	/home/gopher/mod-cache/google.golang.org/grpc@v1.63.2/server.go:1019
2024-05-08T14:24:11.874+0500	INFO	app/main.go:34	Product service stops !
2024-05-08T14:24:12.930+0500	INFO	app/app.go:85	gRPC Server Listening	{"url": ":3333"}
2024-05-08T14:24:15.579+0500	ERROR	services/product.go:73	productUseCase.GetProductByID	{"error": "object not found"}
product-service/internal/delivery/grpc/services.(*productRPC).GetProductByID
	/home/gopher/projects/go/src/clothes/product-service/internal/delivery/grpc/services/product.go:73
product-service/genproto/product_service._ProductService_GetProductByID_Handler
	/home/gopher/projects/go/src/clothes/product-service/genproto/product_service/product_service.pb.go:511
google.golang.org/grpc.(*Server).processUnaryRPC
	/home/gopher/mod-cache/google.golang.org/grpc@v1.63.2/server.go:1369
google.golang.org/grpc.(*Server).handleStream
	/home/gopher/mod-cache/google.golang.org/grpc@v1.63.2/server.go:1780
google.golang.org/grpc.(*Server).serveStreams.func2.1
	/home/gopher/mod-cache/google.golang.org/grpc@v1.63.2/server.go:1019
2024-05-08T14:24:15.580+0500	ERROR	services/product.go:73	productUseCase.GetProductByID	{"error": "object not found"}
product-service/internal/delivery/grpc/services.(*productRPC).GetProductByID
	/home/gopher/projects/go/src/clothes/product-service/internal/delivery/grpc/services/product.go:73
product-service/genproto/product_service._ProductService_GetProductByID_Handler
	/home/gopher/projects/go/src/clothes/product-service/genproto/product_service/product_service.pb.go:511
google.golang.org/grpc.(*Server).processUnaryRPC
	/home/gopher/mod-cache/google.golang.org/grpc@v1.63.2/server.go:1369
google.golang.org/grpc.(*Server).handleStream
	/home/gopher/mod-cache/google.golang.org/grpc@v1.63.2/server.go:1780
google.golang.org/grpc.(*Server).serveStreams.func2.1
	/home/gopher/mod-cache/google.golang.org/grpc@v1.63.2/server.go:1019
2024-05-08T14:25:10.221+0500	ERROR	services/product.go:73	productUseCase.GetProductByID	{"error": "object not found"}
product-service/internal/delivery/grpc/services.(*productRPC).GetProductByID
	/home/gopher/projects/go/src/clothes/product-service/internal/delivery/grpc/services/product.go:73
product-service/genproto/product_service._ProductService_GetProductByID_Handler
	/home/gopher/projects/go/src/clothes/product-service/genproto/product_service/product_service.pb.go:511
google.golang.org/grpc.(*Server).processUnaryRPC
	/home/gopher/mod-cache/google.golang.org/grpc@v1.63.2/server.go:1369
google.golang.org/grpc.(*Server).handleStream
	/home/gopher/mod-cache/google.golang.org/grpc@v1.63.2/server.go:1780
google.golang.org/grpc.(*Server).serveStreams.func2.1
	/home/gopher/mod-cache/google.golang.org/grpc@v1.63.2/server.go:1019
2024-05-08T14:25:10.226+0500	ERROR	services/product.go:73	productUseCase.GetProductByID	{"error": "object not found"}
product-service/internal/delivery/grpc/services.(*productRPC).GetProductByID
	/home/gopher/projects/go/src/clothes/product-service/internal/delivery/grpc/services/product.go:73
product-service/genproto/product_service._ProductService_GetProductByID_Handler
	/home/gopher/projects/go/src/clothes/product-service/genproto/product_service/product_service.pb.go:511
google.golang.org/grpc.(*Server).processUnaryRPC
	/home/gopher/mod-cache/google.golang.org/grpc@v1.63.2/server.go:1369
google.golang.org/grpc.(*Server).handleStream
	/home/gopher/mod-cache/google.golang.org/grpc@v1.63.2/server.go:1780
google.golang.org/grpc.(*Server).serveStreams.func2.1
	/home/gopher/mod-cache/google.golang.org/grpc@v1.63.2/server.go:1019
2024-05-08T14:26:04.076+0500	ERROR	services/product.go:73	productUseCase.GetProductByID	{"error": "object not found"}
product-service/internal/delivery/grpc/services.(*productRPC).GetProductByID
	/home/gopher/projects/go/src/clothes/product-service/internal/delivery/grpc/services/product.go:73
product-service/genproto/product_service._ProductService_GetProductByID_Handler
	/home/gopher/projects/go/src/clothes/product-service/genproto/product_service/product_service.pb.go:511
google.golang.org/grpc.(*Server).processUnaryRPC
	/home/gopher/mod-cache/google.golang.org/grpc@v1.63.2/server.go:1369
google.golang.org/grpc.(*Server).handleStream
	/home/gopher/mod-cache/google.golang.org/grpc@v1.63.2/server.go:1780
google.golang.org/grpc.(*Server).serveStreams.func2.1
	/home/gopher/mod-cache/google.golang.org/grpc@v1.63.2/server.go:1019
2024-05-08T14:26:04.077+0500	ERROR	services/product.go:73	productUseCase.GetProductByID	{"error": "object not found"}
product-service/internal/delivery/grpc/services.(*productRPC).GetProductByID
	/home/gopher/projects/go/src/clothes/product-service/internal/delivery/grpc/services/product.go:73
product-service/genproto/product_service._ProductService_GetProductByID_Handler
	/home/gopher/projects/go/src/clothes/product-service/genproto/product_service/product_service.pb.go:511
google.golang.org/grpc.(*Server).processUnaryRPC
	/home/gopher/mod-cache/google.golang.org/grpc@v1.63.2/server.go:1369
google.golang.org/grpc.(*Server).handleStream
	/home/gopher/mod-cache/google.golang.org/grpc@v1.63.2/server.go:1780
google.golang.org/grpc.(*Server).serveStreams.func2.1
	/home/gopher/mod-cache/google.golang.org/grpc@v1.63.2/server.go:1019
2024-05-08T14:28:33.749+0500	INFO	app/main.go:34	Product service stops !
2024-05-08T14:28:45.833+0500	INFO	app/app.go:85	gRPC Server Listening	{"url": ":3333"}
2024-05-08T14:28:54.656+0500	ERROR	services/product.go:73	productUseCase.GetProductByID	{"error": "object not found"}
product-service/internal/delivery/grpc/services.(*productRPC).GetProductByID
	/home/gopher/projects/go/src/clothes/product-service/internal/delivery/grpc/services/product.go:73
product-service/genproto/product_service._ProductService_GetProductByID_Handler
	/home/gopher/projects/go/src/clothes/product-service/genproto/product_service/product_service.pb.go:511
google.golang.org/grpc.(*Server).processUnaryRPC
	/home/gopher/mod-cache/google.golang.org/grpc@v1.63.2/server.go:1369
google.golang.org/grpc.(*Server).handleStream
	/home/gopher/mod-cache/google.golang.org/grpc@v1.63.2/server.go:1780
google.golang.org/grpc.(*Server).serveStreams.func2.1
	/home/gopher/mod-cache/google.golang.org/grpc@v1.63.2/server.go:1019
2024-05-08T14:28:54.659+0500	ERROR	services/product.go:73	productUseCase.GetProductByID	{"error": "object not found"}
product-service/internal/delivery/grpc/services.(*productRPC).GetProductByID
	/home/gopher/projects/go/src/clothes/product-service/internal/delivery/grpc/services/product.go:73
product-service/genproto/product_service._ProductService_GetProductByID_Handler
	/home/gopher/projects/go/src/clothes/product-service/genproto/product_service/product_service.pb.go:511
google.golang.org/grpc.(*Server).processUnaryRPC
	/home/gopher/mod-cache/google.golang.org/grpc@v1.63.2/server.go:1369
google.golang.org/grpc.(*Server).handleStream
	/home/gopher/mod-cache/google.golang.org/grpc@v1.63.2/server.go:1780
google.golang.org/grpc.(*Server).serveStreams.func2.1
	/home/gopher/mod-cache/google.golang.org/grpc@v1.63.2/server.go:1019
2024-05-08T14:28:55.896+0500	ERROR	services/product.go:73	productUseCase.GetProductByID	{"error": "object not found"}
product-service/internal/delivery/grpc/services.(*productRPC).GetProductByID
	/home/gopher/projects/go/src/clothes/product-service/internal/delivery/grpc/services/product.go:73
product-service/genproto/product_service._ProductService_GetProductByID_Handler
	/home/gopher/projects/go/src/clothes/product-service/genproto/product_service/product_service.pb.go:511
google.golang.org/grpc.(*Server).processUnaryRPC
	/home/gopher/mod-cache/google.golang.org/grpc@v1.63.2/server.go:1369
google.golang.org/grpc.(*Server).handleStream
	/home/gopher/mod-cache/google.golang.org/grpc@v1.63.2/server.go:1780
google.golang.org/grpc.(*Server).serveStreams.func2.1
	/home/gopher/mod-cache/google.golang.org/grpc@v1.63.2/server.go:1019
2024-05-08T14:28:55.896+0500	ERROR	services/product.go:73	productUseCase.GetProductByID	{"error": "object not found"}
product-service/internal/delivery/grpc/services.(*productRPC).GetProductByID
	/home/gopher/projects/go/src/clothes/product-service/internal/delivery/grpc/services/product.go:73
product-service/genproto/product_service._ProductService_GetProductByID_Handler
	/home/gopher/projects/go/src/clothes/product-service/genproto/product_service/product_service.pb.go:511
google.golang.org/grpc.(*Server).processUnaryRPC
	/home/gopher/mod-cache/google.golang.org/grpc@v1.63.2/server.go:1369
google.golang.org/grpc.(*Server).handleStream
	/home/gopher/mod-cache/google.golang.org/grpc@v1.63.2/server.go:1780
google.golang.org/grpc.(*Server).serveStreams.func2.1
	/home/gopher/mod-cache/google.golang.org/grpc@v1.63.2/server.go:1019
2024-05-08T14:29:16.750+0500	INFO	app/main.go:34	Product service stops !
2024-05-08T14:29:19.047+0500	INFO	app/app.go:85	gRPC Server Listening	{"url": ":3333"}
2024-05-08T14:29:20.651+0500	ERROR	services/product.go:73	productUseCase.GetProductByID	{"error": "object not found"}
product-service/internal/delivery/grpc/services.(*productRPC).GetProductByID
	/home/gopher/projects/go/src/clothes/product-service/internal/delivery/grpc/services/product.go:73
product-service/genproto/product_service._ProductService_GetProductByID_Handler
	/home/gopher/projects/go/src/clothes/product-service/genproto/product_service/product_service.pb.go:511
google.golang.org/grpc.(*Server).processUnaryRPC
	/home/gopher/mod-cache/google.golang.org/grpc@v1.63.2/server.go:1369
google.golang.org/grpc.(*Server).handleStream
	/home/gopher/mod-cache/google.golang.org/grpc@v1.63.2/server.go:1780
google.golang.org/grpc.(*Server).serveStreams.func2.1
	/home/gopher/mod-cache/google.golang.org/grpc@v1.63.2/server.go:1019
2024-05-08T14:29:20.652+0500	ERROR	services/product.go:73	productUseCase.GetProductByID	{"error": "object not found"}
product-service/internal/delivery/grpc/services.(*productRPC).GetProductByID
	/home/gopher/projects/go/src/clothes/product-service/internal/delivery/grpc/services/product.go:73
product-service/genproto/product_service._ProductService_GetProductByID_Handler
	/home/gopher/projects/go/src/clothes/product-service/genproto/product_service/product_service.pb.go:511
google.golang.org/grpc.(*Server).processUnaryRPC
	/home/gopher/mod-cache/google.golang.org/grpc@v1.63.2/server.go:1369
google.golang.org/grpc.(*Server).handleStream
	/home/gopher/mod-cache/google.golang.org/grpc@v1.63.2/server.go:1780
google.golang.org/grpc.(*Server).serveStreams.func2.1
	/home/gopher/mod-cache/google.golang.org/grpc@v1.63.2/server.go:1019
2024-05-08T14:30:05.110+0500	INFO	app/main.go:34	Product service stops !
2024-05-08T14:30:06.036+0500	INFO	app/app.go:85	gRPC Server Listening	{"url": ":3333"}
2024-05-08T14:30:07.972+0500	ERROR	services/product.go:73	productUseCase.GetProductByID	{"error": "object not found"}
product-service/internal/delivery/grpc/services.(*productRPC).GetProductByID
	/home/gopher/projects/go/src/clothes/product-service/internal/delivery/grpc/services/product.go:73
product-service/genproto/product_service._ProductService_GetProductByID_Handler
	/home/gopher/projects/go/src/clothes/product-service/genproto/product_service/product_service.pb.go:511
google.golang.org/grpc.(*Server).processUnaryRPC
	/home/gopher/mod-cache/google.golang.org/grpc@v1.63.2/server.go:1369
google.golang.org/grpc.(*Server).handleStream
	/home/gopher/mod-cache/google.golang.org/grpc@v1.63.2/server.go:1780
google.golang.org/grpc.(*Server).serveStreams.func2.1
	/home/gopher/mod-cache/google.golang.org/grpc@v1.63.2/server.go:1019
2024-05-08T14:30:07.973+0500	ERROR	services/product.go:73	productUseCase.GetProductByID	{"error": "object not found"}
product-service/internal/delivery/grpc/services.(*productRPC).GetProductByID
	/home/gopher/projects/go/src/clothes/product-service/internal/delivery/grpc/services/product.go:73
product-service/genproto/product_service._ProductService_GetProductByID_Handler
	/home/gopher/projects/go/src/clothes/product-service/genproto/product_service/product_service.pb.go:511
google.golang.org/grpc.(*Server).processUnaryRPC
	/home/gopher/mod-cache/google.golang.org/grpc@v1.63.2/server.go:1369
google.golang.org/grpc.(*Server).handleStream
	/home/gopher/mod-cache/google.golang.org/grpc@v1.63.2/server.go:1780
google.golang.org/grpc.(*Server).serveStreams.func2.1
	/home/gopher/mod-cache/google.golang.org/grpc@v1.63.2/server.go:1019
2024-05-08T14:30:14.012+0500	INFO	app/main.go:34	Product service stops !
2024-05-08T14:30:14.863+0500	INFO	app/app.go:85	gRPC Server Listening	{"url": ":3333"}
2024-05-08T14:30:17.242+0500	ERROR	services/product.go:73	productUseCase.GetProductByID	{"error": "object not found"}
product-service/internal/delivery/grpc/services.(*productRPC).GetProductByID
	/home/gopher/projects/go/src/clothes/product-service/internal/delivery/grpc/services/product.go:73
product-service/genproto/product_service._ProductService_GetProductByID_Handler
	/home/gopher/projects/go/src/clothes/product-service/genproto/product_service/product_service.pb.go:511
google.golang.org/grpc.(*Server).processUnaryRPC
	/home/gopher/mod-cache/google.golang.org/grpc@v1.63.2/server.go:1369
google.golang.org/grpc.(*Server).handleStream
	/home/gopher/mod-cache/google.golang.org/grpc@v1.63.2/server.go:1780
google.golang.org/grpc.(*Server).serveStreams.func2.1
	/home/gopher/mod-cache/google.golang.org/grpc@v1.63.2/server.go:1019
2024-05-08T14:30:17.243+0500	ERROR	services/product.go:73	productUseCase.GetProductByID	{"error": "object not found"}
product-service/internal/delivery/grpc/services.(*productRPC).GetProductByID
	/home/gopher/projects/go/src/clothes/product-service/internal/delivery/grpc/services/product.go:73
product-service/genproto/product_service._ProductService_GetProductByID_Handler
	/home/gopher/projects/go/src/clothes/product-service/genproto/product_service/product_service.pb.go:511
google.golang.org/grpc.(*Server).processUnaryRPC
	/home/gopher/mod-cache/google.golang.org/grpc@v1.63.2/server.go:1369
google.golang.org/grpc.(*Server).handleStream
	/home/gopher/mod-cache/google.golang.org/grpc@v1.63.2/server.go:1780
google.golang.org/grpc.(*Server).serveStreams.func2.1
	/home/gopher/mod-cache/google.golang.org/grpc@v1.63.2/server.go:1019
2024-05-08T14:30:17.244+0500	ERROR	services/product.go:73	productUseCase.GetProductByID	{"error": "object not found"}
product-service/internal/delivery/grpc/services.(*productRPC).GetProductByID
	/home/gopher/projects/go/src/clothes/product-service/internal/delivery/grpc/services/product.go:73
product-service/genproto/product_service._ProductService_GetProductByID_Handler
	/home/gopher/projects/go/src/clothes/product-service/genproto/product_service/product_service.pb.go:511
google.golang.org/grpc.(*Server).processUnaryRPC
	/home/gopher/mod-cache/google.golang.org/grpc@v1.63.2/server.go:1369
google.golang.org/grpc.(*Server).handleStream
	/home/gopher/mod-cache/google.golang.org/grpc@v1.63.2/server.go:1780
google.golang.org/grpc.(*Server).serveStreams.func2.1
	/home/gopher/mod-cache/google.golang.org/grpc@v1.63.2/server.go:1019
2024-05-08T14:30:17.253+0500	ERROR	services/product.go:73	productUseCase.GetProductByID	{"error": "object not found"}
product-service/internal/delivery/grpc/services.(*productRPC).GetProductByID
	/home/gopher/projects/go/src/clothes/product-service/internal/delivery/grpc/services/product.go:73
product-service/genproto/product_service._ProductService_GetProductByID_Handler
	/home/gopher/projects/go/src/clothes/product-service/genproto/product_service/product_service.pb.go:511
google.golang.org/grpc.(*Server).processUnaryRPC
	/home/gopher/mod-cache/google.golang.org/grpc@v1.63.2/server.go:1369
google.golang.org/grpc.(*Server).handleStream
	/home/gopher/mod-cache/google.golang.org/grpc@v1.63.2/server.go:1780
google.golang.org/grpc.(*Server).serveStreams.func2.1
	/home/gopher/mod-cache/google.golang.org/grpc@v1.63.2/server.go:1019
2024-05-08T14:30:19.382+0500	INFO	app/main.go:34	Product service stops !
2024-05-08T14:30:27.210+0500	INFO	app/app.go:85	gRPC Server Listening	{"url": ":3333"}
2024-05-08T14:30:29.057+0500	ERROR	services/product.go:73	productUseCase.GetProductByID	{"error": "object not found"}
product-service/internal/delivery/grpc/services.(*productRPC).GetProductByID
	/home/gopher/projects/go/src/clothes/product-service/internal/delivery/grpc/services/product.go:73
product-service/genproto/product_service._ProductService_GetProductByID_Handler
	/home/gopher/projects/go/src/clothes/product-service/genproto/product_service/product_service.pb.go:511
google.golang.org/grpc.(*Server).processUnaryRPC
	/home/gopher/mod-cache/google.golang.org/grpc@v1.63.2/server.go:1369
google.golang.org/grpc.(*Server).handleStream
	/home/gopher/mod-cache/google.golang.org/grpc@v1.63.2/server.go:1780
google.golang.org/grpc.(*Server).serveStreams.func2.1
	/home/gopher/mod-cache/google.golang.org/grpc@v1.63.2/server.go:1019
2024-05-08T14:30:29.058+0500	ERROR	services/product.go:73	productUseCase.GetProductByID	{"error": "object not found"}
product-service/internal/delivery/grpc/services.(*productRPC).GetProductByID
	/home/gopher/projects/go/src/clothes/product-service/internal/delivery/grpc/services/product.go:73
product-service/genproto/product_service._ProductService_GetProductByID_Handler
	/home/gopher/projects/go/src/clothes/product-service/genproto/product_service/product_service.pb.go:511
google.golang.org/grpc.(*Server).processUnaryRPC
	/home/gopher/mod-cache/google.golang.org/grpc@v1.63.2/server.go:1369
google.golang.org/grpc.(*Server).handleStream
	/home/gopher/mod-cache/google.golang.org/grpc@v1.63.2/server.go:1780
google.golang.org/grpc.(*Server).serveStreams.func2.1
	/home/gopher/mod-cache/google.golang.org/grpc@v1.63.2/server.go:1019
2024-05-08T14:32:06.904+0500	ERROR	services/product.go:73	productUseCase.GetProductByID	{"error": "object not found"}
product-service/internal/delivery/grpc/services.(*productRPC).GetProductByID
	/home/gopher/projects/go/src/clothes/product-service/internal/delivery/grpc/services/product.go:73
product-service/genproto/product_service._ProductService_GetProductByID_Handler
	/home/gopher/projects/go/src/clothes/product-service/genproto/product_service/product_service.pb.go:511
google.golang.org/grpc.(*Server).processUnaryRPC
	/home/gopher/mod-cache/google.golang.org/grpc@v1.63.2/server.go:1369
google.golang.org/grpc.(*Server).handleStream
	/home/gopher/mod-cache/google.golang.org/grpc@v1.63.2/server.go:1780
google.golang.org/grpc.(*Server).serveStreams.func2.1
	/home/gopher/mod-cache/google.golang.org/grpc@v1.63.2/server.go:1019
2024-05-08T14:32:06.905+0500	ERROR	services/product.go:73	productUseCase.GetProductByID	{"error": "object not found"}
product-service/internal/delivery/grpc/services.(*productRPC).GetProductByID
	/home/gopher/projects/go/src/clothes/product-service/internal/delivery/grpc/services/product.go:73
product-service/genproto/product_service._ProductService_GetProductByID_Handler
	/home/gopher/projects/go/src/clothes/product-service/genproto/product_service/product_service.pb.go:511
google.golang.org/grpc.(*Server).processUnaryRPC
	/home/gopher/mod-cache/google.golang.org/grpc@v1.63.2/server.go:1369
google.golang.org/grpc.(*Server).handleStream
	/home/gopher/mod-cache/google.golang.org/grpc@v1.63.2/server.go:1780
google.golang.org/grpc.(*Server).serveStreams.func2.1
	/home/gopher/mod-cache/google.golang.org/grpc@v1.63.2/server.go:1019
2024-05-08T14:34:29.238+0500	INFO	app/main.go:34	Product service stops !
2024-05-08T14:34:30.321+0500	INFO	app/app.go:85	gRPC Server Listening	{"url": ":3333"}
2024-05-08T14:34:39.407+0500	INFO	app/main.go:34	Product service stops !
2024-05-08T14:34:40.161+0500	INFO	app/app.go:85	gRPC Server Listening	{"url": ":3333"}
2024-05-08T14:34:44.260+0500	INFO	app/main.go:34	Product service stops !
2024-05-08T14:34:45.422+0500	INFO	app/app.go:85	gRPC Server Listening	{"url": ":3333"}
2024-05-08T18:22:01.939+0500	INFO	app/app.go:85	gRPC Server Listening	{"url": ":3333"}
