2024-05-06T13:54:57.585+0500	INFO	app/app.go:106	gRPC Server Listening	{"url": ":2222"}
2024-05-06T14:01:53.295+0500	INFO	zap/options.go:212	finished unary call with code OK	{"grpc.start_time": "2024-05-06T14:01:53+05:00", "grpc.request.deadline": "2024-05-06T14:02:00+05:00", "system": "grpc", "span.kind": "server", "grpc.service": "media_service.MediaService", "grpc.method": "Create", "peer.address": "127.0.0.1:36502", "grpc.code": "OK", "grpc.time_ms": 2.873}
2024-05-06T14:58:18.811+0500	INFO	zap/options.go:212	finished unary call with code OK	{"grpc.start_time": "2024-05-06T14:58:18+05:00", "grpc.request.deadline": "2024-05-06T14:58:25+05:00", "system": "grpc", "span.kind": "server", "grpc.service": "media_service.MediaService", "grpc.method": "Create", "peer.address": "127.0.0.1:59868", "grpc.code": "OK", "grpc.time_ms": 6.662}
2024-05-06T14:58:33.824+0500	INFO	zap/options.go:212	finished unary call with code OK	{"grpc.start_time": "2024-05-06T14:58:33+05:00", "grpc.request.deadline": "2024-05-06T14:58:40+05:00", "system": "grpc", "span.kind": "server", "grpc.service": "media_service.MediaService", "grpc.method": "Create", "peer.address": "127.0.0.1:59868", "grpc.code": "OK", "grpc.time_ms": 1.17}
2024-05-06T14:58:35.912+0500	INFO	zap/options.go:212	finished unary call with code OK	{"grpc.start_time": "2024-05-06T14:58:35+05:00", "grpc.request.deadline": "2024-05-06T14:58:42+05:00", "system": "grpc", "span.kind": "server", "grpc.service": "media_service.MediaService", "grpc.method": "Create", "peer.address": "127.0.0.1:59868", "grpc.code": "OK", "grpc.time_ms": 0.92}
2024-05-06T14:58:36.652+0500	INFO	zap/options.go:212	finished unary call with code OK	{"grpc.start_time": "2024-05-06T14:58:36+05:00", "grpc.request.deadline": "2024-05-06T14:58:43+05:00", "system": "grpc", "span.kind": "server", "grpc.service": "media_service.MediaService", "grpc.method": "Create", "peer.address": "127.0.0.1:59868", "grpc.code": "OK", "grpc.time_ms": 1.029}
2024-05-06T14:58:43.886+0500	INFO	zap/options.go:212	finished unary call with code OK	{"grpc.start_time": "2024-05-06T14:58:43+05:00", "grpc.request.deadline": "2024-05-06T14:58:50+05:00", "system": "grpc", "span.kind": "server", "grpc.service": "media_service.MediaService", "grpc.method": "Get", "peer.address": "127.0.0.1:59868", "grpc.code": "OK", "grpc.time_ms": 1.713}
2024-05-06T15:00:28.545+0500	INFO	zap/options.go:212	finished unary call with code OK	{"grpc.start_time": "2024-05-06T15:00:28+05:00", "grpc.request.deadline": "2024-05-06T15:00:35+05:00", "system": "grpc", "span.kind": "server", "grpc.service": "media_service.MediaService", "grpc.method": "Get", "peer.address": "127.0.0.1:39900", "grpc.code": "OK", "grpc.time_ms": 0.397}
2024-05-06T15:01:09.163+0500	INFO	zap/options.go:212	finished unary call with code OK	{"grpc.start_time": "2024-05-06T15:01:09+05:00", "grpc.request.deadline": "2024-05-06T15:01:16+05:00", "system": "grpc", "span.kind": "server", "grpc.service": "media_service.MediaService", "grpc.method": "Get", "peer.address": "127.0.0.1:45374", "grpc.code": "OK", "grpc.time_ms": 0.342}
2024-05-06T15:06:51.200+0500	INFO	zap/options.go:212	finished unary call with code OK	{"grpc.start_time": "2024-05-06T15:06:51+05:00", "grpc.request.deadline": "2024-05-06T15:06:58+05:00", "system": "grpc", "span.kind": "server", "grpc.service": "media_service.MediaService", "grpc.method": "Get", "peer.address": "127.0.0.1:47652", "grpc.code": "OK", "grpc.time_ms": 0.425}
2024-05-06T15:11:58.183+0500	INFO	app/main.go:36	Conten service stops !
2024-05-06T15:11:59.618+0500	INFO	app/app.go:106	gRPC Server Listening	{"url": ":2222"}
2024-05-06T15:12:02.586+0500	INFO	zap/options.go:212	finished unary call with code OK	{"grpc.start_time": "2024-05-06T15:12:02+05:00", "grpc.request.deadline": "2024-05-06T15:12:09+05:00", "system": "grpc", "span.kind": "server", "grpc.service": "media_service.MediaService", "grpc.method": "Get", "peer.address": "127.0.0.1:43542", "grpc.code": "OK", "grpc.time_ms": 1.077}
2024-05-06T15:12:02.819+0500	INFO	zap/options.go:212	finished unary call with code OK	{"grpc.start_time": "2024-05-06T15:12:02+05:00", "grpc.request.deadline": "2024-05-06T15:12:09+05:00", "system": "grpc", "span.kind": "server", "grpc.service": "media_service.MediaService", "grpc.method": "Get", "peer.address": "127.0.0.1:43542", "grpc.code": "OK", "grpc.time_ms": 0.627}
2024-05-06T15:13:19.611+0500	INFO	app/main.go:36	Conten service stops !
2024-05-06T15:13:21.714+0500	INFO	app/app.go:106	gRPC Server Listening	{"url": ":2222"}
2024-05-06T15:13:24.833+0500	INFO	zap/options.go:212	finished unary call with code OK	{"grpc.start_time": "2024-05-06T15:13:24+05:00", "grpc.request.deadline": "2024-05-06T15:13:31+05:00", "system": "grpc", "span.kind": "server", "grpc.service": "media_service.MediaService", "grpc.method": "Get", "peer.address": "127.0.0.1:49694", "grpc.code": "OK", "grpc.time_ms": 1.051}
2024-05-06T15:14:49.736+0500	INFO	app/main.go:36	Conten service stops !
2024-05-06T15:14:51.087+0500	INFO	app/app.go:106	gRPC Server Listening	{"url": ":2222"}
2024-05-06T15:14:53.573+0500	INFO	zap/options.go:212	finished unary call with code OK	{"grpc.start_time": "2024-05-06T15:14:53+05:00", "grpc.request.deadline": "2024-05-06T15:15:00+05:00", "system": "grpc", "span.kind": "server", "grpc.service": "media_service.MediaService", "grpc.method": "Get", "peer.address": "127.0.0.1:44412", "grpc.code": "OK", "grpc.time_ms": 1.544}
2024-05-06T15:16:14.047+0500	INFO	app/main.go:36	Conten service stops !
2024-05-06T15:16:15.388+0500	INFO	app/app.go:106	gRPC Server Listening	{"url": ":2222"}
2024-05-06T15:16:18.180+0500	INFO	zap/options.go:212	finished unary call with code OK	{"grpc.start_time": "2024-05-06T15:16:18+05:00", "grpc.request.deadline": "2024-05-06T15:16:25+05:00", "system": "grpc", "span.kind": "server", "grpc.service": "media_service.MediaService", "grpc.method": "Get", "peer.address": "127.0.0.1:56456", "grpc.code": "OK", "grpc.time_ms": 1.502}
2024-05-06T15:17:04.008+0500	INFO	zap/options.go:212	finished unary call with code OK	{"grpc.start_time": "2024-05-06T15:17:04+05:00", "grpc.request.deadline": "2024-05-06T15:17:11+05:00", "system": "grpc", "span.kind": "server", "grpc.service": "media_service.MediaService", "grpc.method": "Get", "peer.address": "127.0.0.1:38862", "grpc.code": "OK", "grpc.time_ms": 0.593}
2024-05-06T15:19:25.819+0500	INFO	zap/options.go:212	finished unary call with code OK	{"grpc.start_time": "2024-05-06T15:19:25+05:00", "grpc.request.deadline": "2024-05-06T15:19:32+05:00", "system": "grpc", "span.kind": "server", "grpc.service": "media_service.MediaService", "grpc.method": "Get", "peer.address": "127.0.0.1:47670", "grpc.code": "OK", "grpc.time_ms": 0.752}
2024-05-06T15:20:04.679+0500	INFO	zap/options.go:212	finished unary call with code OK	{"grpc.start_time": "2024-05-06T15:20:04+05:00", "grpc.request.deadline": "2024-05-06T15:20:11+05:00", "system": "grpc", "span.kind": "server", "grpc.service": "media_service.MediaService", "grpc.method": "Get", "peer.address": "127.0.0.1:51456", "grpc.code": "OK", "grpc.time_ms": 0.567}
2024-05-06T15:20:32.094+0500	INFO	zap/options.go:212	finished unary call with code OK	{"grpc.start_time": "2024-05-06T15:20:32+05:00", "grpc.request.deadline": "2024-05-06T15:20:39+05:00", "system": "grpc", "span.kind": "server", "grpc.service": "media_service.MediaService", "grpc.method": "Get", "peer.address": "127.0.0.1:51456", "grpc.code": "OK", "grpc.time_ms": 0.571}
2024-05-06T15:26:34.493+0500	INFO	zap/options.go:212	finished unary call with code OK	{"grpc.start_time": "2024-05-06T15:26:34+05:00", "grpc.request.deadline": "2024-05-06T15:26:41+05:00", "system": "grpc", "span.kind": "server", "grpc.service": "media_service.MediaService", "grpc.method": "Get", "peer.address": "127.0.0.1:51456", "grpc.code": "OK", "grpc.time_ms": 0.61}
2024-05-06T15:26:34.798+0500	INFO	zap/options.go:212	finished unary call with code OK	{"grpc.start_time": "2024-05-06T15:26:34+05:00", "grpc.request.deadline": "2024-05-06T15:26:41+05:00", "system": "grpc", "span.kind": "server", "grpc.service": "media_service.MediaService", "grpc.method": "Get", "peer.address": "127.0.0.1:51456", "grpc.code": "OK", "grpc.time_ms": 0.873}
2024-05-06T15:26:43.694+0500	INFO	zap/options.go:212	finished unary call with code OK	{"grpc.start_time": "2024-05-06T15:26:43+05:00", "grpc.request.deadline": "2024-05-06T15:26:50+05:00", "system": "grpc", "span.kind": "server", "grpc.service": "media_service.MediaService", "grpc.method": "Get", "peer.address": "127.0.0.1:51456", "grpc.code": "OK", "grpc.time_ms": 0.548}
2024-05-06T15:32:11.301+0500	INFO	zap/options.go:212	finished unary call with code OK	{"grpc.start_time": "2024-05-06T15:32:11+05:00", "grpc.request.deadline": "2024-05-06T15:32:18+05:00", "system": "grpc", "span.kind": "server", "grpc.service": "media_service.MediaService", "grpc.method": "Get", "peer.address": "127.0.0.1:47606", "grpc.code": "OK", "grpc.time_ms": 0.664}
2024-05-06T15:35:43.036+0500	INFO	zap/options.go:212	finished unary call with code OK	{"grpc.start_time": "2024-05-06T15:35:43+05:00", "grpc.request.deadline": "2024-05-06T15:35:50+05:00", "system": "grpc", "span.kind": "server", "grpc.service": "media_service.MediaService", "grpc.method": "Get", "peer.address": "127.0.0.1:35040", "grpc.code": "OK", "grpc.time_ms": 0.752}
2024-05-06T15:37:07.011+0500	ERROR	service/media.go:106	error	{"error": "ERROR: invalid input syntax for type uuid: \"\" (SQLSTATE 22P02)"}
media-service/internal/delivery/grpc/service.mediaRPC.Delete
	/home/abudlaziz/project/go/src/clothes/media-service/internal/delivery/grpc/service/media.go:106
media-service/genproto/media_service._MediaService_Delete_Handler.func1
	/home/abudlaziz/project/go/src/clothes/media-service/genproto/media_service/media_service.pb.go:171
media-service/internal/app.NewApp.UnaryInterceptorData.func6
	/home/abudlaziz/project/go/src/clothes/media-service/internal/delivery/grpc/server/midleware.go:34
media-service/internal/app.NewApp.UnaryInterceptor.func7.1.1
	/home/abudlaziz/project/go/src/clothes/media-service/internal/delivery/grpc/server/midleware.go:16
github.com/grpc-ecosystem/go-grpc-middleware/recovery.UnaryServerInterceptor.func1
	/home/abudlaziz/project/go/pkg/mod/github.com/grpc-ecosystem/go-grpc-middleware@v1.4.0/recovery/interceptors.go:33
media-service/internal/app.NewApp.ChainUnaryServer.func5.1
	/home/abudlaziz/project/go/pkg/mod/github.com/grpc-ecosystem/go-grpc-middleware@v1.4.0/chain.go:48
github.com/grpc-ecosystem/go-grpc-middleware/logging/zap.UnaryServerInterceptor.func1
	/home/abudlaziz/project/go/pkg/mod/github.com/grpc-ecosystem/go-grpc-middleware@v1.4.0/logging/zap/server_interceptors.go:31
media-service/internal/app.NewApp.ChainUnaryServer.func5.1
	/home/abudlaziz/project/go/pkg/mod/github.com/grpc-ecosystem/go-grpc-middleware@v1.4.0/chain.go:48
github.com/grpc-ecosystem/go-grpc-middleware/tags.UnaryServerInterceptor.func1
	/home/abudlaziz/project/go/pkg/mod/github.com/grpc-ecosystem/go-grpc-middleware@v1.4.0/tags/interceptors.go:23
media-service/internal/app.NewApp.ChainUnaryServer.func5
	/home/abudlaziz/project/go/pkg/mod/github.com/grpc-ecosystem/go-grpc-middleware@v1.4.0/chain.go:53
media-service/internal/app.NewApp.UnaryInterceptor.func7.1.1
	/home/abudlaziz/project/go/src/clothes/media-service/internal/delivery/grpc/server/midleware.go:16
media-service/internal/app.NewApp.UnaryInterceptor.func7
	/home/abudlaziz/project/go/src/clothes/media-service/internal/delivery/grpc/server/midleware.go:23
media-service/genproto/media_service._MediaService_Delete_Handler
	/home/abudlaziz/project/go/src/clothes/media-service/genproto/media_service/media_service.pb.go:173
google.golang.org/grpc.(*Server).processUnaryRPC
	/home/abudlaziz/project/go/pkg/mod/google.golang.org/grpc@v1.63.2/server.go:1369
google.golang.org/grpc.(*Server).handleStream
	/home/abudlaziz/project/go/pkg/mod/google.golang.org/grpc@v1.63.2/server.go:1780
google.golang.org/grpc.(*Server).serveStreams.func2.1
	/home/abudlaziz/project/go/pkg/mod/google.golang.org/grpc@v1.63.2/server.go:1019
2024-05-06T15:37:07.011+0500	ERROR	zap/options.go:212	finished unary call with code Unknown	{"grpc.start_time": "2024-05-06T15:37:07+05:00", "grpc.request.deadline": "2024-05-06T15:37:14+05:00", "system": "grpc", "span.kind": "server", "grpc.service": "media_service.MediaService", "grpc.method": "Delete", "peer.address": "127.0.0.1:35040", "error": "ERROR: invalid input syntax for type uuid: \"\" (SQLSTATE 22P02)", "grpc.code": "Unknown", "grpc.time_ms": 1.172}
github.com/grpc-ecosystem/go-grpc-middleware/logging/zap.DefaultMessageProducer
	/home/abudlaziz/project/go/pkg/mod/github.com/grpc-ecosystem/go-grpc-middleware@v1.4.0/logging/zap/options.go:212
github.com/grpc-ecosystem/go-grpc-middleware/logging/zap.UnaryServerInterceptor.func1
	/home/abudlaziz/project/go/pkg/mod/github.com/grpc-ecosystem/go-grpc-middleware@v1.4.0/logging/zap/server_interceptors.go:39
media-service/internal/app.NewApp.ChainUnaryServer.func5.1
	/home/abudlaziz/project/go/pkg/mod/github.com/grpc-ecosystem/go-grpc-middleware@v1.4.0/chain.go:48
github.com/grpc-ecosystem/go-grpc-middleware/tags.UnaryServerInterceptor.func1
	/home/abudlaziz/project/go/pkg/mod/github.com/grpc-ecosystem/go-grpc-middleware@v1.4.0/tags/interceptors.go:23
media-service/internal/app.NewApp.ChainUnaryServer.func5
	/home/abudlaziz/project/go/pkg/mod/github.com/grpc-ecosystem/go-grpc-middleware@v1.4.0/chain.go:53
media-service/internal/app.NewApp.UnaryInterceptor.func7.1.1
	/home/abudlaziz/project/go/src/clothes/media-service/internal/delivery/grpc/server/midleware.go:16
media-service/internal/app.NewApp.UnaryInterceptor.func7
	/home/abudlaziz/project/go/src/clothes/media-service/internal/delivery/grpc/server/midleware.go:23
media-service/genproto/media_service._MediaService_Delete_Handler
	/home/abudlaziz/project/go/src/clothes/media-service/genproto/media_service/media_service.pb.go:173
google.golang.org/grpc.(*Server).processUnaryRPC
	/home/abudlaziz/project/go/pkg/mod/google.golang.org/grpc@v1.63.2/server.go:1369
google.golang.org/grpc.(*Server).handleStream
	/home/abudlaziz/project/go/pkg/mod/google.golang.org/grpc@v1.63.2/server.go:1780
google.golang.org/grpc.(*Server).serveStreams.func2.1
	/home/abudlaziz/project/go/pkg/mod/google.golang.org/grpc@v1.63.2/server.go:1019
2024-05-06T15:37:59.422+0500	ERROR	service/media.go:106	error	{"error": "ERROR: invalid input syntax for type uuid: \"\" (SQLSTATE 22P02)"}
media-service/internal/delivery/grpc/service.mediaRPC.Delete
	/home/abudlaziz/project/go/src/clothes/media-service/internal/delivery/grpc/service/media.go:106
media-service/genproto/media_service._MediaService_Delete_Handler.func1
	/home/abudlaziz/project/go/src/clothes/media-service/genproto/media_service/media_service.pb.go:171
media-service/internal/app.NewApp.UnaryInterceptorData.func6
	/home/abudlaziz/project/go/src/clothes/media-service/internal/delivery/grpc/server/midleware.go:34
media-service/internal/app.NewApp.UnaryInterceptor.func7.1.1
	/home/abudlaziz/project/go/src/clothes/media-service/internal/delivery/grpc/server/midleware.go:16
github.com/grpc-ecosystem/go-grpc-middleware/recovery.UnaryServerInterceptor.func1
	/home/abudlaziz/project/go/pkg/mod/github.com/grpc-ecosystem/go-grpc-middleware@v1.4.0/recovery/interceptors.go:33
media-service/internal/app.NewApp.ChainUnaryServer.func5.1
	/home/abudlaziz/project/go/pkg/mod/github.com/grpc-ecosystem/go-grpc-middleware@v1.4.0/chain.go:48
github.com/grpc-ecosystem/go-grpc-middleware/logging/zap.UnaryServerInterceptor.func1
	/home/abudlaziz/project/go/pkg/mod/github.com/grpc-ecosystem/go-grpc-middleware@v1.4.0/logging/zap/server_interceptors.go:31
media-service/internal/app.NewApp.ChainUnaryServer.func5.1
	/home/abudlaziz/project/go/pkg/mod/github.com/grpc-ecosystem/go-grpc-middleware@v1.4.0/chain.go:48
github.com/grpc-ecosystem/go-grpc-middleware/tags.UnaryServerInterceptor.func1
	/home/abudlaziz/project/go/pkg/mod/github.com/grpc-ecosystem/go-grpc-middleware@v1.4.0/tags/interceptors.go:23
media-service/internal/app.NewApp.ChainUnaryServer.func5
	/home/abudlaziz/project/go/pkg/mod/github.com/grpc-ecosystem/go-grpc-middleware@v1.4.0/chain.go:53
media-service/internal/app.NewApp.UnaryInterceptor.func7.1.1
	/home/abudlaziz/project/go/src/clothes/media-service/internal/delivery/grpc/server/midleware.go:16
media-service/internal/app.NewApp.UnaryInterceptor.func7
	/home/abudlaziz/project/go/src/clothes/media-service/internal/delivery/grpc/server/midleware.go:23
media-service/genproto/media_service._MediaService_Delete_Handler
	/home/abudlaziz/project/go/src/clothes/media-service/genproto/media_service/media_service.pb.go:173
google.golang.org/grpc.(*Server).processUnaryRPC
	/home/abudlaziz/project/go/pkg/mod/google.golang.org/grpc@v1.63.2/server.go:1369
google.golang.org/grpc.(*Server).handleStream
	/home/abudlaziz/project/go/pkg/mod/google.golang.org/grpc@v1.63.2/server.go:1780
google.golang.org/grpc.(*Server).serveStreams.func2.1
	/home/abudlaziz/project/go/pkg/mod/google.golang.org/grpc@v1.63.2/server.go:1019
2024-05-06T15:37:59.423+0500	ERROR	zap/options.go:212	finished unary call with code Unknown	{"grpc.start_time": "2024-05-06T15:37:59+05:00", "grpc.request.deadline": "2024-05-06T15:38:06+05:00", "system": "grpc", "span.kind": "server", "grpc.service": "media_service.MediaService", "grpc.method": "Delete", "peer.address": "127.0.0.1:39360", "error": "ERROR: invalid input syntax for type uuid: \"\" (SQLSTATE 22P02)", "grpc.code": "Unknown", "grpc.time_ms": 0.586}
github.com/grpc-ecosystem/go-grpc-middleware/logging/zap.DefaultMessageProducer
	/home/abudlaziz/project/go/pkg/mod/github.com/grpc-ecosystem/go-grpc-middleware@v1.4.0/logging/zap/options.go:212
github.com/grpc-ecosystem/go-grpc-middleware/logging/zap.UnaryServerInterceptor.func1
	/home/abudlaziz/project/go/pkg/mod/github.com/grpc-ecosystem/go-grpc-middleware@v1.4.0/logging/zap/server_interceptors.go:39
media-service/internal/app.NewApp.ChainUnaryServer.func5.1
	/home/abudlaziz/project/go/pkg/mod/github.com/grpc-ecosystem/go-grpc-middleware@v1.4.0/chain.go:48
github.com/grpc-ecosystem/go-grpc-middleware/tags.UnaryServerInterceptor.func1
	/home/abudlaziz/project/go/pkg/mod/github.com/grpc-ecosystem/go-grpc-middleware@v1.4.0/tags/interceptors.go:23
media-service/internal/app.NewApp.ChainUnaryServer.func5
	/home/abudlaziz/project/go/pkg/mod/github.com/grpc-ecosystem/go-grpc-middleware@v1.4.0/chain.go:53
media-service/internal/app.NewApp.UnaryInterceptor.func7.1.1
	/home/abudlaziz/project/go/src/clothes/media-service/internal/delivery/grpc/server/midleware.go:16
media-service/internal/app.NewApp.UnaryInterceptor.func7
	/home/abudlaziz/project/go/src/clothes/media-service/internal/delivery/grpc/server/midleware.go:23
media-service/genproto/media_service._MediaService_Delete_Handler
	/home/abudlaziz/project/go/src/clothes/media-service/genproto/media_service/media_service.pb.go:173
google.golang.org/grpc.(*Server).processUnaryRPC
	/home/abudlaziz/project/go/pkg/mod/google.golang.org/grpc@v1.63.2/server.go:1369
google.golang.org/grpc.(*Server).handleStream
	/home/abudlaziz/project/go/pkg/mod/google.golang.org/grpc@v1.63.2/server.go:1780
google.golang.org/grpc.(*Server).serveStreams.func2.1
	/home/abudlaziz/project/go/pkg/mod/google.golang.org/grpc@v1.63.2/server.go:1019
2024-05-06T15:38:31.544+0500	ERROR	service/media.go:106	error	{"error": "ERROR: invalid input syntax for type uuid: \"\" (SQLSTATE 22P02)"}
media-service/internal/delivery/grpc/service.mediaRPC.Delete
	/home/abudlaziz/project/go/src/clothes/media-service/internal/delivery/grpc/service/media.go:106
media-service/genproto/media_service._MediaService_Delete_Handler.func1
	/home/abudlaziz/project/go/src/clothes/media-service/genproto/media_service/media_service.pb.go:171
media-service/internal/app.NewApp.UnaryInterceptorData.func6
	/home/abudlaziz/project/go/src/clothes/media-service/internal/delivery/grpc/server/midleware.go:34
media-service/internal/app.NewApp.UnaryInterceptor.func7.1.1
	/home/abudlaziz/project/go/src/clothes/media-service/internal/delivery/grpc/server/midleware.go:16
github.com/grpc-ecosystem/go-grpc-middleware/recovery.UnaryServerInterceptor.func1
	/home/abudlaziz/project/go/pkg/mod/github.com/grpc-ecosystem/go-grpc-middleware@v1.4.0/recovery/interceptors.go:33
media-service/internal/app.NewApp.ChainUnaryServer.func5.1
	/home/abudlaziz/project/go/pkg/mod/github.com/grpc-ecosystem/go-grpc-middleware@v1.4.0/chain.go:48
github.com/grpc-ecosystem/go-grpc-middleware/logging/zap.UnaryServerInterceptor.func1
	/home/abudlaziz/project/go/pkg/mod/github.com/grpc-ecosystem/go-grpc-middleware@v1.4.0/logging/zap/server_interceptors.go:31
media-service/internal/app.NewApp.ChainUnaryServer.func5.1
	/home/abudlaziz/project/go/pkg/mod/github.com/grpc-ecosystem/go-grpc-middleware@v1.4.0/chain.go:48
github.com/grpc-ecosystem/go-grpc-middleware/tags.UnaryServerInterceptor.func1
	/home/abudlaziz/project/go/pkg/mod/github.com/grpc-ecosystem/go-grpc-middleware@v1.4.0/tags/interceptors.go:23
media-service/internal/app.NewApp.ChainUnaryServer.func5
	/home/abudlaziz/project/go/pkg/mod/github.com/grpc-ecosystem/go-grpc-middleware@v1.4.0/chain.go:53
media-service/internal/app.NewApp.UnaryInterceptor.func7.1.1
	/home/abudlaziz/project/go/src/clothes/media-service/internal/delivery/grpc/server/midleware.go:16
media-service/internal/app.NewApp.UnaryInterceptor.func7
	/home/abudlaziz/project/go/src/clothes/media-service/internal/delivery/grpc/server/midleware.go:23
media-service/genproto/media_service._MediaService_Delete_Handler
	/home/abudlaziz/project/go/src/clothes/media-service/genproto/media_service/media_service.pb.go:173
google.golang.org/grpc.(*Server).processUnaryRPC
	/home/abudlaziz/project/go/pkg/mod/google.golang.org/grpc@v1.63.2/server.go:1369
google.golang.org/grpc.(*Server).handleStream
	/home/abudlaziz/project/go/pkg/mod/google.golang.org/grpc@v1.63.2/server.go:1780
google.golang.org/grpc.(*Server).serveStreams.func2.1
	/home/abudlaziz/project/go/pkg/mod/google.golang.org/grpc@v1.63.2/server.go:1019
2024-05-06T15:38:31.544+0500	ERROR	zap/options.go:212	finished unary call with code Unknown	{"grpc.start_time": "2024-05-06T15:38:31+05:00", "grpc.request.deadline": "2024-05-06T15:38:38+05:00", "system": "grpc", "span.kind": "server", "grpc.service": "media_service.MediaService", "grpc.method": "Delete", "peer.address": "127.0.0.1:36860", "error": "ERROR: invalid input syntax for type uuid: \"\" (SQLSTATE 22P02)", "grpc.code": "Unknown", "grpc.time_ms": 0.596}
github.com/grpc-ecosystem/go-grpc-middleware/logging/zap.DefaultMessageProducer
	/home/abudlaziz/project/go/pkg/mod/github.com/grpc-ecosystem/go-grpc-middleware@v1.4.0/logging/zap/options.go:212
github.com/grpc-ecosystem/go-grpc-middleware/logging/zap.UnaryServerInterceptor.func1
	/home/abudlaziz/project/go/pkg/mod/github.com/grpc-ecosystem/go-grpc-middleware@v1.4.0/logging/zap/server_interceptors.go:39
media-service/internal/app.NewApp.ChainUnaryServer.func5.1
	/home/abudlaziz/project/go/pkg/mod/github.com/grpc-ecosystem/go-grpc-middleware@v1.4.0/chain.go:48
github.com/grpc-ecosystem/go-grpc-middleware/tags.UnaryServerInterceptor.func1
	/home/abudlaziz/project/go/pkg/mod/github.com/grpc-ecosystem/go-grpc-middleware@v1.4.0/tags/interceptors.go:23
media-service/internal/app.NewApp.ChainUnaryServer.func5
	/home/abudlaziz/project/go/pkg/mod/github.com/grpc-ecosystem/go-grpc-middleware@v1.4.0/chain.go:53
media-service/internal/app.NewApp.UnaryInterceptor.func7.1.1
	/home/abudlaziz/project/go/src/clothes/media-service/internal/delivery/grpc/server/midleware.go:16
media-service/internal/app.NewApp.UnaryInterceptor.func7
	/home/abudlaziz/project/go/src/clothes/media-service/internal/delivery/grpc/server/midleware.go:23
media-service/genproto/media_service._MediaService_Delete_Handler
	/home/abudlaziz/project/go/src/clothes/media-service/genproto/media_service/media_service.pb.go:173
google.golang.org/grpc.(*Server).processUnaryRPC
	/home/abudlaziz/project/go/pkg/mod/google.golang.org/grpc@v1.63.2/server.go:1369
google.golang.org/grpc.(*Server).handleStream
	/home/abudlaziz/project/go/pkg/mod/google.golang.org/grpc@v1.63.2/server.go:1780
google.golang.org/grpc.(*Server).serveStreams.func2.1
	/home/abudlaziz/project/go/pkg/mod/google.golang.org/grpc@v1.63.2/server.go:1019
2024-05-06T16:19:12.967+0500	INFO	zap/options.go:212	finished unary call with code OK	{"grpc.start_time": "2024-05-06T16:19:12+05:00", "grpc.request.deadline": "2024-05-06T16:19:19+05:00", "system": "grpc", "span.kind": "server", "grpc.service": "media_service.MediaService", "grpc.method": "Get", "peer.address": "127.0.0.1:36860", "grpc.code": "OK", "grpc.time_ms": 0.677}
2024-05-06T16:21:31.529+0500	INFO	zap/options.go:212	finished unary call with code OK	{"grpc.start_time": "2024-05-06T16:21:31+05:00", "grpc.request.deadline": "2024-05-06T16:21:38+05:00", "system": "grpc", "span.kind": "server", "grpc.service": "media_service.MediaService", "grpc.method": "Get", "peer.address": "127.0.0.1:36860", "grpc.code": "OK", "grpc.time_ms": 0.874}
2024-05-06T16:21:31.767+0500	INFO	zap/options.go:212	finished unary call with code OK	{"grpc.start_time": "2024-05-06T16:21:31+05:00", "grpc.request.deadline": "2024-05-06T16:21:38+05:00", "system": "grpc", "span.kind": "server", "grpc.service": "media_service.MediaService", "grpc.method": "Get", "peer.address": "127.0.0.1:36860", "grpc.code": "OK", "grpc.time_ms": 0.945}
2024-05-06T16:21:31.984+0500	INFO	zap/options.go:212	finished unary call with code OK	{"grpc.start_time": "2024-05-06T16:21:31+05:00", "grpc.request.deadline": "2024-05-06T16:21:38+05:00", "system": "grpc", "span.kind": "server", "grpc.service": "media_service.MediaService", "grpc.method": "Get", "peer.address": "127.0.0.1:36860", "grpc.code": "OK", "grpc.time_ms": 0.565}
2024-05-06T16:29:40.166+0500	INFO	zap/options.go:212	finished unary call with code OK	{"grpc.start_time": "2024-05-06T16:29:40+05:00", "grpc.request.deadline": "2024-05-06T16:29:47+05:00", "system": "grpc", "span.kind": "server", "grpc.service": "media_service.MediaService", "grpc.method": "Get", "peer.address": "127.0.0.1:36860", "grpc.code": "OK", "grpc.time_ms": 0.583}
2024-05-06T16:29:40.545+0500	INFO	zap/options.go:212	finished unary call with code OK	{"grpc.start_time": "2024-05-06T16:29:40+05:00", "grpc.request.deadline": "2024-05-06T16:29:47+05:00", "system": "grpc", "span.kind": "server", "grpc.service": "media_service.MediaService", "grpc.method": "Get", "peer.address": "127.0.0.1:36860", "grpc.code": "OK", "grpc.time_ms": 0.617}
2024-05-06T16:29:40.762+0500	INFO	zap/options.go:212	finished unary call with code OK	{"grpc.start_time": "2024-05-06T16:29:40+05:00", "grpc.request.deadline": "2024-05-06T16:29:47+05:00", "system": "grpc", "span.kind": "server", "grpc.service": "media_service.MediaService", "grpc.method": "Get", "peer.address": "127.0.0.1:36860", "grpc.code": "OK", "grpc.time_ms": 0.655}
2024-05-06T16:29:40.981+0500	INFO	zap/options.go:212	finished unary call with code OK	{"grpc.start_time": "2024-05-06T16:29:40+05:00", "grpc.request.deadline": "2024-05-06T16:29:47+05:00", "system": "grpc", "span.kind": "server", "grpc.service": "media_service.MediaService", "grpc.method": "Get", "peer.address": "127.0.0.1:36860", "grpc.code": "OK", "grpc.time_ms": 0.382}
2024-05-06T16:29:41.190+0500	INFO	zap/options.go:212	finished unary call with code OK	{"grpc.start_time": "2024-05-06T16:29:41+05:00", "grpc.request.deadline": "2024-05-06T16:29:48+05:00", "system": "grpc", "span.kind": "server", "grpc.service": "media_service.MediaService", "grpc.method": "Get", "peer.address": "127.0.0.1:36860", "grpc.code": "OK", "grpc.time_ms": 0.565}
2024-05-06T16:43:06.465+0500	INFO	zap/options.go:212	finished unary call with code OK	{"grpc.start_time": "2024-05-06T16:43:06+05:00", "grpc.request.deadline": "2024-05-06T16:43:13+05:00", "system": "grpc", "span.kind": "server", "grpc.service": "media_service.MediaService", "grpc.method": "Get", "peer.address": "127.0.0.1:36860", "grpc.code": "OK", "grpc.time_ms": 5.115}
2024-05-06T16:43:06.907+0500	INFO	zap/options.go:212	finished unary call with code OK	{"grpc.start_time": "2024-05-06T16:43:06+05:00", "grpc.request.deadline": "2024-05-06T16:43:13+05:00", "system": "grpc", "span.kind": "server", "grpc.service": "media_service.MediaService", "grpc.method": "Get", "peer.address": "127.0.0.1:36860", "grpc.code": "OK", "grpc.time_ms": 0.56}
2024-05-06T16:43:07.175+0500	INFO	zap/options.go:212	finished unary call with code OK	{"grpc.start_time": "2024-05-06T16:43:07+05:00", "grpc.request.deadline": "2024-05-06T16:43:14+05:00", "system": "grpc", "span.kind": "server", "grpc.service": "media_service.MediaService", "grpc.method": "Get", "peer.address": "127.0.0.1:36860", "grpc.code": "OK", "grpc.time_ms": 0.573}
2024-05-06T16:52:46.111+0500	INFO	zap/options.go:212	finished unary call with code OK	{"grpc.start_time": "2024-05-06T16:52:46+05:00", "grpc.request.deadline": "2024-05-06T16:52:53+05:00", "system": "grpc", "span.kind": "server", "grpc.service": "media_service.MediaService", "grpc.method": "Get", "peer.address": "127.0.0.1:36860", "grpc.code": "OK", "grpc.time_ms": 0.521}
2024-05-06T16:56:11.431+0500	INFO	zap/options.go:212	finished unary call with code OK	{"grpc.start_time": "2024-05-06T16:56:11+05:00", "grpc.request.deadline": "2024-05-06T16:56:18+05:00", "system": "grpc", "span.kind": "server", "grpc.service": "media_service.MediaService", "grpc.method": "Get", "peer.address": "127.0.0.1:53652", "grpc.code": "OK", "grpc.time_ms": 0.704}
2024-05-06T16:56:28.405+0500	INFO	zap/options.go:212	finished unary call with code OK	{"grpc.start_time": "2024-05-06T16:56:28+05:00", "grpc.request.deadline": "2024-05-06T16:56:35+05:00", "system": "grpc", "span.kind": "server", "grpc.service": "media_service.MediaService", "grpc.method": "Get", "peer.address": "127.0.0.1:42730", "grpc.code": "OK", "grpc.time_ms": 0.625}
2024-05-06T18:50:05.064+0500	INFO	app/app.go:106	gRPC Server Listening	{"url": ":2222"}
2024-05-06T18:53:00.691+0500	INFO	zap/options.go:212	finished unary call with code OK	{"grpc.start_time": "2024-05-06T18:53:00+05:00", "grpc.request.deadline": "2024-05-06T18:53:07+05:00", "system": "grpc", "span.kind": "server", "grpc.service": "media_service.MediaService", "grpc.method": "Create", "peer.address": "127.0.0.1:35730", "grpc.code": "OK", "grpc.time_ms": 2.017}
2024-05-06T19:01:47.172+0500	INFO	zap/options.go:212	finished unary call with code OK	{"grpc.start_time": "2024-05-06T19:01:47+05:00", "grpc.request.deadline": "2024-05-06T19:01:54+05:00", "system": "grpc", "span.kind": "server", "grpc.service": "media_service.MediaService", "grpc.method": "Get", "peer.address": "127.0.0.1:35730", "grpc.code": "OK", "grpc.time_ms": 0.809}
2024-05-06T19:03:24.332+0500	ERROR	service/media.go:106	error	{"error": "ERROR: invalid input syntax for type uuid: \"\" (SQLSTATE 22P02)"}
media-service/internal/delivery/grpc/service.mediaRPC.Delete
	/home/abudlaziz/project/go/src/clothes/media-service/internal/delivery/grpc/service/media.go:106
media-service/genproto/media_service._MediaService_Delete_Handler.func1
	/home/abudlaziz/project/go/src/clothes/media-service/genproto/media_service/media_service.pb.go:171
media-service/internal/app.NewApp.UnaryInterceptorData.func6
	/home/abudlaziz/project/go/src/clothes/media-service/internal/delivery/grpc/server/midleware.go:34
media-service/internal/app.NewApp.UnaryInterceptor.func7.1.1
	/home/abudlaziz/project/go/src/clothes/media-service/internal/delivery/grpc/server/midleware.go:16
github.com/grpc-ecosystem/go-grpc-middleware/recovery.UnaryServerInterceptor.func1
	/home/abudlaziz/project/go/pkg/mod/github.com/grpc-ecosystem/go-grpc-middleware@v1.4.0/recovery/interceptors.go:33
media-service/internal/app.NewApp.ChainUnaryServer.func5.1
	/home/abudlaziz/project/go/pkg/mod/github.com/grpc-ecosystem/go-grpc-middleware@v1.4.0/chain.go:48
github.com/grpc-ecosystem/go-grpc-middleware/logging/zap.UnaryServerInterceptor.func1
	/home/abudlaziz/project/go/pkg/mod/github.com/grpc-ecosystem/go-grpc-middleware@v1.4.0/logging/zap/server_interceptors.go:31
media-service/internal/app.NewApp.ChainUnaryServer.func5.1
	/home/abudlaziz/project/go/pkg/mod/github.com/grpc-ecosystem/go-grpc-middleware@v1.4.0/chain.go:48
github.com/grpc-ecosystem/go-grpc-middleware/tags.UnaryServerInterceptor.func1
	/home/abudlaziz/project/go/pkg/mod/github.com/grpc-ecosystem/go-grpc-middleware@v1.4.0/tags/interceptors.go:23
media-service/internal/app.NewApp.ChainUnaryServer.func5
	/home/abudlaziz/project/go/pkg/mod/github.com/grpc-ecosystem/go-grpc-middleware@v1.4.0/chain.go:53
media-service/internal/app.NewApp.UnaryInterceptor.func7.1.1
	/home/abudlaziz/project/go/src/clothes/media-service/internal/delivery/grpc/server/midleware.go:16
media-service/internal/app.NewApp.UnaryInterceptor.func7
	/home/abudlaziz/project/go/src/clothes/media-service/internal/delivery/grpc/server/midleware.go:23
media-service/genproto/media_service._MediaService_Delete_Handler
	/home/abudlaziz/project/go/src/clothes/media-service/genproto/media_service/media_service.pb.go:173
google.golang.org/grpc.(*Server).processUnaryRPC
	/home/abudlaziz/project/go/pkg/mod/google.golang.org/grpc@v1.63.2/server.go:1369
google.golang.org/grpc.(*Server).handleStream
	/home/abudlaziz/project/go/pkg/mod/google.golang.org/grpc@v1.63.2/server.go:1780
google.golang.org/grpc.(*Server).serveStreams.func2.1
	/home/abudlaziz/project/go/pkg/mod/google.golang.org/grpc@v1.63.2/server.go:1019
2024-05-06T19:03:24.332+0500	ERROR	zap/options.go:212	finished unary call with code Unknown	{"grpc.start_time": "2024-05-06T19:03:24+05:00", "grpc.request.deadline": "2024-05-06T19:03:31+05:00", "system": "grpc", "span.kind": "server", "grpc.service": "media_service.MediaService", "grpc.method": "Delete", "peer.address": "127.0.0.1:35730", "error": "ERROR: invalid input syntax for type uuid: \"\" (SQLSTATE 22P02)", "grpc.code": "Unknown", "grpc.time_ms": 0.937}
github.com/grpc-ecosystem/go-grpc-middleware/logging/zap.DefaultMessageProducer
	/home/abudlaziz/project/go/pkg/mod/github.com/grpc-ecosystem/go-grpc-middleware@v1.4.0/logging/zap/options.go:212
github.com/grpc-ecosystem/go-grpc-middleware/logging/zap.UnaryServerInterceptor.func1
	/home/abudlaziz/project/go/pkg/mod/github.com/grpc-ecosystem/go-grpc-middleware@v1.4.0/logging/zap/server_interceptors.go:39
media-service/internal/app.NewApp.ChainUnaryServer.func5.1
	/home/abudlaziz/project/go/pkg/mod/github.com/grpc-ecosystem/go-grpc-middleware@v1.4.0/chain.go:48
github.com/grpc-ecosystem/go-grpc-middleware/tags.UnaryServerInterceptor.func1
	/home/abudlaziz/project/go/pkg/mod/github.com/grpc-ecosystem/go-grpc-middleware@v1.4.0/tags/interceptors.go:23
media-service/internal/app.NewApp.ChainUnaryServer.func5
	/home/abudlaziz/project/go/pkg/mod/github.com/grpc-ecosystem/go-grpc-middleware@v1.4.0/chain.go:53
media-service/internal/app.NewApp.UnaryInterceptor.func7.1.1
	/home/abudlaziz/project/go/src/clothes/media-service/internal/delivery/grpc/server/midleware.go:16
media-service/internal/app.NewApp.UnaryInterceptor.func7
	/home/abudlaziz/project/go/src/clothes/media-service/internal/delivery/grpc/server/midleware.go:23
media-service/genproto/media_service._MediaService_Delete_Handler
	/home/abudlaziz/project/go/src/clothes/media-service/genproto/media_service/media_service.pb.go:173
google.golang.org/grpc.(*Server).processUnaryRPC
	/home/abudlaziz/project/go/pkg/mod/google.golang.org/grpc@v1.63.2/server.go:1369
google.golang.org/grpc.(*Server).handleStream
	/home/abudlaziz/project/go/pkg/mod/google.golang.org/grpc@v1.63.2/server.go:1780
google.golang.org/grpc.(*Server).serveStreams.func2.1
	/home/abudlaziz/project/go/pkg/mod/google.golang.org/grpc@v1.63.2/server.go:1019
2024-05-06T19:03:39.035+0500	ERROR	service/media.go:106	error	{"error": "ERROR: invalid input syntax for type uuid: \"\" (SQLSTATE 22P02)"}
media-service/internal/delivery/grpc/service.mediaRPC.Delete
	/home/abudlaziz/project/go/src/clothes/media-service/internal/delivery/grpc/service/media.go:106
media-service/genproto/media_service._MediaService_Delete_Handler.func1
	/home/abudlaziz/project/go/src/clothes/media-service/genproto/media_service/media_service.pb.go:171
media-service/internal/app.NewApp.UnaryInterceptorData.func6
	/home/abudlaziz/project/go/src/clothes/media-service/internal/delivery/grpc/server/midleware.go:34
media-service/internal/app.NewApp.UnaryInterceptor.func7.1.1
	/home/abudlaziz/project/go/src/clothes/media-service/internal/delivery/grpc/server/midleware.go:16
github.com/grpc-ecosystem/go-grpc-middleware/recovery.UnaryServerInterceptor.func1
	/home/abudlaziz/project/go/pkg/mod/github.com/grpc-ecosystem/go-grpc-middleware@v1.4.0/recovery/interceptors.go:33
media-service/internal/app.NewApp.ChainUnaryServer.func5.1
	/home/abudlaziz/project/go/pkg/mod/github.com/grpc-ecosystem/go-grpc-middleware@v1.4.0/chain.go:48
github.com/grpc-ecosystem/go-grpc-middleware/logging/zap.UnaryServerInterceptor.func1
	/home/abudlaziz/project/go/pkg/mod/github.com/grpc-ecosystem/go-grpc-middleware@v1.4.0/logging/zap/server_interceptors.go:31
media-service/internal/app.NewApp.ChainUnaryServer.func5.1
	/home/abudlaziz/project/go/pkg/mod/github.com/grpc-ecosystem/go-grpc-middleware@v1.4.0/chain.go:48
github.com/grpc-ecosystem/go-grpc-middleware/tags.UnaryServerInterceptor.func1
	/home/abudlaziz/project/go/pkg/mod/github.com/grpc-ecosystem/go-grpc-middleware@v1.4.0/tags/interceptors.go:23
media-service/internal/app.NewApp.ChainUnaryServer.func5
	/home/abudlaziz/project/go/pkg/mod/github.com/grpc-ecosystem/go-grpc-middleware@v1.4.0/chain.go:53
media-service/internal/app.NewApp.UnaryInterceptor.func7.1.1
	/home/abudlaziz/project/go/src/clothes/media-service/internal/delivery/grpc/server/midleware.go:16
media-service/internal/app.NewApp.UnaryInterceptor.func7
	/home/abudlaziz/project/go/src/clothes/media-service/internal/delivery/grpc/server/midleware.go:23
media-service/genproto/media_service._MediaService_Delete_Handler
	/home/abudlaziz/project/go/src/clothes/media-service/genproto/media_service/media_service.pb.go:173
google.golang.org/grpc.(*Server).processUnaryRPC
	/home/abudlaziz/project/go/pkg/mod/google.golang.org/grpc@v1.63.2/server.go:1369
google.golang.org/grpc.(*Server).handleStream
	/home/abudlaziz/project/go/pkg/mod/google.golang.org/grpc@v1.63.2/server.go:1780
google.golang.org/grpc.(*Server).serveStreams.func2.1
	/home/abudlaziz/project/go/pkg/mod/google.golang.org/grpc@v1.63.2/server.go:1019
2024-05-06T19:03:39.036+0500	ERROR	zap/options.go:212	finished unary call with code Unknown	{"grpc.start_time": "2024-05-06T19:03:39+05:00", "grpc.request.deadline": "2024-05-06T19:03:46+05:00", "system": "grpc", "span.kind": "server", "grpc.service": "media_service.MediaService", "grpc.method": "Delete", "peer.address": "127.0.0.1:35730", "error": "ERROR: invalid input syntax for type uuid: \"\" (SQLSTATE 22P02)", "grpc.code": "Unknown", "grpc.time_ms": 0.819}
github.com/grpc-ecosystem/go-grpc-middleware/logging/zap.DefaultMessageProducer
	/home/abudlaziz/project/go/pkg/mod/github.com/grpc-ecosystem/go-grpc-middleware@v1.4.0/logging/zap/options.go:212
github.com/grpc-ecosystem/go-grpc-middleware/logging/zap.UnaryServerInterceptor.func1
	/home/abudlaziz/project/go/pkg/mod/github.com/grpc-ecosystem/go-grpc-middleware@v1.4.0/logging/zap/server_interceptors.go:39
media-service/internal/app.NewApp.ChainUnaryServer.func5.1
	/home/abudlaziz/project/go/pkg/mod/github.com/grpc-ecosystem/go-grpc-middleware@v1.4.0/chain.go:48
github.com/grpc-ecosystem/go-grpc-middleware/tags.UnaryServerInterceptor.func1
	/home/abudlaziz/project/go/pkg/mod/github.com/grpc-ecosystem/go-grpc-middleware@v1.4.0/tags/interceptors.go:23
media-service/internal/app.NewApp.ChainUnaryServer.func5
	/home/abudlaziz/project/go/pkg/mod/github.com/grpc-ecosystem/go-grpc-middleware@v1.4.0/chain.go:53
media-service/internal/app.NewApp.UnaryInterceptor.func7.1.1
	/home/abudlaziz/project/go/src/clothes/media-service/internal/delivery/grpc/server/midleware.go:16
media-service/internal/app.NewApp.UnaryInterceptor.func7
	/home/abudlaziz/project/go/src/clothes/media-service/internal/delivery/grpc/server/midleware.go:23
media-service/genproto/media_service._MediaService_Delete_Handler
	/home/abudlaziz/project/go/src/clothes/media-service/genproto/media_service/media_service.pb.go:173
google.golang.org/grpc.(*Server).processUnaryRPC
	/home/abudlaziz/project/go/pkg/mod/google.golang.org/grpc@v1.63.2/server.go:1369
google.golang.org/grpc.(*Server).handleStream
	/home/abudlaziz/project/go/pkg/mod/google.golang.org/grpc@v1.63.2/server.go:1780
google.golang.org/grpc.(*Server).serveStreams.func2.1
	/home/abudlaziz/project/go/pkg/mod/google.golang.org/grpc@v1.63.2/server.go:1019
2024-05-06T20:06:39.437+0500	ERROR	service/media.go:106	error	{"error": "ERROR: invalid input syntax for type uuid: \"\" (SQLSTATE 22P02)"}
media-service/internal/delivery/grpc/service.mediaRPC.Delete
	/home/abudlaziz/project/go/src/clothes/media-service/internal/delivery/grpc/service/media.go:106
media-service/genproto/media_service._MediaService_Delete_Handler.func1
	/home/abudlaziz/project/go/src/clothes/media-service/genproto/media_service/media_service.pb.go:171
media-service/internal/app.NewApp.UnaryInterceptorData.func6
	/home/abudlaziz/project/go/src/clothes/media-service/internal/delivery/grpc/server/midleware.go:34
media-service/internal/app.NewApp.UnaryInterceptor.func7.1.1
	/home/abudlaziz/project/go/src/clothes/media-service/internal/delivery/grpc/server/midleware.go:16
github.com/grpc-ecosystem/go-grpc-middleware/recovery.UnaryServerInterceptor.func1
	/home/abudlaziz/project/go/pkg/mod/github.com/grpc-ecosystem/go-grpc-middleware@v1.4.0/recovery/interceptors.go:33
media-service/internal/app.NewApp.ChainUnaryServer.func5.1
	/home/abudlaziz/project/go/pkg/mod/github.com/grpc-ecosystem/go-grpc-middleware@v1.4.0/chain.go:48
github.com/grpc-ecosystem/go-grpc-middleware/logging/zap.UnaryServerInterceptor.func1
	/home/abudlaziz/project/go/pkg/mod/github.com/grpc-ecosystem/go-grpc-middleware@v1.4.0/logging/zap/server_interceptors.go:31
media-service/internal/app.NewApp.ChainUnaryServer.func5.1
	/home/abudlaziz/project/go/pkg/mod/github.com/grpc-ecosystem/go-grpc-middleware@v1.4.0/chain.go:48
github.com/grpc-ecosystem/go-grpc-middleware/tags.UnaryServerInterceptor.func1
	/home/abudlaziz/project/go/pkg/mod/github.com/grpc-ecosystem/go-grpc-middleware@v1.4.0/tags/interceptors.go:23
media-service/internal/app.NewApp.ChainUnaryServer.func5
	/home/abudlaziz/project/go/pkg/mod/github.com/grpc-ecosystem/go-grpc-middleware@v1.4.0/chain.go:53
media-service/internal/app.NewApp.UnaryInterceptor.func7.1.1
	/home/abudlaziz/project/go/src/clothes/media-service/internal/delivery/grpc/server/midleware.go:16
media-service/internal/app.NewApp.UnaryInterceptor.func7
	/home/abudlaziz/project/go/src/clothes/media-service/internal/delivery/grpc/server/midleware.go:23
media-service/genproto/media_service._MediaService_Delete_Handler
	/home/abudlaziz/project/go/src/clothes/media-service/genproto/media_service/media_service.pb.go:173
google.golang.org/grpc.(*Server).processUnaryRPC
	/home/abudlaziz/project/go/pkg/mod/google.golang.org/grpc@v1.63.2/server.go:1369
google.golang.org/grpc.(*Server).handleStream
	/home/abudlaziz/project/go/pkg/mod/google.golang.org/grpc@v1.63.2/server.go:1780
google.golang.org/grpc.(*Server).serveStreams.func2.1
	/home/abudlaziz/project/go/pkg/mod/google.golang.org/grpc@v1.63.2/server.go:1019
2024-05-06T20:06:39.437+0500	ERROR	zap/options.go:212	finished unary call with code Unknown	{"grpc.start_time": "2024-05-06T20:06:39+05:00", "grpc.request.deadline": "2024-05-06T20:06:46+05:00", "system": "grpc", "span.kind": "server", "grpc.service": "media_service.MediaService", "grpc.method": "Delete", "peer.address": "127.0.0.1:45392", "error": "ERROR: invalid input syntax for type uuid: \"\" (SQLSTATE 22P02)", "grpc.code": "Unknown", "grpc.time_ms": 5.879}
github.com/grpc-ecosystem/go-grpc-middleware/logging/zap.DefaultMessageProducer
	/home/abudlaziz/project/go/pkg/mod/github.com/grpc-ecosystem/go-grpc-middleware@v1.4.0/logging/zap/options.go:212
github.com/grpc-ecosystem/go-grpc-middleware/logging/zap.UnaryServerInterceptor.func1
	/home/abudlaziz/project/go/pkg/mod/github.com/grpc-ecosystem/go-grpc-middleware@v1.4.0/logging/zap/server_interceptors.go:39
media-service/internal/app.NewApp.ChainUnaryServer.func5.1
	/home/abudlaziz/project/go/pkg/mod/github.com/grpc-ecosystem/go-grpc-middleware@v1.4.0/chain.go:48
github.com/grpc-ecosystem/go-grpc-middleware/tags.UnaryServerInterceptor.func1
	/home/abudlaziz/project/go/pkg/mod/github.com/grpc-ecosystem/go-grpc-middleware@v1.4.0/tags/interceptors.go:23
media-service/internal/app.NewApp.ChainUnaryServer.func5
	/home/abudlaziz/project/go/pkg/mod/github.com/grpc-ecosystem/go-grpc-middleware@v1.4.0/chain.go:53
media-service/internal/app.NewApp.UnaryInterceptor.func7.1.1
	/home/abudlaziz/project/go/src/clothes/media-service/internal/delivery/grpc/server/midleware.go:16
media-service/internal/app.NewApp.UnaryInterceptor.func7
	/home/abudlaziz/project/go/src/clothes/media-service/internal/delivery/grpc/server/midleware.go:23
media-service/genproto/media_service._MediaService_Delete_Handler
	/home/abudlaziz/project/go/src/clothes/media-service/genproto/media_service/media_service.pb.go:173
google.golang.org/grpc.(*Server).processUnaryRPC
	/home/abudlaziz/project/go/pkg/mod/google.golang.org/grpc@v1.63.2/server.go:1369
google.golang.org/grpc.(*Server).handleStream
	/home/abudlaziz/project/go/pkg/mod/google.golang.org/grpc@v1.63.2/server.go:1780
google.golang.org/grpc.(*Server).serveStreams.func2.1
	/home/abudlaziz/project/go/pkg/mod/google.golang.org/grpc@v1.63.2/server.go:1019
2024-05-06T20:07:24.803+0500	INFO	zap/options.go:212	finished unary call with code OK	{"grpc.start_time": "2024-05-06T20:07:24+05:00", "grpc.request.deadline": "2024-05-06T20:07:31+05:00", "system": "grpc", "span.kind": "server", "grpc.service": "media_service.MediaService", "grpc.method": "Delete", "peer.address": "127.0.0.1:34778", "grpc.code": "OK", "grpc.time_ms": 3.474}
2024-05-06T20:07:48.358+0500	INFO	zap/options.go:212	finished unary call with code OK	{"grpc.start_time": "2024-05-06T20:07:48+05:00", "grpc.request.deadline": "2024-05-06T20:07:55+05:00", "system": "grpc", "span.kind": "server", "grpc.service": "media_service.MediaService", "grpc.method": "Get", "peer.address": "127.0.0.1:34778", "grpc.code": "OK", "grpc.time_ms": 0.832}
2024-05-15T12:20:41.624+0500	INFO	app/app.go:106	gRPC Server Listening	{"url": ":2222"}
