2024-05-03T21:42:42.311+0500	INFO	app/app.go:106	gRPC Server Listening	{"url": ":2222"}
2024-05-03T21:42:42.940+0500	INFO	app/main.go:36	Conten service stops !
2024-05-07T18:53:36.400+0500	INFO	app/app.go:106	gRPC Server Listening	{"url": ":2222"}
2024-05-07T18:53:37.295+0500	INFO	app/main.go:36	Conten service stops !
2024-05-07T18:57:19.198+0500	INFO	app/app.go:106	gRPC Server Listening	{"url": ":2222"}
2024-05-07T18:57:59.055+0500	ERROR	service/media.go:48	media.Create	{"error": "ERROR: insert or update on table \"media\" violates foreign key constraint \"media_product_id_fkey\" (SQLSTATE 23503)"}
media-service/internal/delivery/grpc/service.mediaRPC.Create
	/home/gopher/projects/go/src/clothes/media-service/internal/delivery/grpc/service/media.go:48
media-service/genproto/media_service._MediaService_Create_Handler.func1
	/home/gopher/projects/go/src/clothes/media-service/genproto/media_service/media_service.pb.go:135
media-service/internal/app.NewApp.UnaryInterceptorData.func6
	/home/gopher/projects/go/src/clothes/media-service/internal/delivery/grpc/server/midleware.go:34
media-service/internal/app.NewApp.UnaryInterceptor.func7.1.1
	/home/gopher/projects/go/src/clothes/media-service/internal/delivery/grpc/server/midleware.go:16
github.com/grpc-ecosystem/go-grpc-middleware/recovery.UnaryServerInterceptor.func1
	/home/gopher/mod-cache/github.com/grpc-ecosystem/go-grpc-middleware@v1.4.0/recovery/interceptors.go:33
media-service/internal/app.NewApp.ChainUnaryServer.func5.1
	/home/gopher/mod-cache/github.com/grpc-ecosystem/go-grpc-middleware@v1.4.0/chain.go:48
github.com/grpc-ecosystem/go-grpc-middleware/logging/zap.UnaryServerInterceptor.func1
	/home/gopher/mod-cache/github.com/grpc-ecosystem/go-grpc-middleware@v1.4.0/logging/zap/server_interceptors.go:31
media-service/internal/app.NewApp.ChainUnaryServer.func5.1
	/home/gopher/mod-cache/github.com/grpc-ecosystem/go-grpc-middleware@v1.4.0/chain.go:48
github.com/grpc-ecosystem/go-grpc-middleware/tags.UnaryServerInterceptor.func1
	/home/gopher/mod-cache/github.com/grpc-ecosystem/go-grpc-middleware@v1.4.0/tags/interceptors.go:23
media-service/internal/app.NewApp.ChainUnaryServer.func5
	/home/gopher/mod-cache/github.com/grpc-ecosystem/go-grpc-middleware@v1.4.0/chain.go:53
media-service/internal/app.NewApp.UnaryInterceptor.func7.1.1
	/home/gopher/projects/go/src/clothes/media-service/internal/delivery/grpc/server/midleware.go:16
media-service/internal/app.NewApp.UnaryInterceptor.func7
	/home/gopher/projects/go/src/clothes/media-service/internal/delivery/grpc/server/midleware.go:23
media-service/genproto/media_service._MediaService_Create_Handler
	/home/gopher/projects/go/src/clothes/media-service/genproto/media_service/media_service.pb.go:137
google.golang.org/grpc.(*Server).processUnaryRPC
	/home/gopher/mod-cache/google.golang.org/grpc@v1.63.2/server.go:1369
google.golang.org/grpc.(*Server).handleStream
	/home/gopher/mod-cache/google.golang.org/grpc@v1.63.2/server.go:1780
google.golang.org/grpc.(*Server).serveStreams.func2.1
	/home/gopher/mod-cache/google.golang.org/grpc@v1.63.2/server.go:1019
2024-05-07T18:57:59.055+0500	ERROR	zap/options.go:212	finished unary call with code Unknown	{"grpc.start_time": "2024-05-07T18:57:59+05:00", "system": "grpc", "span.kind": "server", "grpc.service": "media_service.MediaService", "grpc.method": "Create", "peer.address": "127.0.0.1:51636", "error": "ERROR: insert or update on table \"media\" violates foreign key constraint \"media_product_id_fkey\" (SQLSTATE 23503)", "grpc.code": "Unknown", "grpc.time_ms": 2.774}
github.com/grpc-ecosystem/go-grpc-middleware/logging/zap.DefaultMessageProducer
	/home/gopher/mod-cache/github.com/grpc-ecosystem/go-grpc-middleware@v1.4.0/logging/zap/options.go:212
github.com/grpc-ecosystem/go-grpc-middleware/logging/zap.UnaryServerInterceptor.func1
	/home/gopher/mod-cache/github.com/grpc-ecosystem/go-grpc-middleware@v1.4.0/logging/zap/server_interceptors.go:39
media-service/internal/app.NewApp.ChainUnaryServer.func5.1
	/home/gopher/mod-cache/github.com/grpc-ecosystem/go-grpc-middleware@v1.4.0/chain.go:48
github.com/grpc-ecosystem/go-grpc-middleware/tags.UnaryServerInterceptor.func1
	/home/gopher/mod-cache/github.com/grpc-ecosystem/go-grpc-middleware@v1.4.0/tags/interceptors.go:23
media-service/internal/app.NewApp.ChainUnaryServer.func5
	/home/gopher/mod-cache/github.com/grpc-ecosystem/go-grpc-middleware@v1.4.0/chain.go:53
media-service/internal/app.NewApp.UnaryInterceptor.func7.1.1
	/home/gopher/projects/go/src/clothes/media-service/internal/delivery/grpc/server/midleware.go:16
media-service/internal/app.NewApp.UnaryInterceptor.func7
	/home/gopher/projects/go/src/clothes/media-service/internal/delivery/grpc/server/midleware.go:23
media-service/genproto/media_service._MediaService_Create_Handler
	/home/gopher/projects/go/src/clothes/media-service/genproto/media_service/media_service.pb.go:137
google.golang.org/grpc.(*Server).processUnaryRPC
	/home/gopher/mod-cache/google.golang.org/grpc@v1.63.2/server.go:1369
google.golang.org/grpc.(*Server).handleStream
	/home/gopher/mod-cache/google.golang.org/grpc@v1.63.2/server.go:1780
google.golang.org/grpc.(*Server).serveStreams.func2.1
	/home/gopher/mod-cache/google.golang.org/grpc@v1.63.2/server.go:1019
2024-05-07T19:00:58.424+0500	INFO	zap/options.go:212	finished unary call with code OK	{"grpc.start_time": "2024-05-07T19:00:58+05:00", "system": "grpc", "span.kind": "server", "grpc.service": "media_service.MediaService", "grpc.method": "Create", "peer.address": "127.0.0.1:57312", "grpc.code": "OK", "grpc.time_ms": 1.927}
2024-05-07T19:01:10.088+0500	INFO	zap/options.go:212	finished unary call with code OK	{"grpc.start_time": "2024-05-07T19:01:10+05:00", "system": "grpc", "span.kind": "server", "grpc.service": "media_service.MediaService", "grpc.method": "Get", "peer.address": "127.0.0.1:51594", "grpc.code": "OK", "grpc.time_ms": 0.704}
2024-05-07T19:01:29.404+0500	INFO	zap/options.go:212	finished unary call with code OK	{"grpc.start_time": "2024-05-07T19:01:29+05:00", "system": "grpc", "span.kind": "server", "grpc.service": "media_service.MediaService", "grpc.method": "Delete", "peer.address": "127.0.0.1:34598", "grpc.code": "OK", "grpc.time_ms": 2.659}
2024-05-07T19:01:30.415+0500	ERROR	service/media.go:106	error	{"error": "no sql rows"}
media-service/internal/delivery/grpc/service.mediaRPC.Delete
	/home/gopher/projects/go/src/clothes/media-service/internal/delivery/grpc/service/media.go:106
media-service/genproto/media_service._MediaService_Delete_Handler.func1
	/home/gopher/projects/go/src/clothes/media-service/genproto/media_service/media_service.pb.go:171
media-service/internal/app.NewApp.UnaryInterceptorData.func6
	/home/gopher/projects/go/src/clothes/media-service/internal/delivery/grpc/server/midleware.go:34
media-service/internal/app.NewApp.UnaryInterceptor.func7.1.1
	/home/gopher/projects/go/src/clothes/media-service/internal/delivery/grpc/server/midleware.go:16
github.com/grpc-ecosystem/go-grpc-middleware/recovery.UnaryServerInterceptor.func1
	/home/gopher/mod-cache/github.com/grpc-ecosystem/go-grpc-middleware@v1.4.0/recovery/interceptors.go:33
media-service/internal/app.NewApp.ChainUnaryServer.func5.1
	/home/gopher/mod-cache/github.com/grpc-ecosystem/go-grpc-middleware@v1.4.0/chain.go:48
github.com/grpc-ecosystem/go-grpc-middleware/logging/zap.UnaryServerInterceptor.func1
	/home/gopher/mod-cache/github.com/grpc-ecosystem/go-grpc-middleware@v1.4.0/logging/zap/server_interceptors.go:31
media-service/internal/app.NewApp.ChainUnaryServer.func5.1
	/home/gopher/mod-cache/github.com/grpc-ecosystem/go-grpc-middleware@v1.4.0/chain.go:48
github.com/grpc-ecosystem/go-grpc-middleware/tags.UnaryServerInterceptor.func1
	/home/gopher/mod-cache/github.com/grpc-ecosystem/go-grpc-middleware@v1.4.0/tags/interceptors.go:23
media-service/internal/app.NewApp.ChainUnaryServer.func5
	/home/gopher/mod-cache/github.com/grpc-ecosystem/go-grpc-middleware@v1.4.0/chain.go:53
media-service/internal/app.NewApp.UnaryInterceptor.func7.1.1
	/home/gopher/projects/go/src/clothes/media-service/internal/delivery/grpc/server/midleware.go:16
media-service/internal/app.NewApp.UnaryInterceptor.func7
	/home/gopher/projects/go/src/clothes/media-service/internal/delivery/grpc/server/midleware.go:23
media-service/genproto/media_service._MediaService_Delete_Handler
	/home/gopher/projects/go/src/clothes/media-service/genproto/media_service/media_service.pb.go:173
google.golang.org/grpc.(*Server).processUnaryRPC
	/home/gopher/mod-cache/google.golang.org/grpc@v1.63.2/server.go:1369
google.golang.org/grpc.(*Server).handleStream
	/home/gopher/mod-cache/google.golang.org/grpc@v1.63.2/server.go:1780
google.golang.org/grpc.(*Server).serveStreams.func2.1
	/home/gopher/mod-cache/google.golang.org/grpc@v1.63.2/server.go:1019
2024-05-07T19:01:30.415+0500	ERROR	zap/options.go:212	finished unary call with code Unknown	{"grpc.start_time": "2024-05-07T19:01:30+05:00", "system": "grpc", "span.kind": "server", "grpc.service": "media_service.MediaService", "grpc.method": "Delete", "peer.address": "127.0.0.1:34608", "error": "no sql rows", "grpc.code": "Unknown", "grpc.time_ms": 0.836}
github.com/grpc-ecosystem/go-grpc-middleware/logging/zap.DefaultMessageProducer
	/home/gopher/mod-cache/github.com/grpc-ecosystem/go-grpc-middleware@v1.4.0/logging/zap/options.go:212
github.com/grpc-ecosystem/go-grpc-middleware/logging/zap.UnaryServerInterceptor.func1
	/home/gopher/mod-cache/github.com/grpc-ecosystem/go-grpc-middleware@v1.4.0/logging/zap/server_interceptors.go:39
media-service/internal/app.NewApp.ChainUnaryServer.func5.1
	/home/gopher/mod-cache/github.com/grpc-ecosystem/go-grpc-middleware@v1.4.0/chain.go:48
github.com/grpc-ecosystem/go-grpc-middleware/tags.UnaryServerInterceptor.func1
	/home/gopher/mod-cache/github.com/grpc-ecosystem/go-grpc-middleware@v1.4.0/tags/interceptors.go:23
media-service/internal/app.NewApp.ChainUnaryServer.func5
	/home/gopher/mod-cache/github.com/grpc-ecosystem/go-grpc-middleware@v1.4.0/chain.go:53
media-service/internal/app.NewApp.UnaryInterceptor.func7.1.1
	/home/gopher/projects/go/src/clothes/media-service/internal/delivery/grpc/server/midleware.go:16
media-service/internal/app.NewApp.UnaryInterceptor.func7
	/home/gopher/projects/go/src/clothes/media-service/internal/delivery/grpc/server/midleware.go:23
media-service/genproto/media_service._MediaService_Delete_Handler
	/home/gopher/projects/go/src/clothes/media-service/genproto/media_service/media_service.pb.go:173
google.golang.org/grpc.(*Server).processUnaryRPC
	/home/gopher/mod-cache/google.golang.org/grpc@v1.63.2/server.go:1369
google.golang.org/grpc.(*Server).handleStream
	/home/gopher/mod-cache/google.golang.org/grpc@v1.63.2/server.go:1780
google.golang.org/grpc.(*Server).serveStreams.func2.1
	/home/gopher/mod-cache/google.golang.org/grpc@v1.63.2/server.go:1019
2024-05-07T19:01:32.743+0500	INFO	zap/options.go:212	finished unary call with code OK	{"grpc.start_time": "2024-05-07T19:01:32+05:00", "system": "grpc", "span.kind": "server", "grpc.service": "media_service.MediaService", "grpc.method": "Get", "peer.address": "127.0.0.1:34622", "grpc.code": "OK", "grpc.time_ms": 0.43}
2024-05-07T19:01:56.528+0500	INFO	app/main.go:36	Conten service stops !
2024-05-08T12:38:08.841+0500	INFO	app/app.go:106	gRPC Server Listening	{"url": ":2222"}
2024-05-08T12:38:12.548+0500	ERROR	service/media.go:48	media.Create	{"error": "ERROR: invalid input syntax for type uuid: \"/v1/swagger/swagger-ui-bundle.js\" (SQLSTATE 22P02)"}
media-service/internal/delivery/grpc/service.mediaRPC.Create
	/home/gopher/projects/go/src/clothes/media-service/internal/delivery/grpc/service/media.go:48
media-service/genproto/media_service._MediaService_Create_Handler.func1
	/home/gopher/projects/go/src/clothes/media-service/genproto/media_service/media_service.pb.go:135
media-service/internal/app.NewApp.UnaryInterceptorData.func6
	/home/gopher/projects/go/src/clothes/media-service/internal/delivery/grpc/server/midleware.go:34
media-service/internal/app.NewApp.UnaryInterceptor.func7.1.1
	/home/gopher/projects/go/src/clothes/media-service/internal/delivery/grpc/server/midleware.go:16
github.com/grpc-ecosystem/go-grpc-middleware/recovery.UnaryServerInterceptor.func1
	/home/gopher/mod-cache/github.com/grpc-ecosystem/go-grpc-middleware@v1.4.0/recovery/interceptors.go:33
media-service/internal/app.NewApp.ChainUnaryServer.func5.1
	/home/gopher/mod-cache/github.com/grpc-ecosystem/go-grpc-middleware@v1.4.0/chain.go:48
github.com/grpc-ecosystem/go-grpc-middleware/logging/zap.UnaryServerInterceptor.func1
	/home/gopher/mod-cache/github.com/grpc-ecosystem/go-grpc-middleware@v1.4.0/logging/zap/server_interceptors.go:31
media-service/internal/app.NewApp.ChainUnaryServer.func5.1
	/home/gopher/mod-cache/github.com/grpc-ecosystem/go-grpc-middleware@v1.4.0/chain.go:48
github.com/grpc-ecosystem/go-grpc-middleware/tags.UnaryServerInterceptor.func1
	/home/gopher/mod-cache/github.com/grpc-ecosystem/go-grpc-middleware@v1.4.0/tags/interceptors.go:23
media-service/internal/app.NewApp.ChainUnaryServer.func5
	/home/gopher/mod-cache/github.com/grpc-ecosystem/go-grpc-middleware@v1.4.0/chain.go:53
media-service/internal/app.NewApp.UnaryInterceptor.func7.1.1
	/home/gopher/projects/go/src/clothes/media-service/internal/delivery/grpc/server/midleware.go:16
media-service/internal/app.NewApp.UnaryInterceptor.func7
	/home/gopher/projects/go/src/clothes/media-service/internal/delivery/grpc/server/midleware.go:23
media-service/genproto/media_service._MediaService_Create_Handler
	/home/gopher/projects/go/src/clothes/media-service/genproto/media_service/media_service.pb.go:137
google.golang.org/grpc.(*Server).processUnaryRPC
	/home/gopher/mod-cache/google.golang.org/grpc@v1.63.2/server.go:1369
google.golang.org/grpc.(*Server).handleStream
	/home/gopher/mod-cache/google.golang.org/grpc@v1.63.2/server.go:1780
google.golang.org/grpc.(*Server).serveStreams.func2.1
	/home/gopher/mod-cache/google.golang.org/grpc@v1.63.2/server.go:1019
2024-05-08T12:38:12.549+0500	ERROR	zap/options.go:212	finished unary call with code Unknown	{"grpc.start_time": "2024-05-08T12:38:12+05:00", "grpc.request.deadline": "2024-05-08T12:38:17+05:00", "system": "grpc", "span.kind": "server", "grpc.service": "media_service.MediaService", "grpc.method": "Create", "peer.address": "127.0.0.1:36904", "error": "ERROR: invalid input syntax for type uuid: \"/v1/swagger/swagger-ui-bundle.js\" (SQLSTATE 22P02)", "grpc.code": "Unknown", "grpc.time_ms": 3.057}
github.com/grpc-ecosystem/go-grpc-middleware/logging/zap.DefaultMessageProducer
	/home/gopher/mod-cache/github.com/grpc-ecosystem/go-grpc-middleware@v1.4.0/logging/zap/options.go:212
github.com/grpc-ecosystem/go-grpc-middleware/logging/zap.UnaryServerInterceptor.func1
	/home/gopher/mod-cache/github.com/grpc-ecosystem/go-grpc-middleware@v1.4.0/logging/zap/server_interceptors.go:39
media-service/internal/app.NewApp.ChainUnaryServer.func5.1
	/home/gopher/mod-cache/github.com/grpc-ecosystem/go-grpc-middleware@v1.4.0/chain.go:48
github.com/grpc-ecosystem/go-grpc-middleware/tags.UnaryServerInterceptor.func1
	/home/gopher/mod-cache/github.com/grpc-ecosystem/go-grpc-middleware@v1.4.0/tags/interceptors.go:23
media-service/internal/app.NewApp.ChainUnaryServer.func5
	/home/gopher/mod-cache/github.com/grpc-ecosystem/go-grpc-middleware@v1.4.0/chain.go:53
media-service/internal/app.NewApp.UnaryInterceptor.func7.1.1
	/home/gopher/projects/go/src/clothes/media-service/internal/delivery/grpc/server/midleware.go:16
media-service/internal/app.NewApp.UnaryInterceptor.func7
	/home/gopher/projects/go/src/clothes/media-service/internal/delivery/grpc/server/midleware.go:23
media-service/genproto/media_service._MediaService_Create_Handler
	/home/gopher/projects/go/src/clothes/media-service/genproto/media_service/media_service.pb.go:137
google.golang.org/grpc.(*Server).processUnaryRPC
	/home/gopher/mod-cache/google.golang.org/grpc@v1.63.2/server.go:1369
google.golang.org/grpc.(*Server).handleStream
	/home/gopher/mod-cache/google.golang.org/grpc@v1.63.2/server.go:1780
google.golang.org/grpc.(*Server).serveStreams.func2.1
	/home/gopher/mod-cache/google.golang.org/grpc@v1.63.2/server.go:1019
2024-05-08T12:38:38.887+0500	INFO	zap/options.go:212	finished unary call with code OK	{"grpc.start_time": "2024-05-08T12:38:38+05:00", "grpc.request.deadline": "2024-05-08T12:38:44+05:00", "system": "grpc", "span.kind": "server", "grpc.service": "media_service.MediaService", "grpc.method": "Create", "peer.address": "127.0.0.1:36904", "grpc.code": "OK", "grpc.time_ms": 4.135}
2024-05-08T12:43:00.237+0500	INFO	app/app.go:106	gRPC Server Listening	{"url": ":2222"}
2024-05-08T12:47:48.930+0500	INFO	zap/options.go:212	finished unary call with code OK	{"grpc.start_time": "2024-05-08T12:47:48+05:00", "grpc.request.deadline": "2024-05-08T12:47:54+05:00", "system": "grpc", "span.kind": "server", "grpc.service": "media_service.MediaService", "grpc.method": "Create", "peer.address": "127.0.0.1:45304", "grpc.code": "OK", "grpc.time_ms": 2.61}
2024-05-08T12:47:58.170+0500	INFO	zap/options.go:212	finished unary call with code OK	{"grpc.start_time": "2024-05-08T12:47:58+05:00", "grpc.request.deadline": "2024-05-08T12:48:05+05:00", "system": "grpc", "span.kind": "server", "grpc.service": "media_service.MediaService", "grpc.method": "Get", "peer.address": "127.0.0.1:45304", "grpc.code": "OK", "grpc.time_ms": 0.643}
2024-05-08T12:48:08.844+0500	INFO	zap/options.go:212	finished unary call with code OK	{"grpc.start_time": "2024-05-08T12:48:08+05:00", "grpc.request.deadline": "2024-05-08T12:48:15+05:00", "system": "grpc", "span.kind": "server", "grpc.service": "media_service.MediaService", "grpc.method": "Delete", "peer.address": "127.0.0.1:45304", "grpc.code": "OK", "grpc.time_ms": 2.044}
2024-05-08T12:48:11.571+0500	ERROR	service/media.go:106	error	{"error": "no sql rows"}
media-service/internal/delivery/grpc/service.mediaRPC.Delete
	/home/gopher/projects/go/src/clothes/media-service/internal/delivery/grpc/service/media.go:106
media-service/genproto/media_service._MediaService_Delete_Handler.func1
	/home/gopher/projects/go/src/clothes/media-service/genproto/media_service/media_service.pb.go:171
media-service/internal/app.NewApp.UnaryInterceptorData.func6
	/home/gopher/projects/go/src/clothes/media-service/internal/delivery/grpc/server/midleware.go:34
media-service/internal/app.NewApp.UnaryInterceptor.func7.1.1
	/home/gopher/projects/go/src/clothes/media-service/internal/delivery/grpc/server/midleware.go:16
github.com/grpc-ecosystem/go-grpc-middleware/recovery.UnaryServerInterceptor.func1
	/home/gopher/mod-cache/github.com/grpc-ecosystem/go-grpc-middleware@v1.4.0/recovery/interceptors.go:33
media-service/internal/app.NewApp.ChainUnaryServer.func5.1
	/home/gopher/mod-cache/github.com/grpc-ecosystem/go-grpc-middleware@v1.4.0/chain.go:48
github.com/grpc-ecosystem/go-grpc-middleware/logging/zap.UnaryServerInterceptor.func1
	/home/gopher/mod-cache/github.com/grpc-ecosystem/go-grpc-middleware@v1.4.0/logging/zap/server_interceptors.go:31
media-service/internal/app.NewApp.ChainUnaryServer.func5.1
	/home/gopher/mod-cache/github.com/grpc-ecosystem/go-grpc-middleware@v1.4.0/chain.go:48
github.com/grpc-ecosystem/go-grpc-middleware/tags.UnaryServerInterceptor.func1
	/home/gopher/mod-cache/github.com/grpc-ecosystem/go-grpc-middleware@v1.4.0/tags/interceptors.go:23
media-service/internal/app.NewApp.ChainUnaryServer.func5
	/home/gopher/mod-cache/github.com/grpc-ecosystem/go-grpc-middleware@v1.4.0/chain.go:53
media-service/internal/app.NewApp.UnaryInterceptor.func7.1.1
	/home/gopher/projects/go/src/clothes/media-service/internal/delivery/grpc/server/midleware.go:16
media-service/internal/app.NewApp.UnaryInterceptor.func7
	/home/gopher/projects/go/src/clothes/media-service/internal/delivery/grpc/server/midleware.go:23
media-service/genproto/media_service._MediaService_Delete_Handler
	/home/gopher/projects/go/src/clothes/media-service/genproto/media_service/media_service.pb.go:173
google.golang.org/grpc.(*Server).processUnaryRPC
	/home/gopher/mod-cache/google.golang.org/grpc@v1.63.2/server.go:1369
google.golang.org/grpc.(*Server).handleStream
	/home/gopher/mod-cache/google.golang.org/grpc@v1.63.2/server.go:1780
google.golang.org/grpc.(*Server).serveStreams.func2.1
	/home/gopher/mod-cache/google.golang.org/grpc@v1.63.2/server.go:1019
2024-05-08T12:48:11.571+0500	ERROR	zap/options.go:212	finished unary call with code Unknown	{"grpc.start_time": "2024-05-08T12:48:11+05:00", "grpc.request.deadline": "2024-05-08T12:48:18+05:00", "system": "grpc", "span.kind": "server", "grpc.service": "media_service.MediaService", "grpc.method": "Delete", "peer.address": "127.0.0.1:45304", "error": "no sql rows", "grpc.code": "Unknown", "grpc.time_ms": 0.49}
github.com/grpc-ecosystem/go-grpc-middleware/logging/zap.DefaultMessageProducer
	/home/gopher/mod-cache/github.com/grpc-ecosystem/go-grpc-middleware@v1.4.0/logging/zap/options.go:212
github.com/grpc-ecosystem/go-grpc-middleware/logging/zap.UnaryServerInterceptor.func1
	/home/gopher/mod-cache/github.com/grpc-ecosystem/go-grpc-middleware@v1.4.0/logging/zap/server_interceptors.go:39
media-service/internal/app.NewApp.ChainUnaryServer.func5.1
	/home/gopher/mod-cache/github.com/grpc-ecosystem/go-grpc-middleware@v1.4.0/chain.go:48
github.com/grpc-ecosystem/go-grpc-middleware/tags.UnaryServerInterceptor.func1
	/home/gopher/mod-cache/github.com/grpc-ecosystem/go-grpc-middleware@v1.4.0/tags/interceptors.go:23
media-service/internal/app.NewApp.ChainUnaryServer.func5
	/home/gopher/mod-cache/github.com/grpc-ecosystem/go-grpc-middleware@v1.4.0/chain.go:53
media-service/internal/app.NewApp.UnaryInterceptor.func7.1.1
	/home/gopher/projects/go/src/clothes/media-service/internal/delivery/grpc/server/midleware.go:16
media-service/internal/app.NewApp.UnaryInterceptor.func7
	/home/gopher/projects/go/src/clothes/media-service/internal/delivery/grpc/server/midleware.go:23
media-service/genproto/media_service._MediaService_Delete_Handler
	/home/gopher/projects/go/src/clothes/media-service/genproto/media_service/media_service.pb.go:173
google.golang.org/grpc.(*Server).processUnaryRPC
	/home/gopher/mod-cache/google.golang.org/grpc@v1.63.2/server.go:1369
google.golang.org/grpc.(*Server).handleStream
	/home/gopher/mod-cache/google.golang.org/grpc@v1.63.2/server.go:1780
google.golang.org/grpc.(*Server).serveStreams.func2.1
	/home/gopher/mod-cache/google.golang.org/grpc@v1.63.2/server.go:1019
2024-05-08T12:48:16.053+0500	INFO	zap/options.go:212	finished unary call with code OK	{"grpc.start_time": "2024-05-08T12:48:16+05:00", "grpc.request.deadline": "2024-05-08T12:48:23+05:00", "system": "grpc", "span.kind": "server", "grpc.service": "media_service.MediaService", "grpc.method": "Get", "peer.address": "127.0.0.1:45304", "grpc.code": "OK", "grpc.time_ms": 0.328}
2024-05-08T12:49:06.618+0500	INFO	zap/options.go:212	finished unary call with code OK	{"grpc.start_time": "2024-05-08T12:49:06+05:00", "grpc.request.deadline": "2024-05-08T12:49:13+05:00", "system": "grpc", "span.kind": "server", "grpc.service": "media_service.MediaService", "grpc.method": "Get", "peer.address": "127.0.0.1:52396", "grpc.code": "OK", "grpc.time_ms": 0.372}
2024-05-08T12:49:27.956+0500	INFO	zap/options.go:212	finished unary call with code OK	{"grpc.start_time": "2024-05-08T12:49:27+05:00", "grpc.request.deadline": "2024-05-08T12:49:34+05:00", "system": "grpc", "span.kind": "server", "grpc.service": "media_service.MediaService", "grpc.method": "Get", "peer.address": "127.0.0.1:36426", "grpc.code": "OK", "grpc.time_ms": 0.429}
2024-05-08T18:21:54.086+0500	INFO	app/app.go:106	gRPC Server Listening	{"url": ":2222"}
2024-05-23T19:23:32.578+0500	INFO	app/app.go:106	gRPC Server Listening	{"url": ":2222"}
2024-05-23T19:23:42.243+0500	INFO	zap/options.go:212	finished unary call with code OK	{"grpc.start_time": "2024-05-23T19:23:42+05:00", "grpc.request.deadline": "2024-05-23T19:24:10+05:00", "system": "grpc", "span.kind": "server", "grpc.service": "media_service.MediaService", "grpc.method": "Create", "peer.address": "127.0.0.1:47162", "grpc.code": "OK", "grpc.time_ms": 5.245}
2024-05-23T19:24:00.099+0500	INFO	zap/options.go:212	finished unary call with code OK	{"grpc.start_time": "2024-05-23T19:24:00+05:00", "grpc.request.deadline": "2024-05-23T19:24:07+05:00", "system": "grpc", "span.kind": "server", "grpc.service": "media_service.MediaService", "grpc.method": "Get", "peer.address": "127.0.0.1:47162", "grpc.code": "OK", "grpc.time_ms": 0.882}
2024-05-23T19:27:42.782+0500	INFO	zap/options.go:212	finished unary call with code OK	{"grpc.start_time": "2024-05-23T19:27:42+05:00", "grpc.request.deadline": "2024-05-23T19:27:49+05:00", "system": "grpc", "span.kind": "server", "grpc.service": "media_service.MediaService", "grpc.method": "Get", "peer.address": "127.0.0.1:37754", "grpc.code": "OK", "grpc.time_ms": 0.348}
2024-05-23T19:28:52.143+0500	INFO	zap/options.go:212	finished unary call with code OK	{"grpc.start_time": "2024-05-23T19:28:52+05:00", "grpc.request.deadline": "2024-05-23T19:29:20+05:00", "system": "grpc", "span.kind": "server", "grpc.service": "media_service.MediaService", "grpc.method": "Create", "peer.address": "127.0.0.1:40270", "grpc.code": "OK", "grpc.time_ms": 2.265}
2024-05-23T19:28:55.558+0500	INFO	zap/options.go:212	finished unary call with code OK	{"grpc.start_time": "2024-05-23T19:28:55+05:00", "grpc.request.deadline": "2024-05-23T19:29:02+05:00", "system": "grpc", "span.kind": "server", "grpc.service": "media_service.MediaService", "grpc.method": "Get", "peer.address": "127.0.0.1:40270", "grpc.code": "OK", "grpc.time_ms": 0.517}
2024-05-23T19:30:01.979+0500	INFO	zap/options.go:212	finished unary call with code OK	{"grpc.start_time": "2024-05-23T19:30:01+05:00", "grpc.request.deadline": "2024-05-23T19:30:08+05:00", "system": "grpc", "span.kind": "server", "grpc.service": "media_service.MediaService", "grpc.method": "Delete", "peer.address": "127.0.0.1:40270", "grpc.code": "OK", "grpc.time_ms": 1.256}
2024-05-23T19:31:24.448+0500	ERROR	service/media.go:106	error	{"error": "no sql rows"}
media-service/internal/delivery/grpc/service.mediaRPC.Delete
	/home/gopher/projects/go/src/clothes/media-service/internal/delivery/grpc/service/media.go:106
media-service/genproto/media_service._MediaService_Delete_Handler.func1
	/home/gopher/projects/go/src/clothes/media-service/genproto/media_service/media_service.pb.go:171
media-service/internal/app.NewApp.UnaryInterceptorData.func6
	/home/gopher/projects/go/src/clothes/media-service/internal/delivery/grpc/server/midleware.go:34
media-service/internal/app.NewApp.UnaryInterceptor.func7.1.1
	/home/gopher/projects/go/src/clothes/media-service/internal/delivery/grpc/server/midleware.go:16
github.com/grpc-ecosystem/go-grpc-middleware/recovery.UnaryServerInterceptor.func1
	/home/gopher/mod-cache/github.com/grpc-ecosystem/go-grpc-middleware@v1.4.0/recovery/interceptors.go:33
media-service/internal/app.NewApp.ChainUnaryServer.func5.1
	/home/gopher/mod-cache/github.com/grpc-ecosystem/go-grpc-middleware@v1.4.0/chain.go:48
github.com/grpc-ecosystem/go-grpc-middleware/logging/zap.UnaryServerInterceptor.func1
	/home/gopher/mod-cache/github.com/grpc-ecosystem/go-grpc-middleware@v1.4.0/logging/zap/server_interceptors.go:31
media-service/internal/app.NewApp.ChainUnaryServer.func5.1
	/home/gopher/mod-cache/github.com/grpc-ecosystem/go-grpc-middleware@v1.4.0/chain.go:48
github.com/grpc-ecosystem/go-grpc-middleware/tags.UnaryServerInterceptor.func1
	/home/gopher/mod-cache/github.com/grpc-ecosystem/go-grpc-middleware@v1.4.0/tags/interceptors.go:23
media-service/internal/app.NewApp.ChainUnaryServer.func5
	/home/gopher/mod-cache/github.com/grpc-ecosystem/go-grpc-middleware@v1.4.0/chain.go:53
media-service/internal/app.NewApp.UnaryInterceptor.func7.1.1
	/home/gopher/projects/go/src/clothes/media-service/internal/delivery/grpc/server/midleware.go:16
media-service/internal/app.NewApp.UnaryInterceptor.func7
	/home/gopher/projects/go/src/clothes/media-service/internal/delivery/grpc/server/midleware.go:23
media-service/genproto/media_service._MediaService_Delete_Handler
	/home/gopher/projects/go/src/clothes/media-service/genproto/media_service/media_service.pb.go:173
google.golang.org/grpc.(*Server).processUnaryRPC
	/home/gopher/mod-cache/google.golang.org/grpc@v1.63.2/server.go:1369
google.golang.org/grpc.(*Server).handleStream
	/home/gopher/mod-cache/google.golang.org/grpc@v1.63.2/server.go:1780
google.golang.org/grpc.(*Server).serveStreams.func2.1
	/home/gopher/mod-cache/google.golang.org/grpc@v1.63.2/server.go:1019
2024-05-23T19:31:24.448+0500	ERROR	zap/options.go:212	finished unary call with code Unknown	{"grpc.start_time": "2024-05-23T19:31:24+05:00", "grpc.request.deadline": "2024-05-23T19:31:31+05:00", "system": "grpc", "span.kind": "server", "grpc.service": "media_service.MediaService", "grpc.method": "Delete", "peer.address": "127.0.0.1:42306", "error": "no sql rows", "grpc.code": "Unknown", "grpc.time_ms": 0.461}
github.com/grpc-ecosystem/go-grpc-middleware/logging/zap.DefaultMessageProducer
	/home/gopher/mod-cache/github.com/grpc-ecosystem/go-grpc-middleware@v1.4.0/logging/zap/options.go:212
github.com/grpc-ecosystem/go-grpc-middleware/logging/zap.UnaryServerInterceptor.func1
	/home/gopher/mod-cache/github.com/grpc-ecosystem/go-grpc-middleware@v1.4.0/logging/zap/server_interceptors.go:39
media-service/internal/app.NewApp.ChainUnaryServer.func5.1
	/home/gopher/mod-cache/github.com/grpc-ecosystem/go-grpc-middleware@v1.4.0/chain.go:48
github.com/grpc-ecosystem/go-grpc-middleware/tags.UnaryServerInterceptor.func1
	/home/gopher/mod-cache/github.com/grpc-ecosystem/go-grpc-middleware@v1.4.0/tags/interceptors.go:23
media-service/internal/app.NewApp.ChainUnaryServer.func5
	/home/gopher/mod-cache/github.com/grpc-ecosystem/go-grpc-middleware@v1.4.0/chain.go:53
media-service/internal/app.NewApp.UnaryInterceptor.func7.1.1
	/home/gopher/projects/go/src/clothes/media-service/internal/delivery/grpc/server/midleware.go:16
media-service/internal/app.NewApp.UnaryInterceptor.func7
	/home/gopher/projects/go/src/clothes/media-service/internal/delivery/grpc/server/midleware.go:23
media-service/genproto/media_service._MediaService_Delete_Handler
	/home/gopher/projects/go/src/clothes/media-service/genproto/media_service/media_service.pb.go:173
google.golang.org/grpc.(*Server).processUnaryRPC
	/home/gopher/mod-cache/google.golang.org/grpc@v1.63.2/server.go:1369
google.golang.org/grpc.(*Server).handleStream
	/home/gopher/mod-cache/google.golang.org/grpc@v1.63.2/server.go:1780
google.golang.org/grpc.(*Server).serveStreams.func2.1
	/home/gopher/mod-cache/google.golang.org/grpc@v1.63.2/server.go:1019
2024-05-23T19:31:59.784+0500	INFO	zap/options.go:212	finished unary call with code OK	{"grpc.start_time": "2024-05-23T19:31:59+05:00", "grpc.request.deadline": "2024-05-23T19:32:06+05:00", "system": "grpc", "span.kind": "server", "grpc.service": "media_service.MediaService", "grpc.method": "Delete", "peer.address": "127.0.0.1:42306", "grpc.code": "OK", "grpc.time_ms": 2.119}
2024-05-23T19:32:01.358+0500	ERROR	service/media.go:106	error	{"error": "no sql rows"}
media-service/internal/delivery/grpc/service.mediaRPC.Delete
	/home/gopher/projects/go/src/clothes/media-service/internal/delivery/grpc/service/media.go:106
media-service/genproto/media_service._MediaService_Delete_Handler.func1
	/home/gopher/projects/go/src/clothes/media-service/genproto/media_service/media_service.pb.go:171
media-service/internal/app.NewApp.UnaryInterceptorData.func6
	/home/gopher/projects/go/src/clothes/media-service/internal/delivery/grpc/server/midleware.go:34
media-service/internal/app.NewApp.UnaryInterceptor.func7.1.1
	/home/gopher/projects/go/src/clothes/media-service/internal/delivery/grpc/server/midleware.go:16
github.com/grpc-ecosystem/go-grpc-middleware/recovery.UnaryServerInterceptor.func1
	/home/gopher/mod-cache/github.com/grpc-ecosystem/go-grpc-middleware@v1.4.0/recovery/interceptors.go:33
media-service/internal/app.NewApp.ChainUnaryServer.func5.1
	/home/gopher/mod-cache/github.com/grpc-ecosystem/go-grpc-middleware@v1.4.0/chain.go:48
github.com/grpc-ecosystem/go-grpc-middleware/logging/zap.UnaryServerInterceptor.func1
	/home/gopher/mod-cache/github.com/grpc-ecosystem/go-grpc-middleware@v1.4.0/logging/zap/server_interceptors.go:31
media-service/internal/app.NewApp.ChainUnaryServer.func5.1
	/home/gopher/mod-cache/github.com/grpc-ecosystem/go-grpc-middleware@v1.4.0/chain.go:48
github.com/grpc-ecosystem/go-grpc-middleware/tags.UnaryServerInterceptor.func1
	/home/gopher/mod-cache/github.com/grpc-ecosystem/go-grpc-middleware@v1.4.0/tags/interceptors.go:23
media-service/internal/app.NewApp.ChainUnaryServer.func5
	/home/gopher/mod-cache/github.com/grpc-ecosystem/go-grpc-middleware@v1.4.0/chain.go:53
media-service/internal/app.NewApp.UnaryInterceptor.func7.1.1
	/home/gopher/projects/go/src/clothes/media-service/internal/delivery/grpc/server/midleware.go:16
media-service/internal/app.NewApp.UnaryInterceptor.func7
	/home/gopher/projects/go/src/clothes/media-service/internal/delivery/grpc/server/midleware.go:23
media-service/genproto/media_service._MediaService_Delete_Handler
	/home/gopher/projects/go/src/clothes/media-service/genproto/media_service/media_service.pb.go:173
google.golang.org/grpc.(*Server).processUnaryRPC
	/home/gopher/mod-cache/google.golang.org/grpc@v1.63.2/server.go:1369
google.golang.org/grpc.(*Server).handleStream
	/home/gopher/mod-cache/google.golang.org/grpc@v1.63.2/server.go:1780
google.golang.org/grpc.(*Server).serveStreams.func2.1
	/home/gopher/mod-cache/google.golang.org/grpc@v1.63.2/server.go:1019
2024-05-23T19:32:01.359+0500	ERROR	zap/options.go:212	finished unary call with code Unknown	{"grpc.start_time": "2024-05-23T19:32:01+05:00", "grpc.request.deadline": "2024-05-23T19:32:08+05:00", "system": "grpc", "span.kind": "server", "grpc.service": "media_service.MediaService", "grpc.method": "Delete", "peer.address": "127.0.0.1:42306", "error": "no sql rows", "grpc.code": "Unknown", "grpc.time_ms": 0.761}
github.com/grpc-ecosystem/go-grpc-middleware/logging/zap.DefaultMessageProducer
	/home/gopher/mod-cache/github.com/grpc-ecosystem/go-grpc-middleware@v1.4.0/logging/zap/options.go:212
github.com/grpc-ecosystem/go-grpc-middleware/logging/zap.UnaryServerInterceptor.func1
	/home/gopher/mod-cache/github.com/grpc-ecosystem/go-grpc-middleware@v1.4.0/logging/zap/server_interceptors.go:39
media-service/internal/app.NewApp.ChainUnaryServer.func5.1
	/home/gopher/mod-cache/github.com/grpc-ecosystem/go-grpc-middleware@v1.4.0/chain.go:48
github.com/grpc-ecosystem/go-grpc-middleware/tags.UnaryServerInterceptor.func1
	/home/gopher/mod-cache/github.com/grpc-ecosystem/go-grpc-middleware@v1.4.0/tags/interceptors.go:23
media-service/internal/app.NewApp.ChainUnaryServer.func5
	/home/gopher/mod-cache/github.com/grpc-ecosystem/go-grpc-middleware@v1.4.0/chain.go:53
media-service/internal/app.NewApp.UnaryInterceptor.func7.1.1
	/home/gopher/projects/go/src/clothes/media-service/internal/delivery/grpc/server/midleware.go:16
media-service/internal/app.NewApp.UnaryInterceptor.func7
	/home/gopher/projects/go/src/clothes/media-service/internal/delivery/grpc/server/midleware.go:23
media-service/genproto/media_service._MediaService_Delete_Handler
	/home/gopher/projects/go/src/clothes/media-service/genproto/media_service/media_service.pb.go:173
google.golang.org/grpc.(*Server).processUnaryRPC
	/home/gopher/mod-cache/google.golang.org/grpc@v1.63.2/server.go:1369
google.golang.org/grpc.(*Server).handleStream
	/home/gopher/mod-cache/google.golang.org/grpc@v1.63.2/server.go:1780
google.golang.org/grpc.(*Server).serveStreams.func2.1
	/home/gopher/mod-cache/google.golang.org/grpc@v1.63.2/server.go:1019
2024-05-23T19:32:05.847+0500	INFO	zap/options.go:212	finished unary call with code OK	{"grpc.start_time": "2024-05-23T19:32:05+05:00", "grpc.request.deadline": "2024-05-23T19:32:12+05:00", "system": "grpc", "span.kind": "server", "grpc.service": "media_service.MediaService", "grpc.method": "Get", "peer.address": "127.0.0.1:42306", "grpc.code": "OK", "grpc.time_ms": 0.402}
2024-05-23T21:24:18.523+0500	INFO	app/app.go:106	gRPC Server Listening	{"url": ":2222"}
2024-05-23T21:27:52.191+0500	INFO	zap/options.go:212	finished unary call with code OK	{"grpc.start_time": "2024-05-23T21:27:52+05:00", "grpc.request.deadline": "2024-05-23T21:28:20+05:00", "system": "grpc", "span.kind": "server", "grpc.service": "media_service.MediaService", "grpc.method": "Create", "peer.address": "127.0.0.1:57916", "grpc.code": "OK", "grpc.time_ms": 4.924}
2024-05-23T21:28:03.529+0500	INFO	zap/options.go:212	finished unary call with code OK	{"grpc.start_time": "2024-05-23T21:28:03+05:00", "grpc.request.deadline": "2024-05-23T21:28:33+05:00", "system": "grpc", "span.kind": "server", "grpc.service": "media_service.MediaService", "grpc.method": "Get", "peer.address": "127.0.0.1:57916", "grpc.code": "OK", "grpc.time_ms": 0.643}
2024-05-23T21:28:15.035+0500	INFO	zap/options.go:212	finished unary call with code OK	{"grpc.start_time": "2024-05-23T21:28:15+05:00", "grpc.request.deadline": "2024-05-23T21:28:45+05:00", "system": "grpc", "span.kind": "server", "grpc.service": "media_service.MediaService", "grpc.method": "Get", "peer.address": "127.0.0.1:57916", "grpc.code": "OK", "grpc.time_ms": 0.267}
2024-05-23T21:28:47.141+0500	INFO	zap/options.go:212	finished unary call with code OK	{"grpc.start_time": "2024-05-23T21:28:47+05:00", "grpc.request.deadline": "2024-05-23T21:29:17+05:00", "system": "grpc", "span.kind": "server", "grpc.service": "media_service.MediaService", "grpc.method": "Get", "peer.address": "127.0.0.1:57916", "grpc.code": "OK", "grpc.time_ms": 0.276}
2024-05-23T21:29:24.704+0500	INFO	zap/options.go:212	finished unary call with code OK	{"grpc.start_time": "2024-05-23T21:29:24+05:00", "grpc.request.deadline": "2024-05-23T21:29:54+05:00", "system": "grpc", "span.kind": "server", "grpc.service": "media_service.MediaService", "grpc.method": "Get", "peer.address": "127.0.0.1:57916", "grpc.code": "OK", "grpc.time_ms": 0.313}
2024-05-23T21:47:00.340+0500	INFO	zap/options.go:212	finished unary call with code OK	{"grpc.start_time": "2024-05-23T21:47:00+05:00", "grpc.request.deadline": "2024-05-23T21:47:30+05:00", "system": "grpc", "span.kind": "server", "grpc.service": "media_service.MediaService", "grpc.method": "Get", "peer.address": "127.0.0.1:59082", "grpc.code": "OK", "grpc.time_ms": 0.294}
