2024-05-03T21:27:57.628+0500	INFO	app/app.go:96	gRPC Server Listening	{"url": ":1111"}
2024-05-03T21:30:18.596+0500	INFO	app/main.go:36	Conten service stops !
2024-05-03T21:30:29.733+0500	INFO	app/app.go:96	gRPC Server Listening	{"url": ":1111"}
2024-05-03T21:30:38.201+0500	ERROR	services/user.go:133	ERROR: invalid input syntax for type uuid: "" (SQLSTATE 22P02)
user-service/internal/delivery/grpc/services.userRPC.GetUser
	/home/gopher/projects/go/src/clothes/user-service/internal/delivery/grpc/services/user.go:133
user-service/genproto/user_service._UserService_GetUser_Handler.func1
	/home/gopher/projects/go/src/clothes/user-service/genproto/user_service/user_service.pb.go:230
user-service/internal/app.NewApp.UnaryInterceptorData.func6
	/home/gopher/projects/go/src/clothes/user-service/internal/delivery/grpc/server/middleware.go:34
user-service/internal/app.NewApp.UnaryInterceptor.func7.1.1
	/home/gopher/projects/go/src/clothes/user-service/internal/delivery/grpc/server/middleware.go:16
github.com/grpc-ecosystem/go-grpc-middleware/recovery.UnaryServerInterceptor.func1
	/home/gopher/mod-cache/github.com/grpc-ecosystem/go-grpc-middleware@v1.4.0/recovery/interceptors.go:33
user-service/internal/app.NewApp.ChainUnaryServer.func5.1
	/home/gopher/mod-cache/github.com/grpc-ecosystem/go-grpc-middleware@v1.4.0/chain.go:48
github.com/grpc-ecosystem/go-grpc-middleware/logging/zap.UnaryServerInterceptor.func1
	/home/gopher/mod-cache/github.com/grpc-ecosystem/go-grpc-middleware@v1.4.0/logging/zap/server_interceptors.go:31
user-service/internal/app.NewApp.ChainUnaryServer.func5.1
	/home/gopher/mod-cache/github.com/grpc-ecosystem/go-grpc-middleware@v1.4.0/chain.go:48
github.com/grpc-ecosystem/go-grpc-middleware/tags.UnaryServerInterceptor.func1
	/home/gopher/mod-cache/github.com/grpc-ecosystem/go-grpc-middleware@v1.4.0/tags/interceptors.go:23
user-service/internal/app.NewApp.ChainUnaryServer.func5
	/home/gopher/mod-cache/github.com/grpc-ecosystem/go-grpc-middleware@v1.4.0/chain.go:53
user-service/internal/app.NewApp.UnaryInterceptor.func7.1.1
	/home/gopher/projects/go/src/clothes/user-service/internal/delivery/grpc/server/middleware.go:16
user-service/internal/app.NewApp.UnaryInterceptor.func7
	/home/gopher/projects/go/src/clothes/user-service/internal/delivery/grpc/server/middleware.go:23
user-service/genproto/user_service._UserService_GetUser_Handler
	/home/gopher/projects/go/src/clothes/user-service/genproto/user_service/user_service.pb.go:232
google.golang.org/grpc.(*Server).processUnaryRPC
	/home/gopher/mod-cache/google.golang.org/grpc@v1.63.2/server.go:1369
google.golang.org/grpc.(*Server).handleStream
	/home/gopher/mod-cache/google.golang.org/grpc@v1.63.2/server.go:1780
google.golang.org/grpc.(*Server).serveStreams.func2.1
	/home/gopher/mod-cache/google.golang.org/grpc@v1.63.2/server.go:1019
2024-05-03T21:30:38.201+0500	ERROR	zap/options.go:212	finished unary call with code Unknown	{"grpc.start_time": "2024-05-03T21:30:38+05:00", "system": "grpc", "span.kind": "server", "grpc.service": "user_service.UserService", "grpc.method": "GetUser", "peer.address": "127.0.0.1:40440", "error": "ERROR: invalid input syntax for type uuid: \"\" (SQLSTATE 22P02)", "grpc.code": "Unknown", "grpc.time_ms": 4.065}
github.com/grpc-ecosystem/go-grpc-middleware/logging/zap.DefaultMessageProducer
	/home/gopher/mod-cache/github.com/grpc-ecosystem/go-grpc-middleware@v1.4.0/logging/zap/options.go:212
github.com/grpc-ecosystem/go-grpc-middleware/logging/zap.UnaryServerInterceptor.func1
	/home/gopher/mod-cache/github.com/grpc-ecosystem/go-grpc-middleware@v1.4.0/logging/zap/server_interceptors.go:39
user-service/internal/app.NewApp.ChainUnaryServer.func5.1
	/home/gopher/mod-cache/github.com/grpc-ecosystem/go-grpc-middleware@v1.4.0/chain.go:48
github.com/grpc-ecosystem/go-grpc-middleware/tags.UnaryServerInterceptor.func1
	/home/gopher/mod-cache/github.com/grpc-ecosystem/go-grpc-middleware@v1.4.0/tags/interceptors.go:23
user-service/internal/app.NewApp.ChainUnaryServer.func5
	/home/gopher/mod-cache/github.com/grpc-ecosystem/go-grpc-middleware@v1.4.0/chain.go:53
user-service/internal/app.NewApp.UnaryInterceptor.func7.1.1
	/home/gopher/projects/go/src/clothes/user-service/internal/delivery/grpc/server/middleware.go:16
user-service/internal/app.NewApp.UnaryInterceptor.func7
	/home/gopher/projects/go/src/clothes/user-service/internal/delivery/grpc/server/middleware.go:23
user-service/genproto/user_service._UserService_GetUser_Handler
	/home/gopher/projects/go/src/clothes/user-service/genproto/user_service/user_service.pb.go:232
google.golang.org/grpc.(*Server).processUnaryRPC
	/home/gopher/mod-cache/google.golang.org/grpc@v1.63.2/server.go:1369
google.golang.org/grpc.(*Server).handleStream
	/home/gopher/mod-cache/google.golang.org/grpc@v1.63.2/server.go:1780
google.golang.org/grpc.(*Server).serveStreams.func2.1
	/home/gopher/mod-cache/google.golang.org/grpc@v1.63.2/server.go:1019
2024-05-03T21:30:45.758+0500	ERROR	services/user.go:133	object not found
user-service/internal/delivery/grpc/services.userRPC.GetUser
	/home/gopher/projects/go/src/clothes/user-service/internal/delivery/grpc/services/user.go:133
user-service/genproto/user_service._UserService_GetUser_Handler.func1
	/home/gopher/projects/go/src/clothes/user-service/genproto/user_service/user_service.pb.go:230
user-service/internal/app.NewApp.UnaryInterceptorData.func6
	/home/gopher/projects/go/src/clothes/user-service/internal/delivery/grpc/server/middleware.go:34
user-service/internal/app.NewApp.UnaryInterceptor.func7.1.1
	/home/gopher/projects/go/src/clothes/user-service/internal/delivery/grpc/server/middleware.go:16
github.com/grpc-ecosystem/go-grpc-middleware/recovery.UnaryServerInterceptor.func1
	/home/gopher/mod-cache/github.com/grpc-ecosystem/go-grpc-middleware@v1.4.0/recovery/interceptors.go:33
user-service/internal/app.NewApp.ChainUnaryServer.func5.1
	/home/gopher/mod-cache/github.com/grpc-ecosystem/go-grpc-middleware@v1.4.0/chain.go:48
github.com/grpc-ecosystem/go-grpc-middleware/logging/zap.UnaryServerInterceptor.func1
	/home/gopher/mod-cache/github.com/grpc-ecosystem/go-grpc-middleware@v1.4.0/logging/zap/server_interceptors.go:31
user-service/internal/app.NewApp.ChainUnaryServer.func5.1
	/home/gopher/mod-cache/github.com/grpc-ecosystem/go-grpc-middleware@v1.4.0/chain.go:48
github.com/grpc-ecosystem/go-grpc-middleware/tags.UnaryServerInterceptor.func1
	/home/gopher/mod-cache/github.com/grpc-ecosystem/go-grpc-middleware@v1.4.0/tags/interceptors.go:23
user-service/internal/app.NewApp.ChainUnaryServer.func5
	/home/gopher/mod-cache/github.com/grpc-ecosystem/go-grpc-middleware@v1.4.0/chain.go:53
user-service/internal/app.NewApp.UnaryInterceptor.func7.1.1
	/home/gopher/projects/go/src/clothes/user-service/internal/delivery/grpc/server/middleware.go:16
user-service/internal/app.NewApp.UnaryInterceptor.func7
	/home/gopher/projects/go/src/clothes/user-service/internal/delivery/grpc/server/middleware.go:23
user-service/genproto/user_service._UserService_GetUser_Handler
	/home/gopher/projects/go/src/clothes/user-service/genproto/user_service/user_service.pb.go:232
google.golang.org/grpc.(*Server).processUnaryRPC
	/home/gopher/mod-cache/google.golang.org/grpc@v1.63.2/server.go:1369
google.golang.org/grpc.(*Server).handleStream
	/home/gopher/mod-cache/google.golang.org/grpc@v1.63.2/server.go:1780
google.golang.org/grpc.(*Server).serveStreams.func2.1
	/home/gopher/mod-cache/google.golang.org/grpc@v1.63.2/server.go:1019
2024-05-03T21:30:45.759+0500	ERROR	zap/options.go:212	finished unary call with code Unknown	{"grpc.start_time": "2024-05-03T21:30:45+05:00", "system": "grpc", "span.kind": "server", "grpc.service": "user_service.UserService", "grpc.method": "GetUser", "peer.address": "127.0.0.1:35184", "error": "object not found", "grpc.code": "Unknown", "grpc.time_ms": 3.446}
github.com/grpc-ecosystem/go-grpc-middleware/logging/zap.DefaultMessageProducer
	/home/gopher/mod-cache/github.com/grpc-ecosystem/go-grpc-middleware@v1.4.0/logging/zap/options.go:212
github.com/grpc-ecosystem/go-grpc-middleware/logging/zap.UnaryServerInterceptor.func1
	/home/gopher/mod-cache/github.com/grpc-ecosystem/go-grpc-middleware@v1.4.0/logging/zap/server_interceptors.go:39
user-service/internal/app.NewApp.ChainUnaryServer.func5.1
	/home/gopher/mod-cache/github.com/grpc-ecosystem/go-grpc-middleware@v1.4.0/chain.go:48
github.com/grpc-ecosystem/go-grpc-middleware/tags.UnaryServerInterceptor.func1
	/home/gopher/mod-cache/github.com/grpc-ecosystem/go-grpc-middleware@v1.4.0/tags/interceptors.go:23
user-service/internal/app.NewApp.ChainUnaryServer.func5
	/home/gopher/mod-cache/github.com/grpc-ecosystem/go-grpc-middleware@v1.4.0/chain.go:53
user-service/internal/app.NewApp.UnaryInterceptor.func7.1.1
	/home/gopher/projects/go/src/clothes/user-service/internal/delivery/grpc/server/middleware.go:16
user-service/internal/app.NewApp.UnaryInterceptor.func7
	/home/gopher/projects/go/src/clothes/user-service/internal/delivery/grpc/server/middleware.go:23
user-service/genproto/user_service._UserService_GetUser_Handler
	/home/gopher/projects/go/src/clothes/user-service/genproto/user_service/user_service.pb.go:232
google.golang.org/grpc.(*Server).processUnaryRPC
	/home/gopher/mod-cache/google.golang.org/grpc@v1.63.2/server.go:1369
google.golang.org/grpc.(*Server).handleStream
	/home/gopher/mod-cache/google.golang.org/grpc@v1.63.2/server.go:1780
google.golang.org/grpc.(*Server).serveStreams.func2.1
	/home/gopher/mod-cache/google.golang.org/grpc@v1.63.2/server.go:1019
2024-05-03T21:33:16.645+0500	INFO	zap/options.go:212	finished unary call with code OK	{"grpc.start_time": "2024-05-03T21:33:16+05:00", "system": "grpc", "span.kind": "server", "grpc.service": "user_service.UserService", "grpc.method": "GetUser", "peer.address": "127.0.0.1:50582", "grpc.code": "OK", "grpc.time_ms": 1.139}
2024-05-03T21:33:28.493+0500	INFO	app/main.go:36	Conten service stops !
2024-05-03T21:33:31.675+0500	INFO	app/app.go:96	gRPC Server Listening	{"url": ":1111"}
2024-05-03T21:33:33.200+0500	INFO	zap/options.go:212	finished unary call with code OK	{"grpc.start_time": "2024-05-03T21:33:33+05:00", "system": "grpc", "span.kind": "server", "grpc.service": "user_service.UserService", "grpc.method": "GetUser", "peer.address": "127.0.0.1:40380", "grpc.code": "OK", "grpc.time_ms": 1.35}
2024-05-03T21:34:25.699+0500	INFO	zap/options.go:212	finished unary call with code OK	{"grpc.start_time": "2024-05-03T21:34:25+05:00", "system": "grpc", "span.kind": "server", "grpc.service": "user_service.UserService", "grpc.method": "GetUser", "peer.address": "127.0.0.1:49258", "grpc.code": "OK", "grpc.time_ms": 0.595}
2024-05-03T21:38:08.945+0500	INFO	zap/options.go:212	finished unary call with code OK	{"grpc.start_time": "2024-05-03T21:38:08+05:00", "system": "grpc", "span.kind": "server", "grpc.service": "user_service.UserService", "grpc.method": "GetUser", "peer.address": "127.0.0.1:60702", "grpc.code": "OK", "grpc.time_ms": 0.403}
2024-05-03T21:38:09.916+0500	INFO	zap/options.go:212	finished unary call with code OK	{"grpc.start_time": "2024-05-03T21:38:09+05:00", "system": "grpc", "span.kind": "server", "grpc.service": "user_service.UserService", "grpc.method": "GetUser", "peer.address": "127.0.0.1:60704", "grpc.code": "OK", "grpc.time_ms": 0.944}
2024-05-03T21:38:10.259+0500	INFO	zap/options.go:212	finished unary call with code OK	{"grpc.start_time": "2024-05-03T21:38:10+05:00", "system": "grpc", "span.kind": "server", "grpc.service": "user_service.UserService", "grpc.method": "GetUser", "peer.address": "127.0.0.1:60712", "grpc.code": "OK", "grpc.time_ms": 1.412}
2024-05-03T21:38:10.677+0500	INFO	zap/options.go:212	finished unary call with code OK	{"grpc.start_time": "2024-05-03T21:38:10+05:00", "system": "grpc", "span.kind": "server", "grpc.service": "user_service.UserService", "grpc.method": "GetUser", "peer.address": "127.0.0.1:60722", "grpc.code": "OK", "grpc.time_ms": 1.478}
2024-05-03T21:38:29.441+0500	INFO	app/main.go:36	Conten service stops !
2024-05-03T21:42:21.290+0500	INFO	app/app.go:96	gRPC Server Listening	{"url": ":1111"}
2024-05-03T21:42:21.957+0500	INFO	app/main.go:36	Conten service stops !
